[ 2017-05-13T03:47:04+08:00 ] 123.56.233.103 /
INFO: [ app_init ] --START--
INFO: Run Behavior\BuildLiteBehavior [ RunTime:0.000014s ]
INFO: [ app_init ] --END-- [ RunTime:0.000098s ]
INFO: [ app_begin ] --START--
INFO: Run Behavior\ReadHtmlCacheBehavior [ RunTime:0.000038s ]
INFO: [ app_begin ] --END-- [ RunTime:0.000086s ]

[ 2017-05-13T08:11:39+08:00 ] 139.162.108.53 /
INFO: [ app_init ] --START--
INFO: Run Behavior\BuildLiteBehavior [ RunTime:0.000014s ]
INFO: [ app_init ] --END-- [ RunTime:0.000093s ]
INFO: [ app_begin ] --START--
INFO: Run Behavior\ReadHtmlCacheBehavior [ RunTime:0.000039s ]
INFO: [ app_begin ] --END-- [ RunTime:0.000086s ]

[ 2017-05-13T08:41:07+08:00 ] 45.32.115.25 /
INFO: [ app_init ] --START--
INFO: Run Behavior\BuildLiteBehavior [ RunTime:0.000013s ]
INFO: [ app_init ] --END-- [ RunTime:0.000092s ]
INFO: [ app_begin ] --START--
INFO: Run Behavior\ReadHtmlCacheBehavior [ RunTime:0.000038s ]
INFO: [ app_begin ] --END-- [ RunTime:0.000083s ]

[ 2017-05-13T10:07:06+08:00 ] 149.56.144.220 /
INFO: [ app_init ] --START--
INFO: Run Behavior\BuildLiteBehavior [ RunTime:0.000014s ]
INFO: [ app_init ] --END-- [ RunTime:0.000093s ]
INFO: [ app_begin ] --START--
INFO: Run Behavior\ReadHtmlCacheBehavior [ RunTime:0.000039s ]
INFO: [ app_begin ] --END-- [ RunTime:0.000084s ]

[ 2017-05-13T10:33:12+08:00 ] 115.195.152.174 /index.php/Home/login/login.html
INFO: [ app_init ] --START--
INFO: Run Behavior\BuildLiteBehavior [ RunTime:0.000013s ]
INFO: [ app_init ] --END-- [ RunTime:0.000094s ]
INFO: [ app_begin ] --START--
INFO: Run Behavior\ReadHtmlCacheBehavior [ RunTime:0.000040s ]
INFO: [ app_begin ] --END-- [ RunTime:0.000088s ]
INFO: [ view_parse ] --START--
INFO: [ template_filter ] --START--
INFO: Run Behavior\ContentReplaceBehavior [ RunTime:0.000038s ]
INFO: [ template_filter ] --END-- [ RunTime:0.000087s ]
INFO: Run Behavior\ParseTemplateBehavior [ RunTime:0.001171s ]
INFO: [ view_parse ] --END-- [ RunTime:0.001223s ]
INFO: [ view_filter ] --START--
INFO: Run Behavior\WriteHtmlCacheBehavior [ RunTime:0.000041s ]
INFO: [ view_filter ] --END-- [ RunTime:0.000079s ]
INFO: [ app_end ] --START--
INFO: Run Behavior\ShowPageTraceBehavior [ RunTime:0.000036s ]
INFO: [ app_end ] --END-- [ RunTime:0.000076s ]

[ 2017-05-13T10:33:25+08:00 ] 115.195.152.174 /index.php/Home//login/dologin
INFO: [ app_init ] --START--
INFO: Run Behavior\BuildLiteBehavior [ RunTime:0.000012s ]
INFO: [ app_init ] --END-- [ RunTime:0.000079s ]
INFO: [ app_begin ] --START--
INFO: Run Behavior\ReadHtmlCacheBehavior [ RunTime:0.000034s ]
INFO: [ app_begin ] --END-- [ RunTime:0.000075s ]
NOTIC: [8192] mysql_connect(): The mysql extension is deprecated and will be removed in the future: use mysqli or PDO instead /var/www/html/ThinkPHP/Library/Think/Db/Driver/Mysql.class.php 第 52 行.
SQL: SHOW COLUMNS FROM `admin_user` [ RunTime:0.006736s ]
SQL: SELECT * FROM `admin_user` WHERE `uid` = 'adminuser' AND `pass` = 'e10adc3949ba59abbe56e057f20f883e' AND `status` = 0 LIMIT 1   [ RunTime:0.000449s ]

[ 2017-05-13T10:33:29+08:00 ] 115.195.152.174 /index.php/Home/accountmanage/usermanage
INFO: [ app_init ] --START--
INFO: Run Behavior\BuildLiteBehavior [ RunTime:0.000012s ]
INFO: [ app_init ] --END-- [ RunTime:0.000079s ]
INFO: [ app_begin ] --START--
INFO: Run Behavior\ReadHtmlCacheBehavior [ RunTime:0.000037s ]
INFO: [ app_begin ] --END-- [ RunTime:0.000085s ]
INFO: [ view_parse ] --START--
INFO: [ template_filter ] --START--
INFO: Run Behavior\ContentReplaceBehavior [ RunTime:0.000055s ]
INFO: [ template_filter ] --END-- [ RunTime:0.000107s ]
INFO: Run Behavior\ParseTemplateBehavior [ RunTime:0.002279s ]
INFO: [ view_parse ] --END-- [ RunTime:0.002330s ]
INFO: [ view_filter ] --START--
INFO: Run Behavior\WriteHtmlCacheBehavior [ RunTime:0.000039s ]
INFO: [ view_filter ] --END-- [ RunTime:0.000084s ]
INFO: [ app_end ] --START--
INFO: Run Behavior\ShowPageTraceBehavior [ RunTime:0.000041s ]
INFO: [ app_end ] --END-- [ RunTime:0.000101s ]

[ 2017-05-13T10:33:30+08:00 ] 115.195.152.174 /index.php/Home//adminuser/getList
INFO: [ app_init ] --START--
INFO: Run Behavior\BuildLiteBehavior [ RunTime:0.000011s ]
INFO: [ app_init ] --END-- [ RunTime:0.000072s ]
INFO: [ app_begin ] --START--
INFO: Run Behavior\ReadHtmlCacheBehavior [ RunTime:0.000029s ]
INFO: [ app_begin ] --END-- [ RunTime:0.000075s ]
NOTIC: [8192] mysql_connect(): The mysql extension is deprecated and will be removed in the future: use mysqli or PDO instead /var/www/html/ThinkPHP/Library/Think/Db/Driver/Mysql.class.php 第 52 行.
SQL: SHOW COLUMNS FROM `admin_user` [ RunTime:0.000444s ]
NOTIC: [8] Undefined index: starTime /var/www/html/Application/Home/Controller/AdminuserController.class.php 第 24 行.
NOTIC: [8] Undefined index: endTime /var/www/html/Application/Home/Controller/AdminuserController.class.php 第 25 行.
NOTIC: [8] Undefined variable: map /var/www/html/Application/Home/Controller/AdminuserController.class.php 第 36 行.
SQL: SELECT COUNT(*) AS tp_count FROM `admin_user` LIMIT 1   [ RunTime:0.006646s ]
NOTIC: [8] Undefined variable: map /var/www/html/Application/Home/Controller/AdminuserController.class.php 第 37 行.
SQL: SELECT * FROM `admin_user` LIMIT 0,10   [ RunTime:0.000437s ]
NOTIC: [8] Undefined index: memberid /var/www/html/Application/Home/Controller/AdminuserController.class.php 第 39 行.
SQL: SHOW COLUMNS FROM `member_info` [ RunTime:0.000518s ]
SQL: SELECT * FROM `member_info` WHERE `memberid` = null LIMIT 1   [ RunTime:0.000311s ]
NOTIC: [8] Undefined index: memberid /var/www/html/Application/Home/Controller/AdminuserController.class.php 第 39 行.
SQL: SELECT * FROM `member_info` WHERE `memberid` = null LIMIT 1   [ RunTime:0.000197s ]
NOTIC: [8] Undefined index: memberid /var/www/html/Application/Home/Controller/AdminuserController.class.php 第 39 行.
SQL: SELECT * FROM `member_info` WHERE `memberid` = null LIMIT 1   [ RunTime:0.000232s ]

[ 2017-05-13T10:33:30+08:00 ] 115.195.152.174 /index.php/Home//member/getList
INFO: [ app_init ] --START--
INFO: Run Behavior\BuildLiteBehavior [ RunTime:0.000011s ]
INFO: [ app_init ] --END-- [ RunTime:0.000075s ]
INFO: [ app_begin ] --START--
INFO: Run Behavior\ReadHtmlCacheBehavior [ RunTime:0.000029s ]
INFO: [ app_begin ] --END-- [ RunTime:0.000073s ]
NOTIC: [8192] mysql_connect(): The mysql extension is deprecated and will be removed in the future: use mysqli or PDO instead /var/www/html/ThinkPHP/Library/Think/Db/Driver/Mysql.class.php 第 52 行.
SQL: SHOW COLUMNS FROM `member_info` [ RunTime:0.000449s ]
NOTIC: [8] Undefined variable: map /var/www/html/Application/Home/Controller/MemberController.class.php 第 30 行.
SQL: SELECT COUNT(*) AS tp_count FROM `member_info` LIMIT 1   [ RunTime:0.000172s ]
NOTIC: [8] Undefined variable: map /var/www/html/Application/Home/Controller/MemberController.class.php 第 31 行.
NOTIC: [8] Undefined index: limit /var/www/html/ThinkPHP/Library/Think/Db.class.php 第 786 行.
SQL: SELECT * FROM `member_info` LIMIT 0,20   [ RunTime:0.000257s ]
NOTIC: [2] Division by zero /var/www/html/Application/Home/Controller/MemberController.class.php 第 46 行.

[ 2017-05-13T10:33:32+08:00 ] 115.195.152.174 /index.php/Home/countmanage/countTable
INFO: [ app_init ] --START--
INFO: Run Behavior\BuildLiteBehavior [ RunTime:0.000011s ]
INFO: [ app_init ] --END-- [ RunTime:0.000077s ]
INFO: [ app_begin ] --START--
INFO: Run Behavior\ReadHtmlCacheBehavior [ RunTime:0.000036s ]
INFO: [ app_begin ] --END-- [ RunTime:0.000083s ]
INFO: [ view_parse ] --START--
INFO: [ template_filter ] --START--
INFO: Run Behavior\ContentReplaceBehavior [ RunTime:0.000043s ]
INFO: [ template_filter ] --END-- [ RunTime:0.000091s ]
INFO: Run Behavior\ParseTemplateBehavior [ RunTime:0.001374s ]
INFO: [ view_parse ] --END-- [ RunTime:0.001423s ]
INFO: [ view_filter ] --START--
INFO: Run Behavior\WriteHtmlCacheBehavior [ RunTime:0.000038s ]
INFO: [ view_filter ] --END-- [ RunTime:0.000077s ]
INFO: [ app_end ] --START--
INFO: Run Behavior\ShowPageTraceBehavior [ RunTime:0.000033s ]
INFO: [ app_end ] --END-- [ RunTime:0.000073s ]

[ 2017-05-13T10:33:32+08:00 ] 115.195.152.174 /index.php/Home//trade/report
INFO: [ app_init ] --START--
INFO: Run Behavior\BuildLiteBehavior [ RunTime:0.000011s ]
INFO: [ app_init ] --END-- [ RunTime:0.000072s ]
INFO: [ app_begin ] --START--
INFO: Run Behavior\ReadHtmlCacheBehavior [ RunTime:0.000029s ]
INFO: [ app_begin ] --END-- [ RunTime:0.000070s ]
NOTIC: [8] Undefined index: page /var/www/html/Application/Home/Controller/TradeController.class.php 第 371 行.
NOTIC: [8192] mysql_connect(): The mysql extension is deprecated and will be removed in the future: use mysqli or PDO instead /var/www/html/ThinkPHP/Library/Think/Db/Driver/Mysql.class.php 第 52 行.
SQL: SHOW COLUMNS FROM `user_info` [ RunTime:0.000509s ]
NOTIC: [8] Undefined variable: usermap /var/www/html/Application/Home/Controller/TradeController.class.php 第 379 行.
NOTIC: [8] Undefined index: startTime /var/www/html/Application/Home/Controller/TradeController.class.php 第 388 行.
NOTIC: [8] Undefined index: endTime /var/www/html/Application/Home/Controller/TradeController.class.php 第 389 行.
SQL: SHOW COLUMNS FROM `his_trades_record` [ RunTime:0.000433s ]
NOTIC: [8] Undefined variable: map /var/www/html/Application/Home/Controller/TradeController.class.php 第 394 行.
SQL: SELECT COUNT(*) AS tp_count FROM `his_trades_record` LIMIT 1   [ RunTime:0.000222s ]
NOTIC: [8] Undefined variable: map /var/www/html/Application/Home/Controller/TradeController.class.php 第 396 行.
SQL: SELECT * FROM `his_trades_record` ORDER BY open_position_time desc LIMIT 0,10   [ RunTime:0.004197s ]
SQL: SHOW COLUMNS FROM `actuals_goods` [ RunTime:0.000483s ]
NOTIC: [8] Undefined variable: actaulMap /var/www/html/Application/Home/Controller/TradeController.class.php 第 400 行.
SQL: SELECT * FROM `actuals_goods` LIMIT 1   [ RunTime:0.000291s ]
SQL: SHOW COLUMNS FROM `user_info` [ RunTime:0.000419s ]
SQL: SELECT * FROM `user_info` WHERE `uid` = '136' LIMIT 1   [ RunTime:0.000280s ]
NOTIC: [8] Undefined variable: actaulMap /var/www/html/Application/Home/Controller/TradeController.class.php 第 400 行.
SQL: SELECT * FROM `actuals_goods` LIMIT 1   [ RunTime:0.000272s ]
SQL: SELECT * FROM `user_info` WHERE `uid` = '136' LIMIT 1   [ RunTime:0.000242s ]
NOTIC: [8] Undefined variable: actaulMap /var/www/html/Application/Home/Controller/TradeController.class.php 第 400 行.
SQL: SELECT * FROM `actuals_goods` LIMIT 1   [ RunTime:0.000267s ]
SQL: SELECT * FROM `user_info` WHERE `uid` = '136' LIMIT 1   [ RunTime:0.000241s ]
NOTIC: [8] Undefined variable: actaulMap /var/www/html/Application/Home/Controller/TradeController.class.php 第 400 行.
SQL: SELECT * FROM `actuals_goods` LIMIT 1   [ RunTime:0.000250s ]
SQL: SELECT * FROM `user_info` WHERE `uid` = '136' LIMIT 1   [ RunTime:0.000235s ]
NOTIC: [8] Undefined variable: actaulMap /var/www/html/Application/Home/Controller/TradeController.class.php 第 400 行.
SQL: SELECT * FROM `actuals_goods` LIMIT 1   [ RunTime:0.000243s ]
SQL: SELECT * FROM `user_info` WHERE `uid` = '261' LIMIT 1   [ RunTime:0.000280s ]
NOTIC: [8] Undefined variable: actaulMap /var/www/html/Application/Home/Controller/TradeController.class.php 第 400 行.
SQL: SELECT * FROM `actuals_goods` LIMIT 1   [ RunTime:0.000242s ]
SQL: SELECT * FROM `user_info` WHERE `uid` = '84' LIMIT 1   [ RunTime:0.000235s ]
NOTIC: [8] Undefined variable: actaulMap /var/www/html/Application/Home/Controller/TradeController.class.php 第 400 行.
SQL: SELECT * FROM `actuals_goods` LIMIT 1   [ RunTime:0.000243s ]
SQL: SELECT * FROM `user_info` WHERE `uid` = '136' LIMIT 1   [ RunTime:0.000235s ]
NOTIC: [8] Undefined variable: actaulMap /var/www/html/Application/Home/Controller/TradeController.class.php 第 400 行.
SQL: SELECT * FROM `actuals_goods` LIMIT 1   [ RunTime:0.000252s ]
SQL: SELECT * FROM `user_info` WHERE `uid` = '136' LIMIT 1   [ RunTime:0.000235s ]
NOTIC: [8] Undefined variable: actaulMap /var/www/html/Application/Home/Controller/TradeController.class.php 第 400 行.
SQL: SELECT * FROM `actuals_goods` LIMIT 1   [ RunTime:0.000242s ]
SQL: SELECT * FROM `user_info` WHERE `uid` = '97' LIMIT 1   [ RunTime:0.000232s ]
NOTIC: [8] Undefined variable: actaulMap /var/www/html/Application/Home/Controller/TradeController.class.php 第 400 行.
SQL: SELECT * FROM `actuals_goods` LIMIT 1   [ RunTime:0.000293s ]
SQL: SELECT * FROM `user_info` WHERE `uid` = '97' LIMIT 1   [ RunTime:0.000282s ]

[ 2017-05-13T10:37:40+08:00 ] 115.195.152.174 /index.php/Home/sysmanage/pwdManage
INFO: [ app_init ] --START--
INFO: Run Behavior\BuildLiteBehavior [ RunTime:0.000011s ]
INFO: [ app_init ] --END-- [ RunTime:0.000076s ]
INFO: [ app_begin ] --START--
INFO: Run Behavior\ReadHtmlCacheBehavior [ RunTime:0.000042s ]
INFO: [ app_begin ] --END-- [ RunTime:0.000088s ]
INFO: [ view_parse ] --START--
INFO: [ template_filter ] --START--
INFO: Run Behavior\ContentReplaceBehavior [ RunTime:0.000043s ]
INFO: [ template_filter ] --END-- [ RunTime:0.000090s ]
INFO: Run Behavior\ParseTemplateBehavior [ RunTime:0.001311s ]
INFO: [ view_parse ] --END-- [ RunTime:0.001361s ]
INFO: [ view_filter ] --START--
INFO: Run Behavior\WriteHtmlCacheBehavior [ RunTime:0.000038s ]
INFO: [ view_filter ] --END-- [ RunTime:0.000076s ]
INFO: [ app_end ] --START--
INFO: Run Behavior\ShowPageTraceBehavior [ RunTime:0.000035s ]
INFO: [ app_end ] --END-- [ RunTime:0.000073s ]

[ 2017-05-13T10:42:11+08:00 ] 115.195.152.174 /index.php/Home/countmanage/countTable
INFO: [ app_init ] --START--
INFO: Run Behavior\BuildLiteBehavior [ RunTime:0.000012s ]
INFO: [ app_init ] --END-- [ RunTime:0.000080s ]
INFO: [ app_begin ] --START--
INFO: Run Behavior\ReadHtmlCacheBehavior [ RunTime:0.000037s ]
INFO: [ app_begin ] --END-- [ RunTime:0.000084s ]
INFO: [ view_parse ] --START--
INFO: [ template_filter ] --START--
INFO: Run Behavior\ContentReplaceBehavior [ RunTime:0.000044s ]
INFO: [ template_filter ] --END-- [ RunTime:0.000094s ]
INFO: Run Behavior\ParseTemplateBehavior [ RunTime:0.001383s ]
INFO: [ view_parse ] --END-- [ RunTime:0.001433s ]
INFO: [ view_filter ] --START--
INFO: Run Behavior\WriteHtmlCacheBehavior [ RunTime:0.000039s ]
INFO: [ view_filter ] --END-- [ RunTime:0.000077s ]
INFO: [ app_end ] --START--
INFO: Run Behavior\ShowPageTraceBehavior [ RunTime:0.000034s ]
INFO: [ app_end ] --END-- [ RunTime:0.000075s ]

[ 2017-05-13T10:42:12+08:00 ] 115.195.152.174 /index.php/Home//trade/report
INFO: [ app_init ] --START--
INFO: Run Behavior\BuildLiteBehavior [ RunTime:0.000012s ]
INFO: [ app_init ] --END-- [ RunTime:0.000073s ]
INFO: [ app_begin ] --START--
INFO: Run Behavior\ReadHtmlCacheBehavior [ RunTime:0.000029s ]
INFO: [ app_begin ] --END-- [ RunTime:0.000071s ]
NOTIC: [8] Undefined index: page /var/www/html/Application/Home/Controller/TradeController.class.php 第 371 行.
NOTIC: [8192] mysql_connect(): The mysql extension is deprecated and will be removed in the future: use mysqli or PDO instead /var/www/html/ThinkPHP/Library/Think/Db/Driver/Mysql.class.php 第 52 行.
SQL: SHOW COLUMNS FROM `user_info` [ RunTime:0.000484s ]
NOTIC: [8] Undefined variable: usermap /var/www/html/Application/Home/Controller/TradeController.class.php 第 379 行.
NOTIC: [8] Undefined index: startTime /var/www/html/Application/Home/Controller/TradeController.class.php 第 388 行.
NOTIC: [8] Undefined index: endTime /var/www/html/Application/Home/Controller/TradeController.class.php 第 389 行.
SQL: SHOW COLUMNS FROM `his_trades_record` [ RunTime:0.000465s ]
NOTIC: [8] Undefined variable: map /var/www/html/Application/Home/Controller/TradeController.class.php 第 394 行.
SQL: SELECT COUNT(*) AS tp_count FROM `his_trades_record` LIMIT 1   [ RunTime:0.000186s ]
NOTIC: [8] Undefined variable: map /var/www/html/Application/Home/Controller/TradeController.class.php 第 396 行.
SQL: SELECT * FROM `his_trades_record` ORDER BY open_position_time desc LIMIT 0,10   [ RunTime:0.004120s ]
SQL: SHOW COLUMNS FROM `actuals_goods` [ RunTime:0.000471s ]
NOTIC: [8] Undefined variable: actaulMap /var/www/html/Application/Home/Controller/TradeController.class.php 第 400 行.
SQL: SELECT * FROM `actuals_goods` LIMIT 1   [ RunTime:0.000261s ]
SQL: SHOW COLUMNS FROM `user_info` [ RunTime:0.000420s ]
SQL: SELECT * FROM `user_info` WHERE `uid` = '136' LIMIT 1   [ RunTime:0.000479s ]
NOTIC: [8] Undefined variable: actaulMap /var/www/html/Application/Home/Controller/TradeController.class.php 第 400 行.
SQL: SELECT * FROM `actuals_goods` LIMIT 1   [ RunTime:0.000353s ]
SQL: SELECT * FROM `user_info` WHERE `uid` = '136' LIMIT 1   [ RunTime:0.000262s ]
NOTIC: [8] Undefined variable: actaulMap /var/www/html/Application/Home/Controller/TradeController.class.php 第 400 行.
SQL: SELECT * FROM `actuals_goods` LIMIT 1   [ RunTime:0.000346s ]
SQL: SELECT * FROM `user_info` WHERE `uid` = '136' LIMIT 1   [ RunTime:0.000259s ]
NOTIC: [8] Undefined variable: actaulMap /var/www/html/Application/Home/Controller/TradeController.class.php 第 400 行.
SQL: SELECT * FROM `actuals_goods` LIMIT 1   [ RunTime:0.000269s ]
SQL: SELECT * FROM `user_info` WHERE `uid` = '136' LIMIT 1   [ RunTime:0.000233s ]
NOTIC: [8] Undefined variable: actaulMap /var/www/html/Application/Home/Controller/TradeController.class.php 第 400 行.
SQL: SELECT * FROM `actuals_goods` LIMIT 1   [ RunTime:0.000318s ]
SQL: SELECT * FROM `user_info` WHERE `uid` = '261' LIMIT 1   [ RunTime:0.000237s ]
NOTIC: [8] Undefined variable: actaulMap /var/www/html/Application/Home/Controller/TradeController.class.php 第 400 行.
SQL: SELECT * FROM `actuals_goods` LIMIT 1   [ RunTime:0.000245s ]
SQL: SELECT * FROM `user_info` WHERE `uid` = '84' LIMIT 1   [ RunTime:0.000293s ]
NOTIC: [8] Undefined variable: actaulMap /var/www/html/Application/Home/Controller/TradeController.class.php 第 400 行.
SQL: SELECT * FROM `actuals_goods` LIMIT 1   [ RunTime:0.000250s ]
SQL: SELECT * FROM `user_info` WHERE `uid` = '136' LIMIT 1   [ RunTime:0.000232s ]
NOTIC: [8] Undefined variable: actaulMap /var/www/html/Application/Home/Controller/TradeController.class.php 第 400 行.
SQL: SELECT * FROM `actuals_goods` LIMIT 1   [ RunTime:0.000244s ]
SQL: SELECT * FROM `user_info` WHERE `uid` = '136' LIMIT 1   [ RunTime:0.000249s ]
NOTIC: [8] Undefined variable: actaulMap /var/www/html/Application/Home/Controller/TradeController.class.php 第 400 行.
SQL: SELECT * FROM `actuals_goods` LIMIT 1   [ RunTime:0.000246s ]
SQL: SELECT * FROM `user_info` WHERE `uid` = '97' LIMIT 1   [ RunTime:0.000231s ]
NOTIC: [8] Undefined variable: actaulMap /var/www/html/Application/Home/Controller/TradeController.class.php 第 400 行.
SQL: SELECT * FROM `actuals_goods` LIMIT 1   [ RunTime:0.000256s ]
SQL: SELECT * FROM `user_info` WHERE `uid` = '97' LIMIT 1   [ RunTime:0.000234s ]

[ 2017-05-13T10:43:08+08:00 ] 115.195.152.174 /index.php/Home/countmanage/countTable
INFO: [ app_init ] --START--
INFO: Run Behavior\BuildLiteBehavior [ RunTime:0.000011s ]
INFO: [ app_init ] --END-- [ RunTime:0.000078s ]
INFO: [ app_begin ] --START--
INFO: Run Behavior\ReadHtmlCacheBehavior [ RunTime:0.000037s ]
INFO: [ app_begin ] --END-- [ RunTime:0.000084s ]
INFO: [ view_parse ] --START--
INFO: [ template_filter ] --START--
INFO: Run Behavior\ContentReplaceBehavior [ RunTime:0.000044s ]
INFO: [ template_filter ] --END-- [ RunTime:0.000093s ]
INFO: Run Behavior\ParseTemplateBehavior [ RunTime:0.001373s ]
INFO: [ view_parse ] --END-- [ RunTime:0.001429s ]
INFO: [ view_filter ] --START--
INFO: Run Behavior\WriteHtmlCacheBehavior [ RunTime:0.000039s ]
INFO: [ view_filter ] --END-- [ RunTime:0.000078s ]
INFO: [ app_end ] --START--
INFO: Run Behavior\ShowPageTraceBehavior [ RunTime:0.000035s ]
INFO: [ app_end ] --END-- [ RunTime:0.000075s ]

[ 2017-05-13T10:43:08+08:00 ] 115.195.152.174 /index.php/Home//trade/report
INFO: [ app_init ] --START--
INFO: Run Behavior\BuildLiteBehavior [ RunTime:0.000011s ]
INFO: [ app_init ] --END-- [ RunTime:0.000072s ]
INFO: [ app_begin ] --START--
INFO: Run Behavior\ReadHtmlCacheBehavior [ RunTime:0.000028s ]
INFO: [ app_begin ] --END-- [ RunTime:0.000070s ]
NOTIC: [8] Undefined index: page /var/www/html/Application/Home/Controller/TradeController.class.php 第 371 行.
NOTIC: [8192] mysql_connect(): The mysql extension is deprecated and will be removed in the future: use mysqli or PDO instead /var/www/html/ThinkPHP/Library/Think/Db/Driver/Mysql.class.php 第 52 行.
SQL: SHOW COLUMNS FROM `user_info` [ RunTime:0.000482s ]
NOTIC: [8] Undefined variable: usermap /var/www/html/Application/Home/Controller/TradeController.class.php 第 379 行.
NOTIC: [8] Undefined index: startTime /var/www/html/Application/Home/Controller/TradeController.class.php 第 388 行.
NOTIC: [8] Undefined index: endTime /var/www/html/Application/Home/Controller/TradeController.class.php 第 389 行.
SQL: SHOW COLUMNS FROM `his_trades_record` [ RunTime:0.000481s ]
NOTIC: [8] Undefined variable: map /var/www/html/Application/Home/Controller/TradeController.class.php 第 394 行.
SQL: SELECT COUNT(*) AS tp_count FROM `his_trades_record` LIMIT 1   [ RunTime:0.000174s ]
NOTIC: [8] Undefined variable: map /var/www/html/Application/Home/Controller/TradeController.class.php 第 396 行.
SQL: SELECT * FROM `his_trades_record` ORDER BY open_position_time desc LIMIT 0,10   [ RunTime:0.004248s ]
SQL: SHOW COLUMNS FROM `actuals_goods` [ RunTime:0.000429s ]
NOTIC: [8] Undefined variable: actaulMap /var/www/html/Application/Home/Controller/TradeController.class.php 第 400 行.
SQL: SELECT * FROM `actuals_goods` LIMIT 1   [ RunTime:0.000271s ]
SQL: SHOW COLUMNS FROM `user_info` [ RunTime:0.000424s ]
SQL: SELECT * FROM `user_info` WHERE `uid` = '136' LIMIT 1   [ RunTime:0.000271s ]
NOTIC: [8] Undefined variable: actaulMap /var/www/html/Application/Home/Controller/TradeController.class.php 第 400 行.
SQL: SELECT * FROM `actuals_goods` LIMIT 1   [ RunTime:0.000250s ]
SQL: SELECT * FROM `user_info` WHERE `uid` = '136' LIMIT 1   [ RunTime:0.000240s ]
NOTIC: [8] Undefined variable: actaulMap /var/www/html/Application/Home/Controller/TradeController.class.php 第 400 行.
SQL: SELECT * FROM `actuals_goods` LIMIT 1   [ RunTime:0.000248s ]
SQL: SELECT * FROM `user_info` WHERE `uid` = '136' LIMIT 1   [ RunTime:0.000235s ]
NOTIC: [8] Undefined variable: actaulMap /var/www/html/Application/Home/Controller/TradeController.class.php 第 400 行.
SQL: SELECT * FROM `actuals_goods` LIMIT 1   [ RunTime:0.000292s ]
SQL: SELECT * FROM `user_info` WHERE `uid` = '136' LIMIT 1   [ RunTime:0.000233s ]
NOTIC: [8] Undefined variable: actaulMap /var/www/html/Application/Home/Controller/TradeController.class.php 第 400 行.
SQL: SELECT * FROM `actuals_goods` LIMIT 1   [ RunTime:0.000315s ]
SQL: SELECT * FROM `user_info` WHERE `uid` = '261' LIMIT 1   [ RunTime:0.000244s ]
NOTIC: [8] Undefined variable: actaulMap /var/www/html/Application/Home/Controller/TradeController.class.php 第 400 行.
SQL: SELECT * FROM `actuals_goods` LIMIT 1   [ RunTime:0.000248s ]
SQL: SELECT * FROM `user_info` WHERE `uid` = '84' LIMIT 1   [ RunTime:0.000231s ]
NOTIC: [8] Undefined variable: actaulMap /var/www/html/Application/Home/Controller/TradeController.class.php 第 400 行.
SQL: SELECT * FROM `actuals_goods` LIMIT 1   [ RunTime:0.000267s ]
SQL: SELECT * FROM `user_info` WHERE `uid` = '136' LIMIT 1   [ RunTime:0.000287s ]
NOTIC: [8] Undefined variable: actaulMap /var/www/html/Application/Home/Controller/TradeController.class.php 第 400 行.
SQL: SELECT * FROM `actuals_goods` LIMIT 1   [ RunTime:0.000244s ]
SQL: SELECT * FROM `user_info` WHERE `uid` = '136' LIMIT 1   [ RunTime:0.000237s ]
NOTIC: [8] Undefined variable: actaulMap /var/www/html/Application/Home/Controller/TradeController.class.php 第 400 行.
SQL: SELECT * FROM `actuals_goods` LIMIT 1   [ RunTime:0.000240s ]
SQL: SELECT * FROM `user_info` WHERE `uid` = '97' LIMIT 1   [ RunTime:0.000232s ]
NOTIC: [8] Undefined variable: actaulMap /var/www/html/Application/Home/Controller/TradeController.class.php 第 400 行.
SQL: SELECT * FROM `actuals_goods` LIMIT 1   [ RunTime:0.000298s ]
SQL: SELECT * FROM `user_info` WHERE `uid` = '97' LIMIT 1   [ RunTime:0.000236s ]

[ 2017-05-13T15:13:31+08:00 ] 183.204.66.99 /
INFO: [ app_init ] --START--
INFO: Run Behavior\BuildLiteBehavior [ RunTime:0.000015s ]
INFO: [ app_init ] --END-- [ RunTime:0.000096s ]
INFO: [ app_begin ] --START--
INFO: Run Behavior\ReadHtmlCacheBehavior [ RunTime:0.000038s ]
INFO: [ app_begin ] --END-- [ RunTime:0.000085s ]

[ 2017-05-13T16:30:42+08:00 ] 183.204.66.99 /
INFO: [ app_init ] --START--
INFO: Run Behavior\BuildLiteBehavior [ RunTime:0.000014s ]
INFO: [ app_init ] --END-- [ RunTime:0.000094s ]
INFO: [ app_begin ] --START--
INFO: Run Behavior\ReadHtmlCacheBehavior [ RunTime:0.000040s ]
INFO: [ app_begin ] --END-- [ RunTime:0.000086s ]

[ 2017-05-13T20:23:31+08:00 ] 49.4.142.128 /
INFO: [ app_init ] --START--
INFO: Run Behavior\BuildLiteBehavior [ RunTime:0.000015s ]
INFO: [ app_init ] --END-- [ RunTime:0.000096s ]
INFO: [ app_begin ] --START--
INFO: Run Behavior\ReadHtmlCacheBehavior [ RunTime:0.000039s ]
INFO: [ app_begin ] --END-- [ RunTime:0.000090s ]

[ 2017-05-13T23:39:01+08:00 ] 137.226.113.7 /
INFO: [ app_init ] --START--
INFO: Run Behavior\BuildLiteBehavior [ RunTime:0.000014s ]
INFO: [ app_init ] --END-- [ RunTime:0.000100s ]
INFO: [ app_begin ] --START--
INFO: Run Behavior\ReadHtmlCacheBehavior [ RunTime:0.000038s ]
INFO: [ app_begin ] --END-- [ RunTime:0.000096s ]

[ 2017-05-13T23:39:01+08:00 ] 137.226.113.7 /
INFO: [ app_init ] --START--
INFO: Run Behavior\BuildLiteBehavior [ RunTime:0.000013s ]
INFO: [ app_init ] --END-- [ RunTime:0.000083s ]
INFO: [ app_begin ] --START--
INFO: Run Behavior\ReadHtmlCacheBehavior [ RunTime:0.000048s ]
INFO: [ app_begin ] --END-- [ RunTime:0.000102s ]

[ 2017-05-13T23:39:01+08:00 ] 137.226.113.7 /
INFO: [ app_init ] --START--
INFO: Run Behavior\BuildLiteBehavior [ RunTime:0.000014s ]
INFO: [ app_init ] --END-- [ RunTime:0.000089s ]
INFO: [ app_begin ] --START--
INFO: Run Behavior\ReadHtmlCacheBehavior [ RunTime:0.000041s ]
INFO: [ app_begin ] --END-- [ RunTime:0.000115s ]

[ 2017-05-13T23:39:01+08:00 ] 137.226.113.7 /
INFO: [ app_init ] --START--
INFO: Run Behavior\BuildLiteBehavior [ RunTime:0.000014s ]
INFO: [ app_init ] --END-- [ RunTime:0.000100s ]
INFO: [ app_begin ] --START--
INFO: Run Behavior\ReadHtmlCacheBehavior [ RunTime:0.000047s ]
INFO: [ app_begin ] --END-- [ RunTime:0.000101s ]

[ 2017-05-13T23:39:01+08:00 ] 137.226.113.7 /
INFO: [ app_init ] --START--
INFO: Run Behavior\BuildLiteBehavior [ RunTime:0.000013s ]
INFO: [ app_init ] --END-- [ RunTime:0.000083s ]
INFO: [ app_begin ] --START--
INFO: Run Behavior\ReadHtmlCacheBehavior [ RunTime:0.000038s ]
INFO: [ app_begin ] --END-- [ RunTime:0.000091s ]

[ 2017-05-13T23:39:01+08:00 ] 137.226.113.7 /
INFO: [ app_init ] --START--
INFO: Run Behavior\BuildLiteBehavior [ RunTime:0.000013s ]
INFO: [ app_init ] --END-- [ RunTime:0.000084s ]
INFO: [ app_begin ] --START--
INFO: Run Behavior\ReadHtmlCacheBehavior [ RunTime:0.000032s ]
INFO: [ app_begin ] --END-- [ RunTime:0.000104s ]

