[ 2017-05-08T14:09:17+08:00 ] ::1 /hkxt/index.php/Home/login/login
INFO: [ app_init ] --START--
INFO: Run Behavior\BuildLiteBehavior [ RunTime:0.001000s ]
INFO: [ app_init ] --END-- [ RunTime:0.001000s ]
NOTIC: [8] Constant APP_DEBUG already defined D:\phpStudy\WWW\hkxt\Application\Home\Conf\config.php 第 16 行.

[ 2017-05-08T14:09:31+08:00 ] ::1 /hkxt/index.php/Home//login/dologin
INFO: [ app_init ] --START--
INFO: Run Behavior\BuildLiteBehavior [ RunTime:0.000000s ]
INFO: [ app_init ] --END-- [ RunTime:0.001000s ]
NOTIC: [8] Constant APP_DEBUG already defined D:\phpStudy\WWW\hkxt\Application\Home\Conf\config.php 第 16 行.
INFO: [ app_begin ] --START--
INFO: Run Behavior\ReadHtmlCacheBehavior [ RunTime:0.000000s ]
INFO: [ app_begin ] --END-- [ RunTime:0.000000s ]
NOTIC: [8192] mysql_connect(): The mysql extension is deprecated and will be removed in the future: use mysqli or PDO instead D:\phpStudy\WWW\hkxt\ThinkPHP\Library\Think\Db\Driver\Mysql.class.php 第 52 行.
SQL: SHOW COLUMNS FROM `admin_user` [ RunTime:0.035002s ]
SQL: SELECT * FROM `admin_user` WHERE `uid` = 'adminuser' AND `pass` = '25f9e794323b453885f5181f1b624d0b' AND `status` = 0 LIMIT 1   [ RunTime:0.039002s ]

[ 2017-05-08T14:09:33+08:00 ] ::1 /hkxt/index.php/Home/accountmanage/usermanage
INFO: [ app_init ] --START--
INFO: Run Behavior\BuildLiteBehavior [ RunTime:0.000000s ]
INFO: [ app_init ] --END-- [ RunTime:0.002000s ]
NOTIC: [8] Constant APP_DEBUG already defined D:\phpStudy\WWW\hkxt\Application\Home\Conf\config.php 第 16 行.

[ 2017-05-08T14:09:35+08:00 ] ::1 /hkxt/index.php/Home//member/getList
INFO: [ app_init ] --START--
INFO: Run Behavior\BuildLiteBehavior [ RunTime:0.000000s ]
INFO: [ app_init ] --END-- [ RunTime:0.001000s ]
NOTIC: [8] Constant APP_DEBUG already defined D:\phpStudy\WWW\hkxt\Application\Home\Conf\config.php 第 16 行.
INFO: [ app_begin ] --START--
INFO: Run Behavior\ReadHtmlCacheBehavior [ RunTime:0.001000s ]
INFO: [ app_begin ] --END-- [ RunTime:0.001000s ]
NOTIC: [8192] mysql_connect(): The mysql extension is deprecated and will be removed in the future: use mysqli or PDO instead D:\phpStudy\WWW\hkxt\ThinkPHP\Library\Think\Db\Driver\Mysql.class.php 第 52 行.
SQL: SHOW COLUMNS FROM `member_info` [ RunTime:0.035002s ]
NOTIC: [8] Undefined variable: map D:\phpStudy\WWW\hkxt\Application\Home\Controller\MemberController.class.php 第 23 行.
SQL: SELECT COUNT(*) AS tp_count FROM `member_info` LIMIT 1   [ RunTime:0.035002s ]
NOTIC: [8] Undefined variable: map D:\phpStudy\WWW\hkxt\Application\Home\Controller\MemberController.class.php 第 24 行.
NOTIC: [8] Undefined index: limit D:\phpStudy\WWW\hkxt\ThinkPHP\Library\Think\Db.class.php 第 786 行.
SQL: SELECT * FROM `member_info` LIMIT 0,20   [ RunTime:0.035002s ]
SQL: SELECT * FROM `member_info` WHERE `memberid` = 1 LIMIT 1   [ RunTime:0.035002s ]
SQL: SELECT * FROM `member_info` WHERE `memberid` = 1 LIMIT 1   [ RunTime:0.036002s ]
SQL: SELECT * FROM `member_info` WHERE `memberid` = 5 LIMIT 1   [ RunTime:0.034002s ]
NOTIC: [2] Division by zero D:\phpStudy\WWW\hkxt\Application\Home\Controller\MemberController.class.php 第 38 行.

[ 2017-05-08T14:09:36+08:00 ] ::1 /hkxt/index.php/Home//adminuser/getList
INFO: [ app_init ] --START--
INFO: Run Behavior\BuildLiteBehavior [ RunTime:0.000000s ]
INFO: [ app_init ] --END-- [ RunTime:0.000000s ]
NOTIC: [8] Constant APP_DEBUG already defined D:\phpStudy\WWW\hkxt\Application\Home\Conf\config.php 第 16 行.
INFO: [ app_begin ] --START--
INFO: Run Behavior\ReadHtmlCacheBehavior [ RunTime:0.000000s ]
INFO: [ app_begin ] --END-- [ RunTime:0.000000s ]
NOTIC: [8192] mysql_connect(): The mysql extension is deprecated and will be removed in the future: use mysqli or PDO instead D:\phpStudy\WWW\hkxt\ThinkPHP\Library\Think\Db\Driver\Mysql.class.php 第 52 行.
SQL: SHOW COLUMNS FROM `admin_user` [ RunTime:0.032002s ]
NOTIC: [8] Undefined index: starTime D:\phpStudy\WWW\hkxt\Application\Home\Controller\AdminuserController.class.php 第 24 行.
NOTIC: [8] Undefined index: endTime D:\phpStudy\WWW\hkxt\Application\Home\Controller\AdminuserController.class.php 第 25 行.
NOTIC: [8] Undefined variable: map D:\phpStudy\WWW\hkxt\Application\Home\Controller\AdminuserController.class.php 第 36 行.
SQL: SELECT COUNT(*) AS tp_count FROM `admin_user` LIMIT 1   [ RunTime:0.031002s ]
NOTIC: [8] Undefined variable: map D:\phpStudy\WWW\hkxt\Application\Home\Controller\AdminuserController.class.php 第 37 行.
SQL: SELECT * FROM `admin_user` LIMIT 0,10   [ RunTime:0.032002s ]
NOTIC: [8] Undefined index: memberid D:\phpStudy\WWW\hkxt\Application\Home\Controller\AdminuserController.class.php 第 40 行.
SQL: SHOW COLUMNS FROM `member_info` [ RunTime:0.031002s ]
SQL: SELECT * FROM `member_info` WHERE `memberid` = null LIMIT 1   [ RunTime:0.031002s ]
NOTIC: [8] Undefined index: memberid D:\phpStudy\WWW\hkxt\Application\Home\Controller\AdminuserController.class.php 第 40 行.
SQL: SELECT * FROM `member_info` WHERE `memberid` = null LIMIT 1   [ RunTime:0.030001s ]
NOTIC: [8] Undefined index: memberid D:\phpStudy\WWW\hkxt\Application\Home\Controller\AdminuserController.class.php 第 40 行.
SQL: SELECT * FROM `member_info` WHERE `memberid` = null LIMIT 1   [ RunTime:0.032002s ]
NOTIC: [8] Undefined index: memberid D:\phpStudy\WWW\hkxt\Application\Home\Controller\AdminuserController.class.php 第 40 行.
SQL: SELECT * FROM `member_info` WHERE `memberid` = null LIMIT 1   [ RunTime:0.030002s ]
NOTIC: [8] Undefined index: memberid D:\phpStudy\WWW\hkxt\Application\Home\Controller\AdminuserController.class.php 第 40 行.
SQL: SELECT * FROM `member_info` WHERE `memberid` = null LIMIT 1   [ RunTime:0.031002s ]
NOTIC: [8] Undefined index: memberid D:\phpStudy\WWW\hkxt\Application\Home\Controller\AdminuserController.class.php 第 40 行.
SQL: SELECT * FROM `member_info` WHERE `memberid` = null LIMIT 1   [ RunTime:0.031002s ]

[ 2017-05-08T14:10:23+08:00 ] ::1 /hkxt/index.php/Home/clientmanage/clientList
INFO: [ app_init ] --START--
INFO: Run Behavior\BuildLiteBehavior [ RunTime:0.000000s ]
INFO: [ app_init ] --END-- [ RunTime:0.001000s ]
NOTIC: [8] Constant APP_DEBUG already defined D:\phpStudy\WWW\hkxt\Application\Home\Conf\config.php 第 16 行.

[ 2017-05-08T14:10:25+08:00 ] ::1 /hkxt/index.php/Home/user/getlist
INFO: [ app_init ] --START--
INFO: Run Behavior\BuildLiteBehavior [ RunTime:0.000000s ]
INFO: [ app_init ] --END-- [ RunTime:0.000000s ]
NOTIC: [8] Constant APP_DEBUG already defined D:\phpStudy\WWW\hkxt\Application\Home\Conf\config.php 第 16 行.
INFO: [ app_begin ] --START--
INFO: Run Behavior\ReadHtmlCacheBehavior [ RunTime:0.001000s ]
INFO: [ app_begin ] --END-- [ RunTime:0.001000s ]
NOTIC: [8192] mysql_connect(): The mysql extension is deprecated and will be removed in the future: use mysqli or PDO instead D:\phpStudy\WWW\hkxt\ThinkPHP\Library\Think\Db\Driver\Mysql.class.php 第 52 行.
SQL: SHOW COLUMNS FROM `user_info` [ RunTime:0.032002s ]
NOTIC: [8] Undefined index: starTime D:\phpStudy\WWW\hkxt\Application\Home\Controller\UserController.class.php 第 24 行.
NOTIC: [8] Undefined index: endTime D:\phpStudy\WWW\hkxt\Application\Home\Controller\UserController.class.php 第 25 行.
NOTIC: [8] Undefined index: nickname D:\phpStudy\WWW\hkxt\Application\Home\Controller\UserController.class.php 第 34 行.
NOTIC: [8] Undefined index: phoneNum D:\phpStudy\WWW\hkxt\Application\Home\Controller\UserController.class.php 第 37 行.
SQL: SELECT COUNT(*) AS tp_count FROM `user_info` WHERE user_info.nickname LIKE '%' AND `phoneNum` LIKE '%' LIMIT 1   [ RunTime:0.032002s ]
SQL: SELECT * FROM `user_info` WHERE user_info.nickname LIKE '%' AND `phoneNum` LIKE '%' LIMIT 0,10   [ RunTime:0.034002s ]

[ 2017-05-08T14:10:26+08:00 ] ::1 /hkxt/index.php/Home/accountmanage/usermanage
INFO: [ app_init ] --START--
INFO: Run Behavior\BuildLiteBehavior [ RunTime:0.000000s ]
INFO: [ app_init ] --END-- [ RunTime:0.001000s ]
NOTIC: [8] Constant APP_DEBUG already defined D:\phpStudy\WWW\hkxt\Application\Home\Conf\config.php 第 16 行.

[ 2017-05-08T14:10:27+08:00 ] ::1 /hkxt/index.php/Home//member/getList
INFO: [ app_init ] --START--
INFO: Run Behavior\BuildLiteBehavior [ RunTime:0.000000s ]
INFO: [ app_init ] --END-- [ RunTime:0.001000s ]
NOTIC: [8] Constant APP_DEBUG already defined D:\phpStudy\WWW\hkxt\Application\Home\Conf\config.php 第 16 行.
INFO: [ app_begin ] --START--
INFO: Run Behavior\ReadHtmlCacheBehavior [ RunTime:0.001000s ]
INFO: [ app_begin ] --END-- [ RunTime:0.001000s ]
NOTIC: [8192] mysql_connect(): The mysql extension is deprecated and will be removed in the future: use mysqli or PDO instead D:\phpStudy\WWW\hkxt\ThinkPHP\Library\Think\Db\Driver\Mysql.class.php 第 52 行.
SQL: SHOW COLUMNS FROM `member_info` [ RunTime:0.035002s ]
NOTIC: [8] Undefined variable: map D:\phpStudy\WWW\hkxt\Application\Home\Controller\MemberController.class.php 第 23 行.
SQL: SELECT COUNT(*) AS tp_count FROM `member_info` LIMIT 1   [ RunTime:0.033002s ]
NOTIC: [8] Undefined variable: map D:\phpStudy\WWW\hkxt\Application\Home\Controller\MemberController.class.php 第 24 行.
NOTIC: [8] Undefined index: limit D:\phpStudy\WWW\hkxt\ThinkPHP\Library\Think\Db.class.php 第 786 行.
SQL: SELECT * FROM `member_info` LIMIT 0,20   [ RunTime:0.033002s ]
SQL: SELECT * FROM `member_info` WHERE `memberid` = 1 LIMIT 1   [ RunTime:0.033002s ]
SQL: SELECT * FROM `member_info` WHERE `memberid` = 1 LIMIT 1   [ RunTime:0.034002s ]
SQL: SELECT * FROM `member_info` WHERE `memberid` = 5 LIMIT 1   [ RunTime:0.033002s ]
NOTIC: [2] Division by zero D:\phpStudy\WWW\hkxt\Application\Home\Controller\MemberController.class.php 第 38 行.

[ 2017-05-08T14:10:28+08:00 ] ::1 /hkxt/index.php/Home//adminuser/getList
INFO: [ app_init ] --START--
INFO: Run Behavior\BuildLiteBehavior [ RunTime:0.000000s ]
INFO: [ app_init ] --END-- [ RunTime:0.001000s ]
NOTIC: [8] Constant APP_DEBUG already defined D:\phpStudy\WWW\hkxt\Application\Home\Conf\config.php 第 16 行.
INFO: [ app_begin ] --START--
INFO: Run Behavior\ReadHtmlCacheBehavior [ RunTime:0.002000s ]
INFO: [ app_begin ] --END-- [ RunTime:0.002000s ]
NOTIC: [8192] mysql_connect(): The mysql extension is deprecated and will be removed in the future: use mysqli or PDO instead D:\phpStudy\WWW\hkxt\ThinkPHP\Library\Think\Db\Driver\Mysql.class.php 第 52 行.
SQL: SHOW COLUMNS FROM `admin_user` [ RunTime:0.036002s ]
NOTIC: [8] Undefined index: starTime D:\phpStudy\WWW\hkxt\Application\Home\Controller\AdminuserController.class.php 第 24 行.
NOTIC: [8] Undefined index: endTime D:\phpStudy\WWW\hkxt\Application\Home\Controller\AdminuserController.class.php 第 25 行.
NOTIC: [8] Undefined variable: map D:\phpStudy\WWW\hkxt\Application\Home\Controller\AdminuserController.class.php 第 36 行.
SQL: SELECT COUNT(*) AS tp_count FROM `admin_user` LIMIT 1   [ RunTime:0.032002s ]
NOTIC: [8] Undefined variable: map D:\phpStudy\WWW\hkxt\Application\Home\Controller\AdminuserController.class.php 第 37 行.
SQL: SELECT * FROM `admin_user` LIMIT 0,10   [ RunTime:0.033002s ]
NOTIC: [8] Undefined index: memberid D:\phpStudy\WWW\hkxt\Application\Home\Controller\AdminuserController.class.php 第 40 行.
SQL: SHOW COLUMNS FROM `member_info` [ RunTime:0.040003s ]
SQL: SELECT * FROM `member_info` WHERE `memberid` = null LIMIT 1   [ RunTime:0.033002s ]
NOTIC: [8] Undefined index: memberid D:\phpStudy\WWW\hkxt\Application\Home\Controller\AdminuserController.class.php 第 40 行.
SQL: SELECT * FROM `member_info` WHERE `memberid` = null LIMIT 1   [ RunTime:0.032001s ]
NOTIC: [8] Undefined index: memberid D:\phpStudy\WWW\hkxt\Application\Home\Controller\AdminuserController.class.php 第 40 行.
SQL: SELECT * FROM `member_info` WHERE `memberid` = null LIMIT 1   [ RunTime:0.032001s ]
NOTIC: [8] Undefined index: memberid D:\phpStudy\WWW\hkxt\Application\Home\Controller\AdminuserController.class.php 第 40 行.
SQL: SELECT * FROM `member_info` WHERE `memberid` = null LIMIT 1   [ RunTime:0.032001s ]
NOTIC: [8] Undefined index: memberid D:\phpStudy\WWW\hkxt\Application\Home\Controller\AdminuserController.class.php 第 40 行.
SQL: SELECT * FROM `member_info` WHERE `memberid` = null LIMIT 1   [ RunTime:0.032002s ]
NOTIC: [8] Undefined index: memberid D:\phpStudy\WWW\hkxt\Application\Home\Controller\AdminuserController.class.php 第 40 行.
SQL: SELECT * FROM `member_info` WHERE `memberid` = null LIMIT 1   [ RunTime:0.035002s ]

[ 2017-05-08T14:10:29+08:00 ] ::1 /hkxt/index.php/Home/accountmanage/orgManage
INFO: [ app_init ] --START--
INFO: Run Behavior\BuildLiteBehavior [ RunTime:0.000000s ]
INFO: [ app_init ] --END-- [ RunTime:0.001000s ]
NOTIC: [8] Constant APP_DEBUG already defined D:\phpStudy\WWW\hkxt\Application\Home\Conf\config.php 第 16 行.

[ 2017-05-08T14:10:30+08:00 ] ::1 /hkxt/index.php/Home//member/getList
INFO: [ app_init ] --START--
INFO: Run Behavior\BuildLiteBehavior [ RunTime:0.000000s ]
INFO: [ app_init ] --END-- [ RunTime:0.000000s ]
NOTIC: [8] Constant APP_DEBUG already defined D:\phpStudy\WWW\hkxt\Application\Home\Conf\config.php 第 16 行.
INFO: [ app_begin ] --START--
INFO: Run Behavior\ReadHtmlCacheBehavior [ RunTime:0.000000s ]
INFO: [ app_begin ] --END-- [ RunTime:0.000000s ]
NOTIC: [8192] mysql_connect(): The mysql extension is deprecated and will be removed in the future: use mysqli or PDO instead D:\phpStudy\WWW\hkxt\ThinkPHP\Library\Think\Db\Driver\Mysql.class.php 第 52 行.
SQL: SHOW COLUMNS FROM `member_info` [ RunTime:0.032002s ]
NOTIC: [8] Undefined variable: map D:\phpStudy\WWW\hkxt\Application\Home\Controller\MemberController.class.php 第 23 行.
SQL: SELECT COUNT(*) AS tp_count FROM `member_info` LIMIT 1   [ RunTime:0.032002s ]
NOTIC: [8] Undefined variable: map D:\phpStudy\WWW\hkxt\Application\Home\Controller\MemberController.class.php 第 24 行.
SQL: SELECT * FROM `member_info` LIMIT 0,10   [ RunTime:0.033002s ]
SQL: SELECT * FROM `member_info` WHERE `memberid` = 1 LIMIT 1   [ RunTime:0.033002s ]
SQL: SELECT * FROM `member_info` WHERE `memberid` = 1 LIMIT 1   [ RunTime:0.032002s ]
SQL: SELECT * FROM `member_info` WHERE `memberid` = 5 LIMIT 1   [ RunTime:0.032002s ]

[ 2017-05-08T14:10:31+08:00 ] ::1 /hkxt/index.php/Home//member/getRootList
INFO: [ app_init ] --START--
INFO: Run Behavior\BuildLiteBehavior [ RunTime:0.000000s ]
INFO: [ app_init ] --END-- [ RunTime:0.003001s ]
NOTIC: [8] Constant APP_DEBUG already defined D:\phpStudy\WWW\hkxt\Application\Home\Conf\config.php 第 16 行.
INFO: [ app_begin ] --START--
INFO: Run Behavior\ReadHtmlCacheBehavior [ RunTime:0.000000s ]
INFO: [ app_begin ] --END-- [ RunTime:0.001000s ]
NOTIC: [8192] mysql_connect(): The mysql extension is deprecated and will be removed in the future: use mysqli or PDO instead D:\phpStudy\WWW\hkxt\ThinkPHP\Library\Think\Db\Driver\Mysql.class.php 第 52 行.
SQL: SHOW COLUMNS FROM `member_info` [ RunTime:0.030002s ]
SQL: SELECT * FROM `member_info` WHERE ( superMemberid = 0  )  [ RunTime:0.031001s ]

[ 2017-05-08T14:10:39+08:00 ] ::1 /hkxt/index.php/Home//member/updateMember
INFO: [ app_init ] --START--
INFO: Run Behavior\BuildLiteBehavior [ RunTime:0.000000s ]
INFO: [ app_init ] --END-- [ RunTime:0.001000s ]
NOTIC: [8] Constant APP_DEBUG already defined D:\phpStudy\WWW\hkxt\Application\Home\Conf\config.php 第 16 行.
INFO: [ app_begin ] --START--
INFO: Run Behavior\ReadHtmlCacheBehavior [ RunTime:0.001000s ]
INFO: [ app_begin ] --END-- [ RunTime:0.001000s ]
NOTIC: [8192] mysql_connect(): The mysql extension is deprecated and will be removed in the future: use mysqli or PDO instead D:\phpStudy\WWW\hkxt\ThinkPHP\Library\Think\Db\Driver\Mysql.class.php 第 52 行.
SQL: SHOW COLUMNS FROM `member_info` [ RunTime:0.032002s ]
NOTIC: [8] Undefined index: memberId D:\phpStudy\WWW\hkxt\Application\Home\Controller\MemberController.class.php 第 100 行.
NOTIC: [8] Undefined index: memberId D:\phpStudy\WWW\hkxt\Application\Home\Controller\MemberController.class.php 第 107 行.
ERR: Think\Model:update方法不存在！

[ 2017-05-08T14:11:09+08:00 ] ::1 /hkxt/index.php/Home//member/add
INFO: [ app_init ] --START--
INFO: Run Behavior\BuildLiteBehavior [ RunTime:0.000000s ]
INFO: [ app_init ] --END-- [ RunTime:0.000000s ]
NOTIC: [8] Constant APP_DEBUG already defined D:\phpStudy\WWW\hkxt\Application\Home\Conf\config.php 第 16 行.
INFO: [ app_begin ] --START--
INFO: Run Behavior\ReadHtmlCacheBehavior [ RunTime:0.001000s ]
INFO: [ app_begin ] --END-- [ RunTime:0.001000s ]
NOTIC: [8192] mysql_connect(): The mysql extension is deprecated and will be removed in the future: use mysqli or PDO instead D:\phpStudy\WWW\hkxt\ThinkPHP\Library\Think\Db\Driver\Mysql.class.php 第 52 行.
SQL: SHOW COLUMNS FROM `member_info` [ RunTime:0.031002s ]
NOTIC: [8] Undefined index: type D:\phpStudy\WWW\hkxt\Application\Home\Controller\MemberController.class.php 第 71 行.
SQL: INSERT INTO `member_info` (`name`,`mark`,`superMemberid`,`tel`,`phone`,`status`) VALUES ('1123213','1232111','0','1111','111',0) [ RunTime:0.031002s ]

[ 2017-05-08T14:11:10+08:00 ] ::1 /hkxt/index.php/Home//member/getList
INFO: [ app_init ] --START--
INFO: Run Behavior\BuildLiteBehavior [ RunTime:0.000000s ]
INFO: [ app_init ] --END-- [ RunTime:0.001000s ]
NOTIC: [8] Constant APP_DEBUG already defined D:\phpStudy\WWW\hkxt\Application\Home\Conf\config.php 第 16 行.
INFO: [ app_begin ] --START--
INFO: Run Behavior\ReadHtmlCacheBehavior [ RunTime:0.001000s ]
INFO: [ app_begin ] --END-- [ RunTime:0.001000s ]
NOTIC: [8192] mysql_connect(): The mysql extension is deprecated and will be removed in the future: use mysqli or PDO instead D:\phpStudy\WWW\hkxt\ThinkPHP\Library\Think\Db\Driver\Mysql.class.php 第 52 行.
SQL: SHOW COLUMNS FROM `member_info` [ RunTime:0.038003s ]
NOTIC: [8] Undefined variable: map D:\phpStudy\WWW\hkxt\Application\Home\Controller\MemberController.class.php 第 23 行.
SQL: SELECT COUNT(*) AS tp_count FROM `member_info` LIMIT 1   [ RunTime:0.032001s ]
NOTIC: [8] Undefined variable: map D:\phpStudy\WWW\hkxt\Application\Home\Controller\MemberController.class.php 第 24 行.
SQL: SELECT * FROM `member_info` LIMIT 0,10   [ RunTime:0.033002s ]
SQL: SELECT * FROM `member_info` WHERE `memberid` = 1 LIMIT 1   [ RunTime:0.032002s ]
SQL: SELECT * FROM `member_info` WHERE `memberid` = 1 LIMIT 1   [ RunTime:0.032002s ]
SQL: SELECT * FROM `member_info` WHERE `memberid` = 5 LIMIT 1   [ RunTime:0.032002s ]

[ 2017-05-08T14:11:24+08:00 ] ::1 /hkxt/index.php/Home//member/updateStatus
INFO: [ app_init ] --START--
INFO: Run Behavior\BuildLiteBehavior [ RunTime:0.001000s ]
INFO: [ app_init ] --END-- [ RunTime:0.001000s ]
NOTIC: [8] Constant APP_DEBUG already defined D:\phpStudy\WWW\hkxt\Application\Home\Conf\config.php 第 16 行.
INFO: [ app_begin ] --START--
INFO: Run Behavior\ReadHtmlCacheBehavior [ RunTime:0.002000s ]
INFO: [ app_begin ] --END-- [ RunTime:0.002000s ]
NOTIC: [8] Undefined index: memberId D:\phpStudy\WWW\hkxt\Application\Home\Controller\MemberController.class.php 第 123 行.
NOTIC: [2] Invalid argument supplied for foreach() D:\phpStudy\WWW\hkxt\Application\Home\Controller\MemberController.class.php 第 125 行.

[ 2017-05-08T14:11:25+08:00 ] ::1 /hkxt/index.php/Home//member/getList
INFO: [ app_init ] --START--
INFO: Run Behavior\BuildLiteBehavior [ RunTime:0.000000s ]
INFO: [ app_init ] --END-- [ RunTime:0.001000s ]
NOTIC: [8] Constant APP_DEBUG already defined D:\phpStudy\WWW\hkxt\Application\Home\Conf\config.php 第 16 行.
INFO: [ app_begin ] --START--
INFO: Run Behavior\ReadHtmlCacheBehavior [ RunTime:0.001000s ]
INFO: [ app_begin ] --END-- [ RunTime:0.001000s ]
NOTIC: [8192] mysql_connect(): The mysql extension is deprecated and will be removed in the future: use mysqli or PDO instead D:\phpStudy\WWW\hkxt\ThinkPHP\Library\Think\Db\Driver\Mysql.class.php 第 52 行.
SQL: SHOW COLUMNS FROM `member_info` [ RunTime:0.032002s ]
NOTIC: [8] Undefined variable: map D:\phpStudy\WWW\hkxt\Application\Home\Controller\MemberController.class.php 第 23 行.
SQL: SELECT COUNT(*) AS tp_count FROM `member_info` LIMIT 1   [ RunTime:0.031002s ]
NOTIC: [8] Undefined variable: map D:\phpStudy\WWW\hkxt\Application\Home\Controller\MemberController.class.php 第 24 行.
SQL: SELECT * FROM `member_info` LIMIT 0,10   [ RunTime:0.032002s ]
SQL: SELECT * FROM `member_info` WHERE `memberid` = 1 LIMIT 1   [ RunTime:0.031001s ]
SQL: SELECT * FROM `member_info` WHERE `memberid` = 1 LIMIT 1   [ RunTime:0.031002s ]
SQL: SELECT * FROM `member_info` WHERE `memberid` = 5 LIMIT 1   [ RunTime:0.031002s ]

[ 2017-05-08T14:11:32+08:00 ] ::1 /hkxt/index.php/Home/accountmanage/orgManage
INFO: [ app_init ] --START--
INFO: Run Behavior\BuildLiteBehavior [ RunTime:0.000000s ]
INFO: [ app_init ] --END-- [ RunTime:0.001000s ]
NOTIC: [8] Constant APP_DEBUG already defined D:\phpStudy\WWW\hkxt\Application\Home\Conf\config.php 第 16 行.

[ 2017-05-08T14:11:34+08:00 ] ::1 /hkxt/index.php/Home//member/getList
INFO: [ app_init ] --START--
INFO: Run Behavior\BuildLiteBehavior [ RunTime:0.000000s ]
INFO: [ app_init ] --END-- [ RunTime:0.002000s ]
NOTIC: [8] Constant APP_DEBUG already defined D:\phpStudy\WWW\hkxt\Application\Home\Conf\config.php 第 16 行.
INFO: [ app_begin ] --START--
INFO: Run Behavior\ReadHtmlCacheBehavior [ RunTime:0.001000s ]
INFO: [ app_begin ] --END-- [ RunTime:0.001000s ]
NOTIC: [8192] mysql_connect(): The mysql extension is deprecated and will be removed in the future: use mysqli or PDO instead D:\phpStudy\WWW\hkxt\ThinkPHP\Library\Think\Db\Driver\Mysql.class.php 第 52 行.
SQL: SHOW COLUMNS FROM `member_info` [ RunTime:0.031002s ]
NOTIC: [8] Undefined variable: map D:\phpStudy\WWW\hkxt\Application\Home\Controller\MemberController.class.php 第 23 行.
SQL: SELECT COUNT(*) AS tp_count FROM `member_info` LIMIT 1   [ RunTime:0.031001s ]
NOTIC: [8] Undefined variable: map D:\phpStudy\WWW\hkxt\Application\Home\Controller\MemberController.class.php 第 24 行.
SQL: SELECT * FROM `member_info` LIMIT 0,10   [ RunTime:0.031002s ]
SQL: SELECT * FROM `member_info` WHERE `memberid` = 1 LIMIT 1   [ RunTime:0.031002s ]
SQL: SELECT * FROM `member_info` WHERE `memberid` = 1 LIMIT 1   [ RunTime:0.031002s ]
SQL: SELECT * FROM `member_info` WHERE `memberid` = 5 LIMIT 1   [ RunTime:0.030002s ]

[ 2017-05-08T14:11:35+08:00 ] ::1 /hkxt/index.php/Home//member/getRootList
INFO: [ app_init ] --START--
INFO: Run Behavior\BuildLiteBehavior [ RunTime:0.000000s ]
INFO: [ app_init ] --END-- [ RunTime:0.001000s ]
NOTIC: [8] Constant APP_DEBUG already defined D:\phpStudy\WWW\hkxt\Application\Home\Conf\config.php 第 16 行.
INFO: [ app_begin ] --START--
INFO: Run Behavior\ReadHtmlCacheBehavior [ RunTime:0.001000s ]
INFO: [ app_begin ] --END-- [ RunTime:0.002000s ]
NOTIC: [8192] mysql_connect(): The mysql extension is deprecated and will be removed in the future: use mysqli or PDO instead D:\phpStudy\WWW\hkxt\ThinkPHP\Library\Think\Db\Driver\Mysql.class.php 第 52 行.
SQL: SHOW COLUMNS FROM `member_info` [ RunTime:0.030002s ]
SQL: SELECT * FROM `member_info` WHERE ( superMemberid = 0  )  [ RunTime:0.029001s ]

[ 2017-05-08T14:11:43+08:00 ] ::1 /hkxt/index.php/Home//member/updateStatus
INFO: [ app_init ] --START--
INFO: Run Behavior\BuildLiteBehavior [ RunTime:0.000000s ]
INFO: [ app_init ] --END-- [ RunTime:0.001000s ]
NOTIC: [8] Constant APP_DEBUG already defined D:\phpStudy\WWW\hkxt\Application\Home\Conf\config.php 第 16 行.
INFO: [ app_begin ] --START--
INFO: Run Behavior\ReadHtmlCacheBehavior [ RunTime:0.001000s ]
INFO: [ app_begin ] --END-- [ RunTime:0.001000s ]
NOTIC: [8] Undefined index: memberId D:\phpStudy\WWW\hkxt\Application\Home\Controller\MemberController.class.php 第 123 行.
NOTIC: [2] Invalid argument supplied for foreach() D:\phpStudy\WWW\hkxt\Application\Home\Controller\MemberController.class.php 第 125 行.

[ 2017-05-08T14:11:43+08:00 ] ::1 /hkxt/index.php/Home//member/getList
INFO: [ app_init ] --START--
INFO: Run Behavior\BuildLiteBehavior [ RunTime:0.000000s ]
INFO: [ app_init ] --END-- [ RunTime:0.001000s ]
NOTIC: [8] Constant APP_DEBUG already defined D:\phpStudy\WWW\hkxt\Application\Home\Conf\config.php 第 16 行.
INFO: [ app_begin ] --START--
INFO: Run Behavior\ReadHtmlCacheBehavior [ RunTime:0.001000s ]
INFO: [ app_begin ] --END-- [ RunTime:0.001000s ]
NOTIC: [8192] mysql_connect(): The mysql extension is deprecated and will be removed in the future: use mysqli or PDO instead D:\phpStudy\WWW\hkxt\ThinkPHP\Library\Think\Db\Driver\Mysql.class.php 第 52 行.
SQL: SHOW COLUMNS FROM `member_info` [ RunTime:0.033002s ]
NOTIC: [8] Undefined variable: map D:\phpStudy\WWW\hkxt\Application\Home\Controller\MemberController.class.php 第 23 行.
SQL: SELECT COUNT(*) AS tp_count FROM `member_info` LIMIT 1   [ RunTime:0.029002s ]
NOTIC: [8] Undefined variable: map D:\phpStudy\WWW\hkxt\Application\Home\Controller\MemberController.class.php 第 24 行.
SQL: SELECT * FROM `member_info` LIMIT 0,10   [ RunTime:0.031002s ]
SQL: SELECT * FROM `member_info` WHERE `memberid` = 1 LIMIT 1   [ RunTime:0.030001s ]
SQL: SELECT * FROM `member_info` WHERE `memberid` = 1 LIMIT 1   [ RunTime:0.030001s ]
SQL: SELECT * FROM `member_info` WHERE `memberid` = 5 LIMIT 1   [ RunTime:0.029002s ]

[ 2017-05-08T14:43:38+08:00 ] ::1 /hkxt/index.php/Home/login/login
INFO: [ app_init ] --START--
INFO: Run Behavior\BuildLiteBehavior [ RunTime:0.000000s ]
INFO: [ app_init ] --END-- [ RunTime:0.000000s ]
NOTIC: [8] Constant APP_DEBUG already defined D:\phpStudy\WWW\hkxt\Application\Home\Conf\config.php 第 16 行.

[ 2017-05-08T14:44:19+08:00 ] ::1 /hkxt/index.php/Home/agent/getlist
INFO: [ app_init ] --START--
INFO: Run Behavior\BuildLiteBehavior [ RunTime:0.000000s ]
INFO: [ app_init ] --END-- [ RunTime:0.000000s ]
NOTIC: [8] Constant APP_DEBUG already defined D:\phpStudy\WWW\hkxt\Application\Home\Conf\config.php 第 16 行.

[ 2017-05-08T14:54:50+08:00 ] ::1 /hkxt/index.php/Home/member/updateMember
INFO: [ app_init ] --START--
INFO: Run Behavior\BuildLiteBehavior [ RunTime:0.000000s ]
INFO: [ app_init ] --END-- [ RunTime:0.000000s ]
NOTIC: [8] Constant APP_DEBUG already defined D:\phpStudy\WWW\hkxt\Application\Home\Conf\config.php 第 16 行.
ERR: Think\Model:update方法不存在！

[ 2017-05-08T14:55:37+08:00 ] ::1 /hkxt/index.php/Home/member/updateMember
INFO: [ app_init ] --START--
INFO: Run Behavior\BuildLiteBehavior [ RunTime:0.000000s ]
INFO: [ app_init ] --END-- [ RunTime:0.000000s ]
NOTIC: [8] Constant APP_DEBUG already defined D:\phpStudy\WWW\hkxt\Application\Home\Conf\config.php 第 16 行.

[ 2017-05-08T14:57:41+08:00 ] ::1 /hkxt/index.php/Home/member/updateMember
INFO: [ app_init ] --START--
INFO: Run Behavior\BuildLiteBehavior [ RunTime:0.000000s ]
INFO: [ app_init ] --END-- [ RunTime:0.001000s ]
NOTIC: [8] Constant APP_DEBUG already defined D:\phpStudy\WWW\hkxt\Application\Home\Conf\config.php 第 16 行.

[ 2017-05-08T14:59:43+08:00 ] ::1 /hkxt/index.php/Home/member/updateMember
INFO: [ app_init ] --START--
INFO: Run Behavior\BuildLiteBehavior [ RunTime:0.000000s ]
INFO: [ app_init ] --END-- [ RunTime:0.000000s ]
NOTIC: [8] Constant APP_DEBUG already defined D:\phpStudy\WWW\hkxt\Application\Home\Conf\config.php 第 16 行.

[ 2017-05-08T15:00:21+08:00 ] ::1 /hkxt/index.php/Home/member/updateMember
INFO: [ app_init ] --START--
INFO: Run Behavior\BuildLiteBehavior [ RunTime:0.000000s ]
INFO: [ app_init ] --END-- [ RunTime:0.000000s ]
NOTIC: [8] Constant APP_DEBUG already defined D:\phpStudy\WWW\hkxt\Application\Home\Conf\config.php 第 16 行.

[ 2017-05-08T15:00:40+08:00 ] ::1 /hkxt/index.php/Home/member/updateMember
INFO: [ app_init ] --START--
INFO: Run Behavior\BuildLiteBehavior [ RunTime:0.000000s ]
INFO: [ app_init ] --END-- [ RunTime:0.001000s ]
NOTIC: [8] Constant APP_DEBUG already defined D:\phpStudy\WWW\hkxt\Application\Home\Conf\config.php 第 16 行.

[ 2017-05-08T15:03:10+08:00 ] ::1 /hkxt/index.php/Home/member/updateStatus
INFO: [ app_init ] --START--
INFO: Run Behavior\BuildLiteBehavior [ RunTime:0.000000s ]
INFO: [ app_init ] --END-- [ RunTime:0.000000s ]
NOTIC: [8] Constant APP_DEBUG already defined D:\phpStudy\WWW\hkxt\Application\Home\Conf\config.php 第 16 行.

[ 2017-05-08T15:04:48+08:00 ] ::1 /hkxt/index.php/Home/member/updateStatus
INFO: [ app_init ] --START--
INFO: Run Behavior\BuildLiteBehavior [ RunTime:0.001000s ]
INFO: [ app_init ] --END-- [ RunTime:0.001000s ]
NOTIC: [8] Constant APP_DEBUG already defined D:\phpStudy\WWW\hkxt\Application\Home\Conf\config.php 第 16 行.

[ 2017-05-08T15:05:13+08:00 ] ::1 /hkxt/index.php/Home/member/updateStatus
INFO: [ app_init ] --START--
INFO: Run Behavior\BuildLiteBehavior [ RunTime:0.000000s ]
INFO: [ app_init ] --END-- [ RunTime:0.001000s ]
NOTIC: [8] Constant APP_DEBUG already defined D:\phpStudy\WWW\hkxt\Application\Home\Conf\config.php 第 16 行.

[ 2017-05-08T15:05:17+08:00 ] ::1 /hkxt/index.php/Home/member/updateStatus
INFO: [ app_init ] --START--
INFO: Run Behavior\BuildLiteBehavior [ RunTime:0.000000s ]
INFO: [ app_init ] --END-- [ RunTime:0.001000s ]
NOTIC: [8] Constant APP_DEBUG already defined D:\phpStudy\WWW\hkxt\Application\Home\Conf\config.php 第 16 行.

[ 2017-05-08T15:05:27+08:00 ] ::1 /hkxt/index.php/Home/member/updateStatus
INFO: [ app_init ] --START--
INFO: Run Behavior\BuildLiteBehavior [ RunTime:0.000000s ]
INFO: [ app_init ] --END-- [ RunTime:0.001000s ]
NOTIC: [8] Constant APP_DEBUG already defined D:\phpStudy\WWW\hkxt\Application\Home\Conf\config.php 第 16 行.

[ 2017-05-08T15:09:20+08:00 ] ::1 /hkxt/index.php/Home/adminuser/getlist
INFO: [ app_init ] --START--
INFO: Run Behavior\BuildLiteBehavior [ RunTime:0.000000s ]
INFO: [ app_init ] --END-- [ RunTime:0.000000s ]
NOTIC: [8] Constant APP_DEBUG already defined D:\phpStudy\WWW\hkxt\Application\Home\Conf\config.php 第 16 行.

[ 2017-05-08T15:15:04+08:00 ] ::1 /hkxt/index.php/Home/login/login
INFO: [ app_init ] --START--
INFO: Run Behavior\BuildLiteBehavior [ RunTime:0.000000s ]
INFO: [ app_init ] --END-- [ RunTime:0.001000s ]
NOTIC: [8] Constant APP_DEBUG already defined D:\phpStudy\WWW\hkxt\Application\Home\Conf\config.php 第 16 行.

[ 2017-05-08T15:15:16+08:00 ] ::1 /hkxt/index.php/Home//login/dologin
INFO: [ app_init ] --START--
INFO: Run Behavior\BuildLiteBehavior [ RunTime:0.000000s ]
INFO: [ app_init ] --END-- [ RunTime:0.001000s ]
NOTIC: [8] Constant APP_DEBUG already defined D:\phpStudy\WWW\hkxt\Application\Home\Conf\config.php 第 16 行.
INFO: [ app_begin ] --START--
INFO: Run Behavior\ReadHtmlCacheBehavior [ RunTime:0.001001s ]
INFO: [ app_begin ] --END-- [ RunTime:0.001001s ]
NOTIC: [8192] mysql_connect(): The mysql extension is deprecated and will be removed in the future: use mysqli or PDO instead D:\phpStudy\WWW\hkxt\ThinkPHP\Library\Think\Db\Driver\Mysql.class.php 第 52 行.
SQL: SHOW COLUMNS FROM `admin_user` [ RunTime:0.033001s ]
SQL: SELECT * FROM `admin_user` WHERE `uid` = 'adminuser' AND `pass` = '25f9e794323b453885f5181f1b624d0b' AND `status` = 0 LIMIT 1   [ RunTime:0.032002s ]

[ 2017-05-08T15:15:18+08:00 ] ::1 /hkxt/index.php/Home/accountmanage/usermanage
INFO: [ app_init ] --START--
INFO: Run Behavior\BuildLiteBehavior [ RunTime:0.000000s ]
INFO: [ app_init ] --END-- [ RunTime:0.000000s ]
NOTIC: [8] Constant APP_DEBUG already defined D:\phpStudy\WWW\hkxt\Application\Home\Conf\config.php 第 16 行.

[ 2017-05-08T15:15:19+08:00 ] ::1 /hkxt/index.php/Home//member/getList
INFO: [ app_init ] --START--
INFO: Run Behavior\BuildLiteBehavior [ RunTime:0.000000s ]
INFO: [ app_init ] --END-- [ RunTime:0.000000s ]
NOTIC: [8] Constant APP_DEBUG already defined D:\phpStudy\WWW\hkxt\Application\Home\Conf\config.php 第 16 行.
INFO: [ app_begin ] --START--
INFO: Run Behavior\ReadHtmlCacheBehavior [ RunTime:0.000000s ]
INFO: [ app_begin ] --END-- [ RunTime:0.001000s ]
NOTIC: [8192] mysql_connect(): The mysql extension is deprecated and will be removed in the future: use mysqli or PDO instead D:\phpStudy\WWW\hkxt\ThinkPHP\Library\Think\Db\Driver\Mysql.class.php 第 52 行.
SQL: SHOW COLUMNS FROM `member_info` [ RunTime:0.032002s ]
NOTIC: [8] Undefined variable: map D:\phpStudy\WWW\hkxt\Application\Home\Controller\MemberController.class.php 第 23 行.
SQL: SELECT COUNT(*) AS tp_count FROM `member_info` LIMIT 1   [ RunTime:0.030001s ]
NOTIC: [8] Undefined variable: map D:\phpStudy\WWW\hkxt\Application\Home\Controller\MemberController.class.php 第 24 行.
NOTIC: [8] Undefined index: limit D:\phpStudy\WWW\hkxt\ThinkPHP\Library\Think\Db.class.php 第 786 行.
SQL: SELECT * FROM `member_info` LIMIT 0,20   [ RunTime:0.033002s ]
SQL: SELECT * FROM `member_info` WHERE `memberid` = 1 LIMIT 1   [ RunTime:0.031001s ]
SQL: SELECT * FROM `member_info` WHERE `memberid` = 1 LIMIT 1   [ RunTime:0.031002s ]
SQL: SELECT * FROM `member_info` WHERE `memberid` = 5 LIMIT 1   [ RunTime:0.031002s ]
NOTIC: [2] Division by zero D:\phpStudy\WWW\hkxt\Application\Home\Controller\MemberController.class.php 第 38 行.

[ 2017-05-08T15:15:20+08:00 ] ::1 /hkxt/index.php/Home//adminuser/getList
INFO: [ app_init ] --START--
INFO: Run Behavior\BuildLiteBehavior [ RunTime:0.000000s ]
INFO: [ app_init ] --END-- [ RunTime:0.000000s ]
NOTIC: [8] Constant APP_DEBUG already defined D:\phpStudy\WWW\hkxt\Application\Home\Conf\config.php 第 16 行.
INFO: [ app_begin ] --START--
INFO: Run Behavior\ReadHtmlCacheBehavior [ RunTime:0.001000s ]
INFO: [ app_begin ] --END-- [ RunTime:0.001000s ]
NOTIC: [8192] mysql_connect(): The mysql extension is deprecated and will be removed in the future: use mysqli or PDO instead D:\phpStudy\WWW\hkxt\ThinkPHP\Library\Think\Db\Driver\Mysql.class.php 第 52 行.
SQL: SHOW COLUMNS FROM `admin_user` [ RunTime:0.032001s ]
NOTIC: [8] Undefined index: starTime D:\phpStudy\WWW\hkxt\Application\Home\Controller\AdminuserController.class.php 第 24 行.
NOTIC: [8] Undefined index: endTime D:\phpStudy\WWW\hkxt\Application\Home\Controller\AdminuserController.class.php 第 25 行.
NOTIC: [8] Undefined variable: map D:\phpStudy\WWW\hkxt\Application\Home\Controller\AdminuserController.class.php 第 36 行.
SQL: SELECT COUNT(*) AS tp_count FROM `admin_user` LIMIT 1   [ RunTime:0.032001s ]
NOTIC: [8] Undefined variable: map D:\phpStudy\WWW\hkxt\Application\Home\Controller\AdminuserController.class.php 第 37 行.
SQL: SELECT * FROM `admin_user` LIMIT 0,10   [ RunTime:0.032001s ]
NOTIC: [8] Undefined index: memberid D:\phpStudy\WWW\hkxt\Application\Home\Controller\AdminuserController.class.php 第 40 行.
SQL: SHOW COLUMNS FROM `member_info` [ RunTime:0.031002s ]
SQL: SELECT * FROM `member_info` WHERE `memberid` = null LIMIT 1   [ RunTime:0.031002s ]
NOTIC: [8] Undefined index: memberid D:\phpStudy\WWW\hkxt\Application\Home\Controller\AdminuserController.class.php 第 40 行.
SQL: SELECT * FROM `member_info` WHERE `memberid` = null LIMIT 1   [ RunTime:0.032002s ]
NOTIC: [8] Undefined index: memberid D:\phpStudy\WWW\hkxt\Application\Home\Controller\AdminuserController.class.php 第 40 行.
SQL: SELECT * FROM `member_info` WHERE `memberid` = null LIMIT 1   [ RunTime:0.031002s ]
NOTIC: [8] Undefined index: memberid D:\phpStudy\WWW\hkxt\Application\Home\Controller\AdminuserController.class.php 第 40 行.
SQL: SELECT * FROM `member_info` WHERE `memberid` = null LIMIT 1   [ RunTime:0.032002s ]
NOTIC: [8] Undefined index: memberid D:\phpStudy\WWW\hkxt\Application\Home\Controller\AdminuserController.class.php 第 40 行.
SQL: SELECT * FROM `member_info` WHERE `memberid` = null LIMIT 1   [ RunTime:0.032002s ]
NOTIC: [8] Undefined index: memberid D:\phpStudy\WWW\hkxt\Application\Home\Controller\AdminuserController.class.php 第 40 行.
SQL: SELECT * FROM `member_info` WHERE `memberid` = null LIMIT 1   [ RunTime:0.030002s ]

[ 2017-05-08T15:15:20+08:00 ] ::1 /hkxt/index.php/Home/accountmanage/brokerManage
INFO: [ app_init ] --START--
INFO: Run Behavior\BuildLiteBehavior [ RunTime:0.000000s ]
INFO: [ app_init ] --END-- [ RunTime:0.001000s ]
NOTIC: [8] Constant APP_DEBUG already defined D:\phpStudy\WWW\hkxt\Application\Home\Conf\config.php 第 16 行.

[ 2017-05-08T15:15:21+08:00 ] ::1 /hkxt/index.php/Home//agent/getList
INFO: [ app_init ] --START--
INFO: Run Behavior\BuildLiteBehavior [ RunTime:0.000000s ]
INFO: [ app_init ] --END-- [ RunTime:0.000000s ]
NOTIC: [8] Constant APP_DEBUG already defined D:\phpStudy\WWW\hkxt\Application\Home\Conf\config.php 第 16 行.
INFO: [ app_begin ] --START--
INFO: Run Behavior\ReadHtmlCacheBehavior [ RunTime:0.001000s ]
INFO: [ app_begin ] --END-- [ RunTime:0.001000s ]
NOTIC: [8192] mysql_connect(): The mysql extension is deprecated and will be removed in the future: use mysqli or PDO instead D:\phpStudy\WWW\hkxt\ThinkPHP\Library\Think\Db\Driver\Mysql.class.php 第 52 行.
SQL: SHOW COLUMNS FROM `agent_info` [ RunTime:0.032001s ]
SQL: SHOW COLUMNS FROM `member_info` [ RunTime:0.031002s ]
NOTIC: [8] Undefined variable: map D:\phpStudy\WWW\hkxt\Application\Home\Controller\AgentController.class.php 第 24 行.
SQL: SELECT COUNT(*) AS tp_count FROM `agent_info` LIMIT 1   [ RunTime:0.031002s ]
NOTIC: [8] Undefined variable: map D:\phpStudy\WWW\hkxt\Application\Home\Controller\AgentController.class.php 第 25 行.
SQL: SELECT * FROM `agent_info` LIMIT 0,10   [ RunTime:0.032002s ]
SQL: SELECT * FROM `member_info` WHERE `memberid` = 1  [ RunTime:0.031002s ]

[ 2017-05-08T15:45:52+08:00 ] ::1 /hkxt/index.php/Home//agent/getList
INFO: [ app_init ] --START--
INFO: Run Behavior\BuildLiteBehavior [ RunTime:0.000000s ]
INFO: [ app_init ] --END-- [ RunTime:0.113007s ]
NOTIC: [8] Constant APP_DEBUG already defined D:\phpStudy\WWW\hkxt\Application\Home\Conf\config.php 第 16 行.
INFO: [ app_begin ] --START--
INFO: Run Behavior\ReadHtmlCacheBehavior [ RunTime:0.031002s ]
INFO: [ app_begin ] --END-- [ RunTime:0.031002s ]
NOTIC: [8192] mysql_connect(): The mysql extension is deprecated and will be removed in the future: use mysqli or PDO instead D:\phpStudy\WWW\hkxt\ThinkPHP\Library\Think\Db\Driver\Mysql.class.php 第 52 行.
SQL: SHOW COLUMNS FROM `agent_info` [ RunTime:0.033002s ]
SQL: SHOW COLUMNS FROM `member_info` [ RunTime:0.032002s ]
NOTIC: [8] Undefined variable: map D:\phpStudy\WWW\hkxt\Application\Home\Controller\AgentController.class.php 第 24 行.
SQL: SELECT COUNT(*) AS tp_count FROM `agent_info` LIMIT 1   [ RunTime:0.032002s ]
NOTIC: [8] Undefined variable: map D:\phpStudy\WWW\hkxt\Application\Home\Controller\AgentController.class.php 第 25 行.
SQL: SELECT * FROM `agent_info` LIMIT 0,10   [ RunTime:0.034002s ]
SQL: SELECT * FROM `member_info` WHERE `memberid` = 1  [ RunTime:0.032002s ]

[ 2017-05-08T16:07:21+08:00 ] ::1 /hkxt/index.php/Home/agent/add
INFO: [ app_init ] --START--
INFO: Run Behavior\BuildLiteBehavior [ RunTime:0.000000s ]
INFO: [ app_init ] --END-- [ RunTime:0.001000s ]
NOTIC: [8] Constant APP_DEBUG already defined D:\phpStudy\WWW\hkxt\Application\Home\Conf\config.php 第 16 行.

[ 2017-05-08T16:09:57+08:00 ] ::1 /hkxt/index.php/Home/agent/add
INFO: [ app_init ] --START--
INFO: Run Behavior\BuildLiteBehavior [ RunTime:0.000000s ]
INFO: [ app_init ] --END-- [ RunTime:0.000000s ]
NOTIC: [8] Constant APP_DEBUG already defined D:\phpStudy\WWW\hkxt\Application\Home\Conf\config.php 第 16 行.

[ 2017-05-08T16:12:41+08:00 ] ::1 /hkxt/index.php/Home/agent/add
INFO: [ app_init ] --START--
INFO: Run Behavior\BuildLiteBehavior [ RunTime:0.000000s ]
INFO: [ app_init ] --END-- [ RunTime:0.000000s ]
NOTIC: [8] Constant APP_DEBUG already defined D:\phpStudy\WWW\hkxt\Application\Home\Conf\config.php 第 16 行.

[ 2017-05-08T16:12:41+08:00 ] ::1 /hkxt/index.php/Home/agent/add
INFO: [ app_init ] --START--
INFO: Run Behavior\BuildLiteBehavior [ RunTime:0.000000s ]
INFO: [ app_init ] --END-- [ RunTime:0.000000s ]
NOTIC: [8] Constant APP_DEBUG already defined D:\phpStudy\WWW\hkxt\Application\Home\Conf\config.php 第 16 行.

[ 2017-05-08T16:12:41+08:00 ] ::1 /hkxt/index.php/Home/agent/add
INFO: [ app_init ] --START--
INFO: Run Behavior\BuildLiteBehavior [ RunTime:0.000000s ]
INFO: [ app_init ] --END-- [ RunTime:0.001000s ]
NOTIC: [8] Constant APP_DEBUG already defined D:\phpStudy\WWW\hkxt\Application\Home\Conf\config.php 第 16 行.

[ 2017-05-08T16:12:46+08:00 ] ::1 /hkxt/index.php/Home/agent/add
INFO: [ app_init ] --START--
INFO: Run Behavior\BuildLiteBehavior [ RunTime:0.000000s ]
INFO: [ app_init ] --END-- [ RunTime:0.000000s ]
NOTIC: [8] Constant APP_DEBUG already defined D:\phpStudy\WWW\hkxt\Application\Home\Conf\config.php 第 16 行.

[ 2017-05-08T16:12:54+08:00 ] ::1 /hkxt/index.php/Home/agent/add
INFO: [ app_init ] --START--
INFO: Run Behavior\BuildLiteBehavior [ RunTime:0.000000s ]
INFO: [ app_init ] --END-- [ RunTime:0.001000s ]
NOTIC: [8] Constant APP_DEBUG already defined D:\phpStudy\WWW\hkxt\Application\Home\Conf\config.php 第 16 行.

[ 2017-05-08T16:13:11+08:00 ] ::1 /hkxt/index.php/Home/agent/add
INFO: [ app_init ] --START--
INFO: Run Behavior\BuildLiteBehavior [ RunTime:0.000000s ]
INFO: [ app_init ] --END-- [ RunTime:0.000000s ]
NOTIC: [8] Constant APP_DEBUG already defined D:\phpStudy\WWW\hkxt\Application\Home\Conf\config.php 第 16 行.

[ 2017-05-08T16:13:26+08:00 ] ::1 /hkxt/index.php/Home/agent/add
INFO: [ app_init ] --START--
INFO: Run Behavior\BuildLiteBehavior [ RunTime:0.000000s ]
INFO: [ app_init ] --END-- [ RunTime:0.001000s ]
NOTIC: [8] Constant APP_DEBUG already defined D:\phpStudy\WWW\hkxt\Application\Home\Conf\config.php 第 16 行.

[ 2017-05-08T16:14:52+08:00 ] 127.0.0.1 /hkxt/index.php/Home/agent/add
INFO: [ app_init ] --START--
INFO: Run Behavior\BuildLiteBehavior [ RunTime:0.000000s ]
INFO: [ app_init ] --END-- [ RunTime:0.000000s ]
NOTIC: [8] Constant APP_DEBUG already defined D:\phpStudy\WWW\hkxt\Application\Home\Conf\config.php 第 16 行.

[ 2017-05-08T16:48:55+08:00 ] ::1 /hkxt/index.php/Home/userManage
INFO: [ app_init ] --START--
INFO: Run Behavior\BuildLiteBehavior [ RunTime:0.000000s ]
INFO: [ app_init ] --END-- [ RunTime:0.000000s ]
NOTIC: [8] Constant APP_DEBUG already defined D:\phpStudy\WWW\hkxt\Application\Home\Conf\config.php 第 16 行.
ERR: 无法加载控制器:UserManage

[ 2017-05-08T16:49:00+08:00 ] ::1 /hkxt/index.php/Home//agent/getList
INFO: [ app_init ] --START--
INFO: Run Behavior\BuildLiteBehavior [ RunTime:0.000000s ]
INFO: [ app_init ] --END-- [ RunTime:0.000000s ]
NOTIC: [8] Constant APP_DEBUG already defined D:\phpStudy\WWW\hkxt\Application\Home\Conf\config.php 第 16 行.
INFO: [ app_begin ] --START--
INFO: Run Behavior\ReadHtmlCacheBehavior [ RunTime:0.000000s ]
INFO: [ app_begin ] --END-- [ RunTime:0.000000s ]
NOTIC: [8192] mysql_connect(): The mysql extension is deprecated and will be removed in the future: use mysqli or PDO instead D:\phpStudy\WWW\hkxt\ThinkPHP\Library\Think\Db\Driver\Mysql.class.php 第 52 行.
SQL: SHOW COLUMNS FROM `agent_info` [ RunTime:0.049002s ]
SQL: SHOW COLUMNS FROM `member_info` [ RunTime:0.031002s ]
NOTIC: [8] Undefined variable: map D:\phpStudy\WWW\hkxt\Application\Home\Controller\AgentController.class.php 第 24 行.
SQL: SELECT COUNT(*) AS tp_count FROM `agent_info` LIMIT 1   [ RunTime:0.072004s ]
NOTIC: [8] Undefined variable: map D:\phpStudy\WWW\hkxt\Application\Home\Controller\AgentController.class.php 第 25 行.
SQL: SELECT * FROM `agent_info` LIMIT 0,10   [ RunTime:0.031001s ]
SQL: SELECT * FROM `member_info` WHERE `memberid` = 1  [ RunTime:0.031002s ]

[ 2017-05-08T16:49:04+08:00 ] ::1 /hkxt/index.php/Home/accountmanage/userManage
INFO: [ app_init ] --START--
INFO: Run Behavior\BuildLiteBehavior [ RunTime:0.000000s ]
INFO: [ app_init ] --END-- [ RunTime:0.001000s ]
NOTIC: [8] Constant APP_DEBUG already defined D:\phpStudy\WWW\hkxt\Application\Home\Conf\config.php 第 16 行.

[ 2017-05-08T16:49:05+08:00 ] ::1 /hkxt/index.php/Home//member/getList
INFO: [ app_init ] --START--
INFO: Run Behavior\BuildLiteBehavior [ RunTime:0.000000s ]
INFO: [ app_init ] --END-- [ RunTime:0.000000s ]
NOTIC: [8] Constant APP_DEBUG already defined D:\phpStudy\WWW\hkxt\Application\Home\Conf\config.php 第 16 行.
INFO: [ app_begin ] --START--
INFO: Run Behavior\ReadHtmlCacheBehavior [ RunTime:0.001000s ]
INFO: [ app_begin ] --END-- [ RunTime:0.001000s ]
NOTIC: [8192] mysql_connect(): The mysql extension is deprecated and will be removed in the future: use mysqli or PDO instead D:\phpStudy\WWW\hkxt\ThinkPHP\Library\Think\Db\Driver\Mysql.class.php 第 52 行.
SQL: SHOW COLUMNS FROM `member_info` [ RunTime:0.034002s ]
NOTIC: [8] Undefined variable: map D:\phpStudy\WWW\hkxt\Application\Home\Controller\MemberController.class.php 第 23 行.
SQL: SELECT COUNT(*) AS tp_count FROM `member_info` LIMIT 1   [ RunTime:0.034002s ]
NOTIC: [8] Undefined variable: map D:\phpStudy\WWW\hkxt\Application\Home\Controller\MemberController.class.php 第 24 行.
NOTIC: [8] Undefined index: limit D:\phpStudy\WWW\hkxt\ThinkPHP\Library\Think\Db.class.php 第 786 行.
SQL: SELECT * FROM `member_info` LIMIT 0,20   [ RunTime:0.033002s ]
SQL: SELECT * FROM `member_info` WHERE `memberid` = 1 LIMIT 1   [ RunTime:0.033002s ]
SQL: SELECT * FROM `member_info` WHERE `memberid` = 1 LIMIT 1   [ RunTime:0.035002s ]
SQL: SELECT * FROM `member_info` WHERE `memberid` = 5 LIMIT 1   [ RunTime:0.032002s ]
NOTIC: [2] Division by zero D:\phpStudy\WWW\hkxt\Application\Home\Controller\MemberController.class.php 第 38 行.

[ 2017-05-08T16:49:06+08:00 ] ::1 /hkxt/index.php/Home//adminuser/getList
INFO: [ app_init ] --START--
INFO: Run Behavior\BuildLiteBehavior [ RunTime:0.000000s ]
INFO: [ app_init ] --END-- [ RunTime:0.001000s ]
NOTIC: [8] Constant APP_DEBUG already defined D:\phpStudy\WWW\hkxt\Application\Home\Conf\config.php 第 16 行.
INFO: [ app_begin ] --START--
INFO: Run Behavior\ReadHtmlCacheBehavior [ RunTime:0.001000s ]
INFO: [ app_begin ] --END-- [ RunTime:0.001000s ]
NOTIC: [8192] mysql_connect(): The mysql extension is deprecated and will be removed in the future: use mysqli or PDO instead D:\phpStudy\WWW\hkxt\ThinkPHP\Library\Think\Db\Driver\Mysql.class.php 第 52 行.
SQL: SHOW COLUMNS FROM `admin_user` [ RunTime:0.033002s ]
NOTIC: [8] Undefined index: starTime D:\phpStudy\WWW\hkxt\Application\Home\Controller\AdminuserController.class.php 第 24 行.
NOTIC: [8] Undefined index: endTime D:\phpStudy\WWW\hkxt\Application\Home\Controller\AdminuserController.class.php 第 25 行.
NOTIC: [8] Undefined variable: map D:\phpStudy\WWW\hkxt\Application\Home\Controller\AdminuserController.class.php 第 36 行.
SQL: SELECT COUNT(*) AS tp_count FROM `admin_user` LIMIT 1   [ RunTime:0.034002s ]
NOTIC: [8] Undefined variable: map D:\phpStudy\WWW\hkxt\Application\Home\Controller\AdminuserController.class.php 第 37 行.
SQL: SELECT * FROM `admin_user` LIMIT 0,10   [ RunTime:0.034002s ]
NOTIC: [8] Undefined index: memberid D:\phpStudy\WWW\hkxt\Application\Home\Controller\AdminuserController.class.php 第 40 行.
SQL: SHOW COLUMNS FROM `member_info` [ RunTime:0.034002s ]
SQL: SELECT * FROM `member_info` WHERE `memberid` = null LIMIT 1   [ RunTime:0.036003s ]
NOTIC: [8] Undefined index: memberid D:\phpStudy\WWW\hkxt\Application\Home\Controller\AdminuserController.class.php 第 40 行.
SQL: SELECT * FROM `member_info` WHERE `memberid` = null LIMIT 1   [ RunTime:0.034002s ]
NOTIC: [8] Undefined index: memberid D:\phpStudy\WWW\hkxt\Application\Home\Controller\AdminuserController.class.php 第 40 行.
SQL: SELECT * FROM `member_info` WHERE `memberid` = null LIMIT 1   [ RunTime:0.033002s ]
NOTIC: [8] Undefined index: memberid D:\phpStudy\WWW\hkxt\Application\Home\Controller\AdminuserController.class.php 第 40 行.
SQL: SELECT * FROM `member_info` WHERE `memberid` = null LIMIT 1   [ RunTime:0.033001s ]
NOTIC: [8] Undefined index: memberid D:\phpStudy\WWW\hkxt\Application\Home\Controller\AdminuserController.class.php 第 40 行.
SQL: SELECT * FROM `member_info` WHERE `memberid` = null LIMIT 1   [ RunTime:0.033002s ]
NOTIC: [8] Undefined index: memberid D:\phpStudy\WWW\hkxt\Application\Home\Controller\AdminuserController.class.php 第 40 行.
SQL: SELECT * FROM `member_info` WHERE `memberid` = null LIMIT 1   [ RunTime:0.033002s ]

[ 2017-05-08T17:49:20+08:00 ] ::1 /hkxt/index.php/Home/agent/add
INFO: [ app_init ] --START--
INFO: Run Behavior\BuildLiteBehavior [ RunTime:0.000000s ]
INFO: [ app_init ] --END-- [ RunTime:0.000000s ]
NOTIC: [8] Constant APP_DEBUG already defined D:\phpStudy\WWW\hkxt\Application\Home\Conf\config.php 第 16 行.

[ 2017-05-08T17:49:26+08:00 ] ::1 /hkxt/index.php/Home/login/login
INFO: [ app_init ] --START--
INFO: Run Behavior\BuildLiteBehavior [ RunTime:0.000000s ]
INFO: [ app_init ] --END-- [ RunTime:0.001000s ]
NOTIC: [8] Constant APP_DEBUG already defined D:\phpStudy\WWW\hkxt\Application\Home\Conf\config.php 第 16 行.

[ 2017-05-08T17:49:49+08:00 ] ::1 /hkxt/index.php/Home//login/dologin
INFO: [ app_init ] --START--
INFO: Run Behavior\BuildLiteBehavior [ RunTime:0.000000s ]
INFO: [ app_init ] --END-- [ RunTime:0.001000s ]
NOTIC: [8] Constant APP_DEBUG already defined D:\phpStudy\WWW\hkxt\Application\Home\Conf\config.php 第 16 行.
INFO: [ app_begin ] --START--
INFO: Run Behavior\ReadHtmlCacheBehavior [ RunTime:0.001000s ]
INFO: [ app_begin ] --END-- [ RunTime:0.001000s ]
NOTIC: [8192] mysql_connect(): The mysql extension is deprecated and will be removed in the future: use mysqli or PDO instead D:\phpStudy\WWW\hkxt\ThinkPHP\Library\Think\Db\Driver\Mysql.class.php 第 52 行.
SQL: SHOW COLUMNS FROM `admin_user` [ RunTime:0.033002s ]
SQL: SELECT * FROM `admin_user` WHERE `uid` = 'adminuser' AND `pass` = '25f9e794323b453885f5181f1b624d0b' AND `status` = 0 LIMIT 1   [ RunTime:0.039003s ]

[ 2017-05-08T17:49:51+08:00 ] ::1 /hkxt/index.php/Home/accountmanage/usermanage
INFO: [ app_init ] --START--
INFO: Run Behavior\BuildLiteBehavior [ RunTime:0.000000s ]
INFO: [ app_init ] --END-- [ RunTime:0.001000s ]
NOTIC: [8] Constant APP_DEBUG already defined D:\phpStudy\WWW\hkxt\Application\Home\Conf\config.php 第 16 行.

[ 2017-05-08T17:49:52+08:00 ] ::1 /hkxt/index.php/Home//member/getList
INFO: [ app_init ] --START--
INFO: Run Behavior\BuildLiteBehavior [ RunTime:0.000000s ]
INFO: [ app_init ] --END-- [ RunTime:0.001000s ]
NOTIC: [8] Constant APP_DEBUG already defined D:\phpStudy\WWW\hkxt\Application\Home\Conf\config.php 第 16 行.
INFO: [ app_begin ] --START--
INFO: Run Behavior\ReadHtmlCacheBehavior [ RunTime:0.001000s ]
INFO: [ app_begin ] --END-- [ RunTime:0.001000s ]
NOTIC: [8192] mysql_connect(): The mysql extension is deprecated and will be removed in the future: use mysqli or PDO instead D:\phpStudy\WWW\hkxt\ThinkPHP\Library\Think\Db\Driver\Mysql.class.php 第 52 行.
SQL: SHOW COLUMNS FROM `member_info` [ RunTime:0.033002s ]
NOTIC: [8] Undefined variable: map D:\phpStudy\WWW\hkxt\Application\Home\Controller\MemberController.class.php 第 23 行.
SQL: SELECT COUNT(*) AS tp_count FROM `member_info` LIMIT 1   [ RunTime:0.048003s ]
NOTIC: [8] Undefined variable: map D:\phpStudy\WWW\hkxt\Application\Home\Controller\MemberController.class.php 第 24 行.
NOTIC: [8] Undefined index: limit D:\phpStudy\WWW\hkxt\ThinkPHP\Library\Think\Db.class.php 第 786 行.
SQL: SELECT * FROM `member_info` LIMIT 0,20   [ RunTime:0.034002s ]
SQL: SELECT * FROM `member_info` WHERE `memberid` = 1 LIMIT 1   [ RunTime:0.037002s ]
SQL: SELECT * FROM `member_info` WHERE `memberid` = 1 LIMIT 1   [ RunTime:0.039002s ]
SQL: SELECT * FROM `member_info` WHERE `memberid` = 5 LIMIT 1   [ RunTime:0.031002s ]
NOTIC: [2] Division by zero D:\phpStudy\WWW\hkxt\Application\Home\Controller\MemberController.class.php 第 38 行.

[ 2017-05-08T17:49:53+08:00 ] ::1 /hkxt/index.php/Home//adminuser/getList
INFO: [ app_init ] --START--
INFO: Run Behavior\BuildLiteBehavior [ RunTime:0.000000s ]
INFO: [ app_init ] --END-- [ RunTime:0.001000s ]
NOTIC: [8] Constant APP_DEBUG already defined D:\phpStudy\WWW\hkxt\Application\Home\Conf\config.php 第 16 行.
INFO: [ app_begin ] --START--
INFO: Run Behavior\ReadHtmlCacheBehavior [ RunTime:0.000000s ]
INFO: [ app_begin ] --END-- [ RunTime:0.000000s ]
NOTIC: [8192] mysql_connect(): The mysql extension is deprecated and will be removed in the future: use mysqli or PDO instead D:\phpStudy\WWW\hkxt\ThinkPHP\Library\Think\Db\Driver\Mysql.class.php 第 52 行.
SQL: SHOW COLUMNS FROM `admin_user` [ RunTime:0.033002s ]
NOTIC: [8] Undefined index: starTime D:\phpStudy\WWW\hkxt\Application\Home\Controller\AdminuserController.class.php 第 24 行.
NOTIC: [8] Undefined index: endTime D:\phpStudy\WWW\hkxt\Application\Home\Controller\AdminuserController.class.php 第 25 行.
NOTIC: [8] Undefined variable: map D:\phpStudy\WWW\hkxt\Application\Home\Controller\AdminuserController.class.php 第 36 行.
SQL: SELECT COUNT(*) AS tp_count FROM `admin_user` LIMIT 1   [ RunTime:0.031002s ]
NOTIC: [8] Undefined variable: map D:\phpStudy\WWW\hkxt\Application\Home\Controller\AdminuserController.class.php 第 37 行.
SQL: SELECT * FROM `admin_user` LIMIT 0,10   [ RunTime:0.033002s ]
NOTIC: [8] Undefined index: memberid D:\phpStudy\WWW\hkxt\Application\Home\Controller\AdminuserController.class.php 第 40 行.
SQL: SHOW COLUMNS FROM `member_info` [ RunTime:0.033002s ]
SQL: SELECT * FROM `member_info` WHERE `memberid` = null LIMIT 1   [ RunTime:0.036002s ]
NOTIC: [8] Undefined index: memberid D:\phpStudy\WWW\hkxt\Application\Home\Controller\AdminuserController.class.php 第 40 行.
SQL: SELECT * FROM `member_info` WHERE `memberid` = null LIMIT 1   [ RunTime:0.032002s ]
NOTIC: [8] Undefined index: memberid D:\phpStudy\WWW\hkxt\Application\Home\Controller\AdminuserController.class.php 第 40 行.
SQL: SELECT * FROM `member_info` WHERE `memberid` = null LIMIT 1   [ RunTime:0.032002s ]
NOTIC: [8] Undefined index: memberid D:\phpStudy\WWW\hkxt\Application\Home\Controller\AdminuserController.class.php 第 40 行.
SQL: SELECT * FROM `member_info` WHERE `memberid` = null LIMIT 1   [ RunTime:0.032002s ]
NOTIC: [8] Undefined index: memberid D:\phpStudy\WWW\hkxt\Application\Home\Controller\AdminuserController.class.php 第 40 行.
SQL: SELECT * FROM `member_info` WHERE `memberid` = null LIMIT 1   [ RunTime:0.033002s ]
NOTIC: [8] Undefined index: memberid D:\phpStudy\WWW\hkxt\Application\Home\Controller\AdminuserController.class.php 第 40 行.
SQL: SELECT * FROM `member_info` WHERE `memberid` = null LIMIT 1   [ RunTime:0.031001s ]

[ 2017-05-08T17:49:59+08:00 ] ::1 /hkxt/index.php/Home/countmanage/countTable
INFO: [ app_init ] --START--
INFO: Run Behavior\BuildLiteBehavior [ RunTime:0.000000s ]
INFO: [ app_init ] --END-- [ RunTime:0.000000s ]
NOTIC: [8] Constant APP_DEBUG already defined D:\phpStudy\WWW\hkxt\Application\Home\Conf\config.php 第 16 行.

[ 2017-05-08T17:50:00+08:00 ] ::1 /hkxt/index.php/Home//trade/report
INFO: [ app_init ] --START--
INFO: Run Behavior\BuildLiteBehavior [ RunTime:0.000000s ]
INFO: [ app_init ] --END-- [ RunTime:0.000000s ]
NOTIC: [8] Constant APP_DEBUG already defined D:\phpStudy\WWW\hkxt\Application\Home\Conf\config.php 第 16 行.
INFO: [ app_begin ] --START--
INFO: Run Behavior\ReadHtmlCacheBehavior [ RunTime:0.001000s ]
INFO: [ app_begin ] --END-- [ RunTime:0.001000s ]
NOTIC: [8] Undefined index: page D:\phpStudy\WWW\hkxt\Application\Home\Controller\TradeController.class.php 第 218 行.
NOTIC: [8192] mysql_connect(): The mysql extension is deprecated and will be removed in the future: use mysqli or PDO instead D:\phpStudy\WWW\hkxt\ThinkPHP\Library\Think\Db\Driver\Mysql.class.php 第 52 行.
SQL: SHOW COLUMNS FROM `his_trades_record` [ RunTime:0.032001s ]
NOTIC: [8] Undefined variable: map D:\phpStudy\WWW\hkxt\Application\Home\Controller\TradeController.class.php 第 220 行.
SQL: SELECT COUNT(*) AS tp_count FROM `his_trades_record` LIMIT 1   [ RunTime:0.030001s ]
NOTIC: [8] Undefined variable: map D:\phpStudy\WWW\hkxt\Application\Home\Controller\TradeController.class.php 第 221 行.
SQL: SELECT * FROM `his_trades_record` ORDER BY open_position_time desc LIMIT 0,10   [ RunTime:0.033002s ]
SQL: SHOW COLUMNS FROM `actuals_goods` [ RunTime:0.032002s ]
NOTIC: [8] Undefined variable: actaulMap D:\phpStudy\WWW\hkxt\Application\Home\Controller\TradeController.class.php 第 225 行.
SQL: SELECT * FROM `actuals_goods` LIMIT 1   [ RunTime:0.059004s ]
SQL: SHOW COLUMNS FROM `user_info` [ RunTime:0.032002s ]
SQL: SELECT * FROM `user_info` WHERE `uid` = '5' LIMIT 1   [ RunTime:0.031001s ]
NOTIC: [8] Undefined variable: actaulMap D:\phpStudy\WWW\hkxt\Application\Home\Controller\TradeController.class.php 第 225 行.
SQL: SELECT * FROM `actuals_goods` LIMIT 1   [ RunTime:0.031002s ]
SQL: SELECT * FROM `user_info` WHERE `uid` = '5' LIMIT 1   [ RunTime:0.031002s ]
NOTIC: [8] Undefined variable: actaulMap D:\phpStudy\WWW\hkxt\Application\Home\Controller\TradeController.class.php 第 225 行.
SQL: SELECT * FROM `actuals_goods` LIMIT 1   [ RunTime:0.032002s ]
SQL: SELECT * FROM `user_info` WHERE `uid` = '5' LIMIT 1   [ RunTime:0.031002s ]
NOTIC: [8] Undefined variable: actaulMap D:\phpStudy\WWW\hkxt\Application\Home\Controller\TradeController.class.php 第 225 行.
SQL: SELECT * FROM `actuals_goods` LIMIT 1   [ RunTime:0.031002s ]
SQL: SELECT * FROM `user_info` WHERE `uid` = '5' LIMIT 1   [ RunTime:0.031001s ]
NOTIC: [8] Undefined variable: actaulMap D:\phpStudy\WWW\hkxt\Application\Home\Controller\TradeController.class.php 第 225 行.
SQL: SELECT * FROM `actuals_goods` LIMIT 1   [ RunTime:0.030002s ]
SQL: SELECT * FROM `user_info` WHERE `uid` = '5' LIMIT 1   [ RunTime:0.030002s ]
NOTIC: [8] Undefined variable: actaulMap D:\phpStudy\WWW\hkxt\Application\Home\Controller\TradeController.class.php 第 225 行.
SQL: SELECT * FROM `actuals_goods` LIMIT 1   [ RunTime:0.031002s ]
SQL: SELECT * FROM `user_info` WHERE `uid` = '5' LIMIT 1   [ RunTime:0.031002s ]
NOTIC: [8] Undefined variable: actaulMap D:\phpStudy\WWW\hkxt\Application\Home\Controller\TradeController.class.php 第 225 行.
SQL: SELECT * FROM `actuals_goods` LIMIT 1   [ RunTime:0.032002s ]
SQL: SELECT * FROM `user_info` WHERE `uid` = '50' LIMIT 1   [ RunTime:0.031001s ]
NOTIC: [8] Undefined variable: actaulMap D:\phpStudy\WWW\hkxt\Application\Home\Controller\TradeController.class.php 第 225 行.
SQL: SELECT * FROM `actuals_goods` LIMIT 1   [ RunTime:0.031002s ]
SQL: SELECT * FROM `user_info` WHERE `uid` = '42' LIMIT 1   [ RunTime:0.031002s ]
NOTIC: [8] Undefined variable: actaulMap D:\phpStudy\WWW\hkxt\Application\Home\Controller\TradeController.class.php 第 225 行.
SQL: SELECT * FROM `actuals_goods` LIMIT 1   [ RunTime:0.031002s ]
SQL: SELECT * FROM `user_info` WHERE `uid` = '5' LIMIT 1   [ RunTime:0.030002s ]
NOTIC: [8] Undefined variable: actaulMap D:\phpStudy\WWW\hkxt\Application\Home\Controller\TradeController.class.php 第 225 行.
SQL: SELECT * FROM `actuals_goods` LIMIT 1   [ RunTime:0.031001s ]
SQL: SELECT * FROM `user_info` WHERE `uid` = '5' LIMIT 1   [ RunTime:0.031002s ]

[ 2017-05-08T17:50:01+08:00 ] ::1 /hkxt/index.php/Home/clientmanage/clientList
INFO: [ app_init ] --START--
INFO: Run Behavior\BuildLiteBehavior [ RunTime:0.000000s ]
INFO: [ app_init ] --END-- [ RunTime:0.000000s ]
NOTIC: [8] Constant APP_DEBUG already defined D:\phpStudy\WWW\hkxt\Application\Home\Conf\config.php 第 16 行.

[ 2017-05-08T17:50:02+08:00 ] ::1 /hkxt/index.php/Home/user/getlist
INFO: [ app_init ] --START--
INFO: Run Behavior\BuildLiteBehavior [ RunTime:0.000000s ]
INFO: [ app_init ] --END-- [ RunTime:0.000000s ]
NOTIC: [8] Constant APP_DEBUG already defined D:\phpStudy\WWW\hkxt\Application\Home\Conf\config.php 第 16 行.
INFO: [ app_begin ] --START--
INFO: Run Behavior\ReadHtmlCacheBehavior [ RunTime:0.000000s ]
INFO: [ app_begin ] --END-- [ RunTime:0.000000s ]
NOTIC: [8192] mysql_connect(): The mysql extension is deprecated and will be removed in the future: use mysqli or PDO instead D:\phpStudy\WWW\hkxt\ThinkPHP\Library\Think\Db\Driver\Mysql.class.php 第 52 行.
SQL: SHOW COLUMNS FROM `user_info` [ RunTime:0.033002s ]
NOTIC: [8] Undefined index: starTime D:\phpStudy\WWW\hkxt\Application\Home\Controller\UserController.class.php 第 24 行.
NOTIC: [8] Undefined index: endTime D:\phpStudy\WWW\hkxt\Application\Home\Controller\UserController.class.php 第 25 行.
NOTIC: [8] Undefined index: nickname D:\phpStudy\WWW\hkxt\Application\Home\Controller\UserController.class.php 第 34 行.
NOTIC: [8] Undefined index: phoneNum D:\phpStudy\WWW\hkxt\Application\Home\Controller\UserController.class.php 第 37 行.
SQL: SELECT COUNT(*) AS tp_count FROM `user_info` WHERE user_info.nickname LIKE '%' AND `phoneNum` LIKE '%' LIMIT 1   [ RunTime:0.031002s ]
SQL: SELECT * FROM `user_info` WHERE user_info.nickname LIKE '%' AND `phoneNum` LIKE '%' LIMIT 0,10   [ RunTime:0.032002s ]

[ 2017-05-08T17:50:04+08:00 ] ::1 /hkxt/index.php/Home/accountmanage/usermanage
INFO: [ app_init ] --START--
INFO: Run Behavior\BuildLiteBehavior [ RunTime:0.001000s ]
INFO: [ app_init ] --END-- [ RunTime:0.001000s ]
NOTIC: [8] Constant APP_DEBUG already defined D:\phpStudy\WWW\hkxt\Application\Home\Conf\config.php 第 16 行.

[ 2017-05-08T17:50:05+08:00 ] ::1 /hkxt/index.php/Home//member/getList
INFO: [ app_init ] --START--
INFO: Run Behavior\BuildLiteBehavior [ RunTime:0.000000s ]
INFO: [ app_init ] --END-- [ RunTime:0.000000s ]
NOTIC: [8] Constant APP_DEBUG already defined D:\phpStudy\WWW\hkxt\Application\Home\Conf\config.php 第 16 行.
INFO: [ app_begin ] --START--
INFO: Run Behavior\ReadHtmlCacheBehavior [ RunTime:0.001000s ]
INFO: [ app_begin ] --END-- [ RunTime:0.001000s ]
NOTIC: [8192] mysql_connect(): The mysql extension is deprecated and will be removed in the future: use mysqli or PDO instead D:\phpStudy\WWW\hkxt\ThinkPHP\Library\Think\Db\Driver\Mysql.class.php 第 52 行.
SQL: SHOW COLUMNS FROM `member_info` [ RunTime:0.034002s ]
NOTIC: [8] Undefined variable: map D:\phpStudy\WWW\hkxt\Application\Home\Controller\MemberController.class.php 第 23 行.
SQL: SELECT COUNT(*) AS tp_count FROM `member_info` LIMIT 1   [ RunTime:0.034002s ]
NOTIC: [8] Undefined variable: map D:\phpStudy\WWW\hkxt\Application\Home\Controller\MemberController.class.php 第 24 行.
NOTIC: [8] Undefined index: limit D:\phpStudy\WWW\hkxt\ThinkPHP\Library\Think\Db.class.php 第 786 行.
SQL: SELECT * FROM `member_info` LIMIT 0,20   [ RunTime:0.037002s ]
SQL: SELECT * FROM `member_info` WHERE `memberid` = 1 LIMIT 1   [ RunTime:0.034002s ]
SQL: SELECT * FROM `member_info` WHERE `memberid` = 1 LIMIT 1   [ RunTime:0.034002s ]
SQL: SELECT * FROM `member_info` WHERE `memberid` = 5 LIMIT 1   [ RunTime:0.034002s ]
NOTIC: [2] Division by zero D:\phpStudy\WWW\hkxt\Application\Home\Controller\MemberController.class.php 第 38 行.

[ 2017-05-08T17:50:06+08:00 ] ::1 /hkxt/index.php/Home//adminuser/getList
INFO: [ app_init ] --START--
INFO: Run Behavior\BuildLiteBehavior [ RunTime:0.000000s ]
INFO: [ app_init ] --END-- [ RunTime:0.000000s ]
NOTIC: [8] Constant APP_DEBUG already defined D:\phpStudy\WWW\hkxt\Application\Home\Conf\config.php 第 16 行.
INFO: [ app_begin ] --START--
INFO: Run Behavior\ReadHtmlCacheBehavior [ RunTime:0.000000s ]
INFO: [ app_begin ] --END-- [ RunTime:0.001000s ]
NOTIC: [8192] mysql_connect(): The mysql extension is deprecated and will be removed in the future: use mysqli or PDO instead D:\phpStudy\WWW\hkxt\ThinkPHP\Library\Think\Db\Driver\Mysql.class.php 第 52 行.
SQL: SHOW COLUMNS FROM `admin_user` [ RunTime:0.032002s ]
NOTIC: [8] Undefined index: starTime D:\phpStudy\WWW\hkxt\Application\Home\Controller\AdminuserController.class.php 第 24 行.
NOTIC: [8] Undefined index: endTime D:\phpStudy\WWW\hkxt\Application\Home\Controller\AdminuserController.class.php 第 25 行.
NOTIC: [8] Undefined variable: map D:\phpStudy\WWW\hkxt\Application\Home\Controller\AdminuserController.class.php 第 36 行.
SQL: SELECT COUNT(*) AS tp_count FROM `admin_user` LIMIT 1   [ RunTime:0.032002s ]
NOTIC: [8] Undefined variable: map D:\phpStudy\WWW\hkxt\Application\Home\Controller\AdminuserController.class.php 第 37 行.
SQL: SELECT * FROM `admin_user` LIMIT 0,10   [ RunTime:0.033002s ]
NOTIC: [8] Undefined index: memberid D:\phpStudy\WWW\hkxt\Application\Home\Controller\AdminuserController.class.php 第 40 行.
SQL: SHOW COLUMNS FROM `member_info` [ RunTime:0.031002s ]
SQL: SELECT * FROM `member_info` WHERE `memberid` = null LIMIT 1   [ RunTime:0.032002s ]
NOTIC: [8] Undefined index: memberid D:\phpStudy\WWW\hkxt\Application\Home\Controller\AdminuserController.class.php 第 40 行.
SQL: SELECT * FROM `member_info` WHERE `memberid` = null LIMIT 1   [ RunTime:0.030002s ]
NOTIC: [8] Undefined index: memberid D:\phpStudy\WWW\hkxt\Application\Home\Controller\AdminuserController.class.php 第 40 行.
SQL: SELECT * FROM `member_info` WHERE `memberid` = null LIMIT 1   [ RunTime:0.031001s ]
NOTIC: [8] Undefined index: memberid D:\phpStudy\WWW\hkxt\Application\Home\Controller\AdminuserController.class.php 第 40 行.
SQL: SELECT * FROM `member_info` WHERE `memberid` = null LIMIT 1   [ RunTime:0.031002s ]
NOTIC: [8] Undefined index: memberid D:\phpStudy\WWW\hkxt\Application\Home\Controller\AdminuserController.class.php 第 40 行.
SQL: SELECT * FROM `member_info` WHERE `memberid` = null LIMIT 1   [ RunTime:0.031002s ]
NOTIC: [8] Undefined index: memberid D:\phpStudy\WWW\hkxt\Application\Home\Controller\AdminuserController.class.php 第 40 行.
SQL: SELECT * FROM `member_info` WHERE `memberid` = null LIMIT 1   [ RunTime:0.262015s ]

[ 2017-05-08T17:50:27+08:00 ] ::1 /hkxt/index.php/Home/accountmanage/brokerManage
INFO: [ app_init ] --START--
INFO: Run Behavior\BuildLiteBehavior [ RunTime:0.000000s ]
INFO: [ app_init ] --END-- [ RunTime:0.001001s ]
NOTIC: [8] Constant APP_DEBUG already defined D:\phpStudy\WWW\hkxt\Application\Home\Conf\config.php 第 16 行.

[ 2017-05-08T17:50:28+08:00 ] ::1 /hkxt/index.php/Home//agent/getList
INFO: [ app_init ] --START--
INFO: Run Behavior\BuildLiteBehavior [ RunTime:0.000000s ]
INFO: [ app_init ] --END-- [ RunTime:0.000000s ]
NOTIC: [8] Constant APP_DEBUG already defined D:\phpStudy\WWW\hkxt\Application\Home\Conf\config.php 第 16 行.
INFO: [ app_begin ] --START--
INFO: Run Behavior\ReadHtmlCacheBehavior [ RunTime:0.000000s ]
INFO: [ app_begin ] --END-- [ RunTime:0.000000s ]
NOTIC: [8192] mysql_connect(): The mysql extension is deprecated and will be removed in the future: use mysqli or PDO instead D:\phpStudy\WWW\hkxt\ThinkPHP\Library\Think\Db\Driver\Mysql.class.php 第 52 行.
SQL: SHOW COLUMNS FROM `agent_info` [ RunTime:0.034002s ]
SQL: SHOW COLUMNS FROM `member_info` [ RunTime:0.034002s ]
NOTIC: [8] Undefined variable: map D:\phpStudy\WWW\hkxt\Application\Home\Controller\AgentController.class.php 第 24 行.
SQL: SELECT COUNT(*) AS tp_count FROM `agent_info` LIMIT 1   [ RunTime:0.035002s ]
NOTIC: [8] Undefined variable: map D:\phpStudy\WWW\hkxt\Application\Home\Controller\AgentController.class.php 第 25 行.
SQL: SELECT * FROM `agent_info` LIMIT 0,10   [ RunTime:0.034002s ]
SQL: SELECT * FROM `member_info` WHERE `memberid` = 1  [ RunTime:0.033002s ]

[ 2017-05-08T17:50:30+08:00 ] ::1 /hkxt/index.php/Home/userManage
INFO: [ app_init ] --START--
INFO: Run Behavior\BuildLiteBehavior [ RunTime:0.000000s ]
INFO: [ app_init ] --END-- [ RunTime:0.000000s ]
NOTIC: [8] Constant APP_DEBUG already defined D:\phpStudy\WWW\hkxt\Application\Home\Conf\config.php 第 16 行.
ERR: 无法加载控制器:UserManage

[ 2017-05-08T17:50:33+08:00 ] ::1 /hkxt/index.php/Home//agent/getList
INFO: [ app_init ] --START--
INFO: Run Behavior\BuildLiteBehavior [ RunTime:0.000000s ]
INFO: [ app_init ] --END-- [ RunTime:0.001000s ]
NOTIC: [8] Constant APP_DEBUG already defined D:\phpStudy\WWW\hkxt\Application\Home\Conf\config.php 第 16 行.
INFO: [ app_begin ] --START--
INFO: Run Behavior\ReadHtmlCacheBehavior [ RunTime:0.000000s ]
INFO: [ app_begin ] --END-- [ RunTime:0.000000s ]
NOTIC: [8192] mysql_connect(): The mysql extension is deprecated and will be removed in the future: use mysqli or PDO instead D:\phpStudy\WWW\hkxt\ThinkPHP\Library\Think\Db\Driver\Mysql.class.php 第 52 行.
SQL: SHOW COLUMNS FROM `agent_info` [ RunTime:0.032002s ]
SQL: SHOW COLUMNS FROM `member_info` [ RunTime:0.032002s ]
NOTIC: [8] Undefined variable: map D:\phpStudy\WWW\hkxt\Application\Home\Controller\AgentController.class.php 第 24 行.
SQL: SELECT COUNT(*) AS tp_count FROM `agent_info` LIMIT 1   [ RunTime:0.032002s ]
NOTIC: [8] Undefined variable: map D:\phpStudy\WWW\hkxt\Application\Home\Controller\AgentController.class.php 第 25 行.
SQL: SELECT * FROM `agent_info` LIMIT 0,10   [ RunTime:0.031001s ]
SQL: SELECT * FROM `member_info` WHERE `memberid` = 1  [ RunTime:0.032001s ]

