[ 2017-06-09T09:51:31+08:00 ] 127.0.0.1 /xh/index.php/Home/DataSearch/fundList
INFO: [ app_init ] --START--
INFO: Run Behavior\BuildLiteBehavior [ RunTime:0.000025s ]
INFO: [ app_init ] --END-- [ RunTime:0.000775s ]
INFO: [ app_begin ] --START--
INFO: Run Behavior\ReadHtmlCacheBehavior [ RunTime:0.000960s ]
INFO: [ app_begin ] --END-- [ RunTime:0.001112s ]
INFO: [ view_parse ] --START--
INFO: [ template_filter ] --START--
INFO: Run Behavior\ContentReplaceBehavior [ RunTime:0.000077s ]
INFO: [ template_filter ] --END-- [ RunTime:0.000148s ]
NOTIC: [8] Undefined variable: user /Applications/MAMP/htdocs/xh/Application/Runtime/Cache/Home/b0db7525552e936779080593da8780a1.php 第 19 行.
NOTIC: [8] Undefined variable: main /Applications/MAMP/htdocs/xh/Application/Runtime/Cache/Home/b0db7525552e936779080593da8780a1.php 第 73 行.
NOTIC: [8] Undefined variable: actionUrl /Applications/MAMP/htdocs/xh/Application/Runtime/Cache/Home/b0db7525552e936779080593da8780a1.php 第 81 行.
INFO: Run Behavior\ParseTemplateBehavior [ RunTime:0.114500s ]
INFO: [ view_parse ] --END-- [ RunTime:0.114585s ]
INFO: [ view_filter ] --START--
INFO: Run Behavior\WriteHtmlCacheBehavior [ RunTime:0.037837s ]
INFO: [ view_filter ] --END-- [ RunTime:0.037922s ]
INFO: [ app_end ] --START--
INFO: Run Behavior\ShowPageTraceBehavior [ RunTime:0.001270s ]
INFO: [ app_end ] --END-- [ RunTime:0.001378s ]

[ 2017-06-09T09:51:37+08:00 ] 127.0.0.1 /xh/index.php/Home/DataSearch/fundList
INFO: [ app_init ] --START--
INFO: Run Behavior\BuildLiteBehavior [ RunTime:0.000020s ]
INFO: [ app_init ] --END-- [ RunTime:0.000449s ]
INFO: [ app_begin ] --START--
INFO: Run Behavior\ReadHtmlCacheBehavior [ RunTime:0.000644s ]
INFO: [ app_begin ] --END-- [ RunTime:0.000718s ]
INFO: [ view_parse ] --START--
INFO: [ template_filter ] --START--
INFO: Run Behavior\ContentReplaceBehavior [ RunTime:0.000083s ]
INFO: [ template_filter ] --END-- [ RunTime:0.000159s ]
NOTIC: [8] Undefined variable: user /Applications/MAMP/htdocs/xh/Application/Runtime/Cache/Home/b0db7525552e936779080593da8780a1.php 第 19 行.
NOTIC: [8] Undefined variable: main /Applications/MAMP/htdocs/xh/Application/Runtime/Cache/Home/b0db7525552e936779080593da8780a1.php 第 73 行.
NOTIC: [8] Undefined variable: actionUrl /Applications/MAMP/htdocs/xh/Application/Runtime/Cache/Home/b0db7525552e936779080593da8780a1.php 第 81 行.
INFO: Run Behavior\ParseTemplateBehavior [ RunTime:0.011335s ]
INFO: [ view_parse ] --END-- [ RunTime:0.011395s ]
INFO: [ view_filter ] --START--
INFO: Run Behavior\WriteHtmlCacheBehavior [ RunTime:0.000132s ]
INFO: [ view_filter ] --END-- [ RunTime:0.000176s ]
INFO: [ app_end ] --START--
INFO: Run Behavior\ShowPageTraceBehavior [ RunTime:0.000612s ]
INFO: [ app_end ] --END-- [ RunTime:0.000688s ]

[ 2017-06-09T09:51:56+08:00 ] 127.0.0.1 /xh/index.php/Home/DataSearch/fundList
INFO: [ app_init ] --START--
INFO: Run Behavior\BuildLiteBehavior [ RunTime:0.000021s ]
INFO: [ app_init ] --END-- [ RunTime:0.000431s ]
INFO: [ app_begin ] --START--
INFO: Run Behavior\ReadHtmlCacheBehavior [ RunTime:0.000480s ]
INFO: [ app_begin ] --END-- [ RunTime:0.000539s ]
INFO: [ view_parse ] --START--
INFO: [ template_filter ] --START--
INFO: Run Behavior\ContentReplaceBehavior [ RunTime:0.000083s ]
INFO: [ template_filter ] --END-- [ RunTime:0.000155s ]
NOTIC: [8] Undefined variable: user /Applications/MAMP/htdocs/xh/Application/Runtime/Cache/Home/b0db7525552e936779080593da8780a1.php 第 19 行.
NOTIC: [8] Undefined variable: main /Applications/MAMP/htdocs/xh/Application/Runtime/Cache/Home/b0db7525552e936779080593da8780a1.php 第 73 行.
NOTIC: [8] Undefined variable: actionUrl /Applications/MAMP/htdocs/xh/Application/Runtime/Cache/Home/b0db7525552e936779080593da8780a1.php 第 81 行.
INFO: Run Behavior\ParseTemplateBehavior [ RunTime:0.012714s ]
INFO: [ view_parse ] --END-- [ RunTime:0.012767s ]
INFO: [ view_filter ] --START--
INFO: Run Behavior\WriteHtmlCacheBehavior [ RunTime:0.000193s ]
INFO: [ view_filter ] --END-- [ RunTime:0.000252s ]
INFO: [ app_end ] --START--
INFO: Run Behavior\ShowPageTraceBehavior [ RunTime:0.000807s ]
INFO: [ app_end ] --END-- [ RunTime:0.000899s ]

[ 2017-06-09T09:52:38+08:00 ] 127.0.0.1 /xh/index.php/Home/DataSearch/fundList
INFO: [ app_init ] --START--
INFO: Run Behavior\BuildLiteBehavior [ RunTime:0.000024s ]
INFO: [ app_init ] --END-- [ RunTime:0.000513s ]
INFO: [ app_begin ] --START--
INFO: Run Behavior\ReadHtmlCacheBehavior [ RunTime:0.000620s ]
INFO: [ app_begin ] --END-- [ RunTime:0.000732s ]
INFO: [ view_parse ] --START--
INFO: [ template_filter ] --START--
INFO: Run Behavior\ContentReplaceBehavior [ RunTime:0.000126s ]
INFO: [ template_filter ] --END-- [ RunTime:0.000206s ]
NOTIC: [8] Undefined variable: user /Applications/MAMP/htdocs/xh/Application/Runtime/Cache/Home/b0db7525552e936779080593da8780a1.php 第 19 行.
NOTIC: [8] Undefined variable: main /Applications/MAMP/htdocs/xh/Application/Runtime/Cache/Home/b0db7525552e936779080593da8780a1.php 第 73 行.
NOTIC: [8] Undefined variable: actionUrl /Applications/MAMP/htdocs/xh/Application/Runtime/Cache/Home/b0db7525552e936779080593da8780a1.php 第 81 行.
INFO: Run Behavior\ParseTemplateBehavior [ RunTime:0.012534s ]
INFO: [ view_parse ] --END-- [ RunTime:0.012601s ]
INFO: [ view_filter ] --START--
INFO: Run Behavior\WriteHtmlCacheBehavior [ RunTime:0.000142s ]
INFO: [ view_filter ] --END-- [ RunTime:0.000189s ]
INFO: [ app_end ] --START--
INFO: Run Behavior\ShowPageTraceBehavior [ RunTime:0.000724s ]
INFO: [ app_end ] --END-- [ RunTime:0.000809s ]

[ 2017-06-09T09:52:40+08:00 ] 127.0.0.1 /xh/index.php/Home/login/doRestPassword
INFO: [ app_init ] --START--
INFO: Run Behavior\BuildLiteBehavior [ RunTime:0.000014s ]
INFO: [ app_init ] --END-- [ RunTime:0.000326s ]
INFO: [ app_begin ] --START--
INFO: Run Behavior\ReadHtmlCacheBehavior [ RunTime:0.000534s ]
INFO: [ app_begin ] --END-- [ RunTime:0.000619s ]
NOTIC: [8] Undefined index: oldpassword /Applications/MAMP/htdocs/xh/Application/Home/Controller/LoginController.class.php 第 46 行.
NOTIC: [8] Undefined index: newpassword /Applications/MAMP/htdocs/xh/Application/Home/Controller/LoginController.class.php 第 47 行.
NOTIC: [8192] mysql_connect(): The mysql extension is deprecated and will be removed in the future: use mysqli or PDO instead /Applications/MAMP/htdocs/xh/ThinkPHP/Library/Think/Db/Driver/Mysql.class.php 第 52 行.
SQL: SHOW COLUMNS FROM `admin_user` [ RunTime:0.010053s ]
SQL: SELECT * FROM `admin_user` WHERE `pass` = 'd41d8cd98f00b204e9800998ecf8427e' AND `id` = 1 LIMIT 1   [ RunTime:0.106374s ]

[ 2017-06-09T09:53:57+08:00 ] 127.0.0.1 /xh/index.php/Home/DataSearch/fundList
INFO: [ app_init ] --START--
INFO: Run Behavior\BuildLiteBehavior [ RunTime:0.000035s ]
INFO: [ app_init ] --END-- [ RunTime:0.000730s ]
INFO: [ app_begin ] --START--
INFO: Run Behavior\ReadHtmlCacheBehavior [ RunTime:0.001002s ]
INFO: [ app_begin ] --END-- [ RunTime:0.001130s ]
INFO: [ view_parse ] --START--
INFO: [ template_filter ] --START--
INFO: Run Behavior\ContentReplaceBehavior [ RunTime:0.000080s ]
INFO: [ template_filter ] --END-- [ RunTime:0.000158s ]
NOTIC: [8] Undefined variable: user /Applications/MAMP/htdocs/xh/Application/Runtime/Cache/Home/b0db7525552e936779080593da8780a1.php 第 19 行.
NOTIC: [8] Undefined variable: main /Applications/MAMP/htdocs/xh/Application/Runtime/Cache/Home/b0db7525552e936779080593da8780a1.php 第 73 行.
NOTIC: [8] Undefined variable: actionUrl /Applications/MAMP/htdocs/xh/Application/Runtime/Cache/Home/b0db7525552e936779080593da8780a1.php 第 81 行.
INFO: Run Behavior\ParseTemplateBehavior [ RunTime:0.014846s ]
INFO: [ view_parse ] --END-- [ RunTime:0.014933s ]
INFO: [ view_filter ] --START--
INFO: Run Behavior\WriteHtmlCacheBehavior [ RunTime:0.000135s ]
INFO: [ view_filter ] --END-- [ RunTime:0.000181s ]
INFO: [ app_end ] --START--
INFO: Run Behavior\ShowPageTraceBehavior [ RunTime:0.000730s ]
INFO: [ app_end ] --END-- [ RunTime:0.000808s ]

[ 2017-06-09T09:53:57+08:00 ] 127.0.0.1 /xh/index.php/Home/login/doRestPassword
INFO: [ app_init ] --START--
INFO: Run Behavior\BuildLiteBehavior [ RunTime:0.000022s ]
INFO: [ app_init ] --END-- [ RunTime:0.000443s ]
INFO: [ app_begin ] --START--
INFO: Run Behavior\ReadHtmlCacheBehavior [ RunTime:0.000492s ]
INFO: [ app_begin ] --END-- [ RunTime:0.000552s ]
NOTIC: [8] Undefined index: oldpassword /Applications/MAMP/htdocs/xh/Application/Home/Controller/LoginController.class.php 第 46 行.
NOTIC: [8] Undefined index: newpassword /Applications/MAMP/htdocs/xh/Application/Home/Controller/LoginController.class.php 第 47 行.
NOTIC: [8192] mysql_connect(): The mysql extension is deprecated and will be removed in the future: use mysqli or PDO instead /Applications/MAMP/htdocs/xh/ThinkPHP/Library/Think/Db/Driver/Mysql.class.php 第 52 行.
SQL: SHOW COLUMNS FROM `admin_user` [ RunTime:0.020800s ]
SQL: SELECT * FROM `admin_user` WHERE `pass` = 'd41d8cd98f00b204e9800998ecf8427e' AND `id` = 1 LIMIT 1   [ RunTime:0.008319s ]

[ 2017-06-09T09:59:39+08:00 ] 127.0.0.1 /xh/index.php/Home/DataSearch/fundList
INFO: [ app_init ] --START--
INFO: Run Behavior\BuildLiteBehavior [ RunTime:0.000043s ]
INFO: [ app_init ] --END-- [ RunTime:0.000885s ]
INFO: [ app_begin ] --START--
INFO: Run Behavior\ReadHtmlCacheBehavior [ RunTime:0.000537s ]
INFO: [ app_begin ] --END-- [ RunTime:0.000625s ]
INFO: [ view_parse ] --START--
INFO: [ template_filter ] --START--
INFO: Run Behavior\ContentReplaceBehavior [ RunTime:0.000087s ]
INFO: [ template_filter ] --END-- [ RunTime:0.000193s ]
NOTIC: [8] Undefined variable: user /Applications/MAMP/htdocs/xh/Application/Runtime/Cache/Home/b0db7525552e936779080593da8780a1.php 第 19 行.
NOTIC: [8] Undefined variable: main /Applications/MAMP/htdocs/xh/Application/Runtime/Cache/Home/b0db7525552e936779080593da8780a1.php 第 73 行.
NOTIC: [8] Undefined variable: actionUrl /Applications/MAMP/htdocs/xh/Application/Runtime/Cache/Home/b0db7525552e936779080593da8780a1.php 第 81 行.
INFO: Run Behavior\ParseTemplateBehavior [ RunTime:0.011361s ]
INFO: [ view_parse ] --END-- [ RunTime:0.011459s ]
INFO: [ view_filter ] --START--
INFO: Run Behavior\WriteHtmlCacheBehavior [ RunTime:0.000361s ]
INFO: [ view_filter ] --END-- [ RunTime:0.000526s ]
INFO: [ app_end ] --START--
INFO: Run Behavior\ShowPageTraceBehavior [ RunTime:0.001154s ]
INFO: [ app_end ] --END-- [ RunTime:0.001243s ]

[ 2017-06-09T10:17:56+08:00 ] 127.0.0.1 /xh/index.php/Home/DataSearch/fundList
INFO: [ app_init ] --START--
INFO: Run Behavior\BuildLiteBehavior [ RunTime:0.000025s ]
INFO: [ app_init ] --END-- [ RunTime:0.000612s ]
INFO: [ app_begin ] --START--
INFO: Run Behavior\ReadHtmlCacheBehavior [ RunTime:0.000771s ]
INFO: [ app_begin ] --END-- [ RunTime:0.000916s ]
INFO: [ view_parse ] --START--
INFO: [ template_filter ] --START--
INFO: Run Behavior\ContentReplaceBehavior [ RunTime:0.000078s ]
INFO: [ template_filter ] --END-- [ RunTime:0.000150s ]
NOTIC: [8] Undefined variable: user /Applications/MAMP/htdocs/xh/Application/Runtime/Cache/Home/b0db7525552e936779080593da8780a1.php 第 19 行.
NOTIC: [8] Undefined variable: main /Applications/MAMP/htdocs/xh/Application/Runtime/Cache/Home/b0db7525552e936779080593da8780a1.php 第 73 行.
NOTIC: [8] Undefined variable: actionUrl /Applications/MAMP/htdocs/xh/Application/Runtime/Cache/Home/b0db7525552e936779080593da8780a1.php 第 81 行.
INFO: Run Behavior\ParseTemplateBehavior [ RunTime:0.011615s ]
INFO: [ view_parse ] --END-- [ RunTime:0.011672s ]
INFO: [ view_filter ] --START--
INFO: Run Behavior\WriteHtmlCacheBehavior [ RunTime:0.000131s ]
INFO: [ view_filter ] --END-- [ RunTime:0.000174s ]
INFO: [ app_end ] --START--
INFO: Run Behavior\ShowPageTraceBehavior [ RunTime:0.000850s ]
INFO: [ app_end ] --END-- [ RunTime:0.000984s ]

[ 2017-06-09T10:17:56+08:00 ] 127.0.0.1 /xh/index.php/Home/dataSearch/doRestPassword
INFO: [ app_init ] --START--
INFO: Run Behavior\BuildLiteBehavior [ RunTime:0.000021s ]
INFO: [ app_init ] --END-- [ RunTime:0.000443s ]
INFO: [ app_begin ] --START--
INFO: Run Behavior\ReadHtmlCacheBehavior [ RunTime:0.000506s ]
INFO: [ app_begin ] --END-- [ RunTime:0.000566s ]
ERR: 非法操作:doRestPassword

[ 2017-06-09T10:24:56+08:00 ] 127.0.0.1 /xh/index.php/Home/DataSearch/fundList
INFO: [ app_init ] --START--
INFO: Run Behavior\BuildLiteBehavior [ RunTime:0.000020s ]
INFO: [ app_init ] --END-- [ RunTime:0.000386s ]
INFO: [ app_begin ] --START--
INFO: Run Behavior\ReadHtmlCacheBehavior [ RunTime:0.000564s ]
INFO: [ app_begin ] --END-- [ RunTime:0.000638s ]
INFO: [ view_parse ] --START--
INFO: [ template_filter ] --START--
INFO: Run Behavior\ContentReplaceBehavior [ RunTime:0.000068s ]
INFO: [ template_filter ] --END-- [ RunTime:0.000144s ]
NOTIC: [8] Undefined variable: user /Applications/MAMP/htdocs/xh/Application/Runtime/Cache/Home/b0db7525552e936779080593da8780a1.php 第 19 行.
NOTIC: [8] Undefined variable: main /Applications/MAMP/htdocs/xh/Application/Runtime/Cache/Home/b0db7525552e936779080593da8780a1.php 第 73 行.
NOTIC: [8] Undefined variable: actionUrl /Applications/MAMP/htdocs/xh/Application/Runtime/Cache/Home/b0db7525552e936779080593da8780a1.php 第 81 行.
INFO: Run Behavior\ParseTemplateBehavior [ RunTime:0.012513s ]
INFO: [ view_parse ] --END-- [ RunTime:0.012584s ]
INFO: [ view_filter ] --START--
INFO: Run Behavior\WriteHtmlCacheBehavior [ RunTime:0.000162s ]
INFO: [ view_filter ] --END-- [ RunTime:0.000216s ]
INFO: [ app_end ] --START--
INFO: Run Behavior\ShowPageTraceBehavior [ RunTime:0.000926s ]
INFO: [ app_end ] --END-- [ RunTime:0.001036s ]

[ 2017-06-09T10:24:56+08:00 ] 127.0.0.1 /xh/index.php/Home/user/getUserInfo
INFO: [ app_init ] --START--
INFO: Run Behavior\BuildLiteBehavior [ RunTime:0.000015s ]
INFO: [ app_init ] --END-- [ RunTime:0.000330s ]
INFO: [ app_begin ] --START--
INFO: Run Behavior\ReadHtmlCacheBehavior [ RunTime:0.000431s ]
INFO: [ app_begin ] --END-- [ RunTime:0.000481s ]

[ 2017-06-09T10:25:24+08:00 ] 127.0.0.1 /xh/index.php/Home/DataSearch/fundList
INFO: [ app_init ] --START--
INFO: Run Behavior\BuildLiteBehavior [ RunTime:0.000026s ]
INFO: [ app_init ] --END-- [ RunTime:0.000566s ]
INFO: [ app_begin ] --START--
INFO: Run Behavior\ReadHtmlCacheBehavior [ RunTime:0.000864s ]
INFO: [ app_begin ] --END-- [ RunTime:0.000956s ]
INFO: [ view_parse ] --START--
INFO: [ template_filter ] --START--
INFO: Run Behavior\ContentReplaceBehavior [ RunTime:0.000083s ]
INFO: [ template_filter ] --END-- [ RunTime:0.000160s ]
NOTIC: [8] Undefined variable: user /Applications/MAMP/htdocs/xh/Application/Runtime/Cache/Home/b0db7525552e936779080593da8780a1.php 第 19 行.
NOTIC: [8] Undefined variable: main /Applications/MAMP/htdocs/xh/Application/Runtime/Cache/Home/b0db7525552e936779080593da8780a1.php 第 73 行.
NOTIC: [8] Undefined variable: actionUrl /Applications/MAMP/htdocs/xh/Application/Runtime/Cache/Home/b0db7525552e936779080593da8780a1.php 第 81 行.
INFO: Run Behavior\ParseTemplateBehavior [ RunTime:0.011881s ]
INFO: [ view_parse ] --END-- [ RunTime:0.012003s ]
INFO: [ view_filter ] --START--
INFO: Run Behavior\WriteHtmlCacheBehavior [ RunTime:0.000182s ]
INFO: [ view_filter ] --END-- [ RunTime:0.000237s ]
INFO: [ app_end ] --START--
INFO: Run Behavior\ShowPageTraceBehavior [ RunTime:0.001048s ]
INFO: [ app_end ] --END-- [ RunTime:0.001589s ]

[ 2017-06-09T10:25:24+08:00 ] 127.0.0.1 /xh/index.php/Home/user/getUserInfo
INFO: [ app_init ] --START--
INFO: Run Behavior\BuildLiteBehavior [ RunTime:0.000022s ]
INFO: [ app_init ] --END-- [ RunTime:0.000592s ]
INFO: [ app_begin ] --START--
INFO: Run Behavior\ReadHtmlCacheBehavior [ RunTime:0.000519s ]
INFO: [ app_begin ] --END-- [ RunTime:0.000595s ]
NOTIC: [8192] mysql_connect(): The mysql extension is deprecated and will be removed in the future: use mysqli or PDO instead /Applications/MAMP/htdocs/xh/ThinkPHP/Library/Think/Db/Driver/Mysql.class.php 第 52 行.
SQL: SHOW COLUMNS FROM `userinfo` [ RunTime:0.008784s ]
ERR: 1146:Table 'star.userinfo' doesn't exist
 [ SQL语句 ] : SHOW COLUMNS FROM `userinfo`
SQL: SELECT * FROM `userinfo`  [ RunTime:0.008223s ]
ERR: 1146:Table 'star.userinfo' doesn't exist
 [ SQL语句 ] : SELECT * FROM `userinfo` 
INFO: [ app_end ] --START--
INFO: Run Behavior\ShowPageTraceBehavior [ RunTime:0.000743s ]
INFO: [ app_end ] --END-- [ RunTime:0.000852s ]

[ 2017-06-09T10:26:14+08:00 ] 127.0.0.1 /xh/index.php/Home/DataSearch/fundList
INFO: [ app_init ] --START--
INFO: Run Behavior\BuildLiteBehavior [ RunTime:0.000025s ]
INFO: [ app_init ] --END-- [ RunTime:0.000569s ]
INFO: [ app_begin ] --START--
INFO: Run Behavior\ReadHtmlCacheBehavior [ RunTime:0.000696s ]
INFO: [ app_begin ] --END-- [ RunTime:0.000903s ]
INFO: [ view_parse ] --START--
INFO: [ template_filter ] --START--
INFO: Run Behavior\ContentReplaceBehavior [ RunTime:0.000068s ]
INFO: [ template_filter ] --END-- [ RunTime:0.000140s ]
NOTIC: [8] Undefined variable: user /Applications/MAMP/htdocs/xh/Application/Runtime/Cache/Home/b0db7525552e936779080593da8780a1.php 第 19 行.
NOTIC: [8] Undefined variable: main /Applications/MAMP/htdocs/xh/Application/Runtime/Cache/Home/b0db7525552e936779080593da8780a1.php 第 73 行.
NOTIC: [8] Undefined variable: actionUrl /Applications/MAMP/htdocs/xh/Application/Runtime/Cache/Home/b0db7525552e936779080593da8780a1.php 第 81 行.
INFO: Run Behavior\ParseTemplateBehavior [ RunTime:0.017194s ]
INFO: [ view_parse ] --END-- [ RunTime:0.017275s ]
INFO: [ view_filter ] --START--
INFO: Run Behavior\WriteHtmlCacheBehavior [ RunTime:0.000288s ]
INFO: [ view_filter ] --END-- [ RunTime:0.000366s ]
INFO: [ app_end ] --START--
INFO: Run Behavior\ShowPageTraceBehavior [ RunTime:0.000931s ]
INFO: [ app_end ] --END-- [ RunTime:0.001057s ]

[ 2017-06-09T10:26:14+08:00 ] 127.0.0.1 /xh/index.php/Home/user/getUserInfo
INFO: [ app_init ] --START--
INFO: Run Behavior\BuildLiteBehavior [ RunTime:0.000040s ]
INFO: [ app_init ] --END-- [ RunTime:0.000869s ]
INFO: [ app_begin ] --START--
INFO: Run Behavior\ReadHtmlCacheBehavior [ RunTime:0.000921s ]
INFO: [ app_begin ] --END-- [ RunTime:0.001070s ]
NOTIC: [8192] mysql_connect(): The mysql extension is deprecated and will be removed in the future: use mysqli or PDO instead /Applications/MAMP/htdocs/xh/ThinkPHP/Library/Think/Db/Driver/Mysql.class.php 第 52 行.
SQL: SHOW COLUMNS FROM `star_userinfo` [ RunTime:0.008969s ]
SQL: SELECT * FROM `star_userinfo`  [ RunTime:0.008052s ]
INFO: [ app_end ] --START--
INFO: Run Behavior\ShowPageTraceBehavior [ RunTime:0.000692s ]
INFO: [ app_end ] --END-- [ RunTime:0.000768s ]

[ 2017-06-09T10:32:29+08:00 ] 127.0.0.1 /xh/index.php/Home/DataSearch/fundList
INFO: [ app_init ] --START--
INFO: Run Behavior\BuildLiteBehavior [ RunTime:0.000020s ]
INFO: [ app_init ] --END-- [ RunTime:0.000432s ]
INFO: [ app_begin ] --START--
INFO: Run Behavior\ReadHtmlCacheBehavior [ RunTime:0.000651s ]
INFO: [ app_begin ] --END-- [ RunTime:0.000756s ]
INFO: [ view_parse ] --START--
INFO: [ template_filter ] --START--
INFO: Run Behavior\ContentReplaceBehavior [ RunTime:0.000164s ]
INFO: [ template_filter ] --END-- [ RunTime:0.000511s ]
NOTIC: [8] Undefined variable: user /Applications/MAMP/htdocs/xh/Application/Runtime/Cache/Home/b0db7525552e936779080593da8780a1.php 第 19 行.
NOTIC: [8] Undefined variable: main /Applications/MAMP/htdocs/xh/Application/Runtime/Cache/Home/b0db7525552e936779080593da8780a1.php 第 73 行.
NOTIC: [8] Undefined variable: actionUrl /Applications/MAMP/htdocs/xh/Application/Runtime/Cache/Home/b0db7525552e936779080593da8780a1.php 第 81 行.
INFO: Run Behavior\ParseTemplateBehavior [ RunTime:0.015724s ]
INFO: [ view_parse ] --END-- [ RunTime:0.015812s ]
INFO: [ view_filter ] --START--
INFO: Run Behavior\WriteHtmlCacheBehavior [ RunTime:0.000189s ]
INFO: [ view_filter ] --END-- [ RunTime:0.000247s ]
INFO: [ app_end ] --START--
INFO: Run Behavior\ShowPageTraceBehavior [ RunTime:0.000986s ]
INFO: [ app_end ] --END-- [ RunTime:0.001365s ]

[ 2017-06-09T10:32:30+08:00 ] 127.0.0.1 /xh/index.php/Home/user/getUserInfo
INFO: [ app_init ] --START--
INFO: Run Behavior\BuildLiteBehavior [ RunTime:0.000022s ]
INFO: [ app_init ] --END-- [ RunTime:0.000470s ]
INFO: [ app_begin ] --START--
INFO: Run Behavior\ReadHtmlCacheBehavior [ RunTime:0.000570s ]
INFO: [ app_begin ] --END-- [ RunTime:0.000646s ]
NOTIC: [8192] mysql_connect(): The mysql extension is deprecated and will be removed in the future: use mysqli or PDO instead /Applications/MAMP/htdocs/xh/ThinkPHP/Library/Think/Db/Driver/Mysql.class.php 第 52 行.
SQL: SHOW COLUMNS FROM `star_userinfo` [ RunTime:0.008781s ]
SQL: SELECT * FROM `star_userinfo`  [ RunTime:0.008247s ]

[ 2017-06-09T10:32:31+08:00 ] 127.0.0.1 /xh/index.php/Home/DataSearch/fundList
INFO: [ app_init ] --START--
INFO: Run Behavior\BuildLiteBehavior [ RunTime:0.000029s ]
INFO: [ app_init ] --END-- [ RunTime:0.000679s ]
INFO: [ app_begin ] --START--
INFO: Run Behavior\ReadHtmlCacheBehavior [ RunTime:0.000972s ]
INFO: [ app_begin ] --END-- [ RunTime:0.001116s ]
INFO: [ view_parse ] --START--
INFO: [ template_filter ] --START--
INFO: Run Behavior\ContentReplaceBehavior [ RunTime:0.000106s ]
INFO: [ template_filter ] --END-- [ RunTime:0.000212s ]
NOTIC: [8] Undefined variable: user /Applications/MAMP/htdocs/xh/Application/Runtime/Cache/Home/b0db7525552e936779080593da8780a1.php 第 19 行.
NOTIC: [8] Undefined variable: main /Applications/MAMP/htdocs/xh/Application/Runtime/Cache/Home/b0db7525552e936779080593da8780a1.php 第 73 行.
NOTIC: [8] Undefined variable: actionUrl /Applications/MAMP/htdocs/xh/Application/Runtime/Cache/Home/b0db7525552e936779080593da8780a1.php 第 81 行.
INFO: Run Behavior\ParseTemplateBehavior [ RunTime:0.015928s ]
INFO: [ view_parse ] --END-- [ RunTime:0.016031s ]
INFO: [ view_filter ] --START--
INFO: Run Behavior\WriteHtmlCacheBehavior [ RunTime:0.000160s ]
INFO: [ view_filter ] --END-- [ RunTime:0.000211s ]
INFO: [ app_end ] --START--
INFO: Run Behavior\ShowPageTraceBehavior [ RunTime:0.000815s ]
INFO: [ app_end ] --END-- [ RunTime:0.000918s ]

[ 2017-06-09T10:32:32+08:00 ] 127.0.0.1 /xh/index.php/Home/user/getUserInfo
INFO: [ app_init ] --START--
INFO: Run Behavior\BuildLiteBehavior [ RunTime:0.000016s ]
INFO: [ app_init ] --END-- [ RunTime:0.000343s ]
INFO: [ app_begin ] --START--
INFO: Run Behavior\ReadHtmlCacheBehavior [ RunTime:0.000589s ]
INFO: [ app_begin ] --END-- [ RunTime:0.000656s ]
NOTIC: [8192] mysql_connect(): The mysql extension is deprecated and will be removed in the future: use mysqli or PDO instead /Applications/MAMP/htdocs/xh/ThinkPHP/Library/Think/Db/Driver/Mysql.class.php 第 52 行.
SQL: SHOW COLUMNS FROM `star_userinfo` [ RunTime:0.009251s ]
SQL: SELECT * FROM `star_userinfo`  [ RunTime:0.008073s ]

[ 2017-06-09T10:35:03+08:00 ] 127.0.0.1 /xh/index.php/Home/DataSearch/fundList
INFO: [ app_init ] --START--
INFO: Run Behavior\BuildLiteBehavior [ RunTime:0.000025s ]
INFO: [ app_init ] --END-- [ RunTime:0.000566s ]
INFO: [ app_begin ] --START--
INFO: Run Behavior\ReadHtmlCacheBehavior [ RunTime:0.001109s ]
INFO: [ app_begin ] --END-- [ RunTime:0.001232s ]
INFO: [ view_parse ] --START--
INFO: [ template_filter ] --START--
INFO: Run Behavior\ContentReplaceBehavior [ RunTime:0.000082s ]
INFO: [ template_filter ] --END-- [ RunTime:0.000166s ]
NOTIC: [8] Undefined variable: user /Applications/MAMP/htdocs/xh/Application/Runtime/Cache/Home/b0db7525552e936779080593da8780a1.php 第 19 行.
NOTIC: [8] Undefined variable: main /Applications/MAMP/htdocs/xh/Application/Runtime/Cache/Home/b0db7525552e936779080593da8780a1.php 第 73 行.
NOTIC: [8] Undefined variable: actionUrl /Applications/MAMP/htdocs/xh/Application/Runtime/Cache/Home/b0db7525552e936779080593da8780a1.php 第 81 行.
INFO: Run Behavior\ParseTemplateBehavior [ RunTime:0.014616s ]
INFO: [ view_parse ] --END-- [ RunTime:0.014688s ]
INFO: [ view_filter ] --START--
INFO: Run Behavior\WriteHtmlCacheBehavior [ RunTime:0.000174s ]
INFO: [ view_filter ] --END-- [ RunTime:0.000244s ]
INFO: [ app_end ] --START--
INFO: Run Behavior\ShowPageTraceBehavior [ RunTime:0.000766s ]
INFO: [ app_end ] --END-- [ RunTime:0.000856s ]

[ 2017-06-09T10:35:03+08:00 ] 127.0.0.1 /xh/index.php/Home/user/getUserInfo
INFO: [ app_init ] --START--
INFO: Run Behavior\BuildLiteBehavior [ RunTime:0.000026s ]
INFO: [ app_init ] --END-- [ RunTime:0.000493s ]
INFO: [ app_begin ] --START--
INFO: Run Behavior\ReadHtmlCacheBehavior [ RunTime:0.000641s ]
INFO: [ app_begin ] --END-- [ RunTime:0.000726s ]
NOTIC: [8192] mysql_connect(): The mysql extension is deprecated and will be removed in the future: use mysqli or PDO instead /Applications/MAMP/htdocs/xh/ThinkPHP/Library/Think/Db/Driver/Mysql.class.php 第 52 行.
SQL: SHOW COLUMNS FROM `star_userinfo` [ RunTime:0.007976s ]
SQL: SELECT COUNT(*) AS tp_count FROM `star_userinfo` LIMIT 1   [ RunTime:0.008599s ]
SQL: SELECT * FROM `star_userinfo` LIMIT 0,10   [ RunTime:0.007781s ]

[ 2017-06-09T13:45:11+08:00 ] 127.0.0.1 /xh/index.php/Home/DataSearch/fundList
INFO: [ app_init ] --START--
INFO: Run Behavior\BuildLiteBehavior [ RunTime:0.000024s ]
INFO: [ app_init ] --END-- [ RunTime:0.000528s ]
INFO: [ app_begin ] --START--
INFO: Run Behavior\ReadHtmlCacheBehavior [ RunTime:0.000899s ]
INFO: [ app_begin ] --END-- [ RunTime:0.001043s ]
INFO: [ view_parse ] --START--
INFO: [ template_filter ] --START--
INFO: Run Behavior\ContentReplaceBehavior [ RunTime:0.000132s ]
INFO: [ template_filter ] --END-- [ RunTime:0.000269s ]
NOTIC: [8] Undefined variable: user /Applications/MAMP/htdocs/xh/Application/Runtime/Cache/Home/b0db7525552e936779080593da8780a1.php 第 19 行.
NOTIC: [8] Undefined variable: main /Applications/MAMP/htdocs/xh/Application/Runtime/Cache/Home/b0db7525552e936779080593da8780a1.php 第 73 行.
NOTIC: [8] Undefined variable: actionUrl /Applications/MAMP/htdocs/xh/Application/Runtime/Cache/Home/b0db7525552e936779080593da8780a1.php 第 81 行.
INFO: Run Behavior\ParseTemplateBehavior [ RunTime:0.092022s ]
INFO: [ view_parse ] --END-- [ RunTime:0.092129s ]
INFO: [ view_filter ] --START--
INFO: Run Behavior\WriteHtmlCacheBehavior [ RunTime:0.015991s ]
INFO: [ view_filter ] --END-- [ RunTime:0.016069s ]
INFO: [ app_end ] --START--
INFO: Run Behavior\ShowPageTraceBehavior [ RunTime:0.000660s ]
INFO: [ app_end ] --END-- [ RunTime:0.000738s ]

[ 2017-06-09T13:45:11+08:00 ] 127.0.0.1 /xh/index.php/Home/user/getUserInfo
INFO: [ app_init ] --START--
INFO: Run Behavior\BuildLiteBehavior [ RunTime:0.000015s ]
INFO: [ app_init ] --END-- [ RunTime:0.000323s ]
INFO: [ app_begin ] --START--
INFO: Run Behavior\ReadHtmlCacheBehavior [ RunTime:0.000532s ]
INFO: [ app_begin ] --END-- [ RunTime:0.000599s ]
NOTIC: [8192] mysql_connect(): The mysql extension is deprecated and will be removed in the future: use mysqli or PDO instead /Applications/MAMP/htdocs/xh/ThinkPHP/Library/Think/Db/Driver/Mysql.class.php 第 52 行.
SQL: SHOW COLUMNS FROM `star_userinfo` [ RunTime:0.008164s ]
SQL: SELECT COUNT(*) AS tp_count FROM `star_userinfo` LIMIT 1   [ RunTime:0.006178s ]
SQL: SELECT * FROM `star_userinfo` LIMIT 0,10   [ RunTime:0.008354s ]

[ 2017-06-09T13:48:34+08:00 ] 127.0.0.1 /xh/index.php/Home/DataSearch/fundList
INFO: [ app_init ] --START--
INFO: Run Behavior\BuildLiteBehavior [ RunTime:0.000032s ]
INFO: [ app_init ] --END-- [ RunTime:0.000674s ]
INFO: [ app_begin ] --START--
INFO: Run Behavior\ReadHtmlCacheBehavior [ RunTime:0.001819s ]
INFO: [ app_begin ] --END-- [ RunTime:0.002177s ]
INFO: [ view_parse ] --START--
INFO: [ template_filter ] --START--
INFO: Run Behavior\ContentReplaceBehavior [ RunTime:0.000075s ]
INFO: [ template_filter ] --END-- [ RunTime:0.000161s ]
NOTIC: [8] Undefined variable: user /Applications/MAMP/htdocs/xh/Application/Runtime/Cache/Home/b0db7525552e936779080593da8780a1.php 第 19 行.
NOTIC: [8] Undefined variable: main /Applications/MAMP/htdocs/xh/Application/Runtime/Cache/Home/b0db7525552e936779080593da8780a1.php 第 73 行.
NOTIC: [8] Undefined variable: actionUrl /Applications/MAMP/htdocs/xh/Application/Runtime/Cache/Home/b0db7525552e936779080593da8780a1.php 第 81 行.
INFO: Run Behavior\ParseTemplateBehavior [ RunTime:0.014405s ]
INFO: [ view_parse ] --END-- [ RunTime:0.014498s ]
INFO: [ view_filter ] --START--
INFO: Run Behavior\WriteHtmlCacheBehavior [ RunTime:0.000159s ]
INFO: [ view_filter ] --END-- [ RunTime:0.000210s ]
INFO: [ app_end ] --START--
INFO: Run Behavior\ShowPageTraceBehavior [ RunTime:0.000872s ]
INFO: [ app_end ] --END-- [ RunTime:0.000981s ]

[ 2017-06-09T13:48:34+08:00 ] 127.0.0.1 /xh/index.php/Home/user/getUserInfo
INFO: [ app_init ] --START--
INFO: Run Behavior\BuildLiteBehavior [ RunTime:0.000015s ]
INFO: [ app_init ] --END-- [ RunTime:0.000321s ]
INFO: [ app_begin ] --START--
INFO: Run Behavior\ReadHtmlCacheBehavior [ RunTime:0.000423s ]
INFO: [ app_begin ] --END-- [ RunTime:0.000471s ]
NOTIC: [8192] mysql_connect(): The mysql extension is deprecated and will be removed in the future: use mysqli or PDO instead /Applications/MAMP/htdocs/xh/ThinkPHP/Library/Think/Db/Driver/Mysql.class.php 第 52 行.
SQL: SHOW COLUMNS FROM `star_userinfo` [ RunTime:0.010909s ]
SQL: SELECT COUNT(*) AS tp_count FROM `star_userinfo` LIMIT 1   [ RunTime:0.008395s ]
SQL: SELECT * FROM `star_userinfo` LIMIT 0,10   [ RunTime:0.009325s ]

[ 2017-06-09T13:48:57+08:00 ] 127.0.0.1 /xh/index.php/Home/DataSearch/fundList
INFO: [ app_init ] --START--
INFO: Run Behavior\BuildLiteBehavior [ RunTime:0.000022s ]
INFO: [ app_init ] --END-- [ RunTime:0.000473s ]
INFO: [ app_begin ] --START--
INFO: Run Behavior\ReadHtmlCacheBehavior [ RunTime:0.000533s ]
INFO: [ app_begin ] --END-- [ RunTime:0.000607s ]
INFO: [ view_parse ] --START--
INFO: [ template_filter ] --START--
INFO: Run Behavior\ContentReplaceBehavior [ RunTime:0.000096s ]
INFO: [ template_filter ] --END-- [ RunTime:0.000197s ]
NOTIC: [8] Undefined variable: user /Applications/MAMP/htdocs/xh/Application/Runtime/Cache/Home/b0db7525552e936779080593da8780a1.php 第 19 行.
NOTIC: [8] Undefined variable: main /Applications/MAMP/htdocs/xh/Application/Runtime/Cache/Home/b0db7525552e936779080593da8780a1.php 第 73 行.
NOTIC: [8] Undefined variable: actionUrl /Applications/MAMP/htdocs/xh/Application/Runtime/Cache/Home/b0db7525552e936779080593da8780a1.php 第 81 行.
INFO: Run Behavior\ParseTemplateBehavior [ RunTime:0.015367s ]
INFO: [ view_parse ] --END-- [ RunTime:0.015452s ]
INFO: [ view_filter ] --START--
INFO: Run Behavior\WriteHtmlCacheBehavior [ RunTime:0.000225s ]
INFO: [ view_filter ] --END-- [ RunTime:0.000296s ]
INFO: [ app_end ] --START--
INFO: Run Behavior\ShowPageTraceBehavior [ RunTime:0.000748s ]
INFO: [ app_end ] --END-- [ RunTime:0.000836s ]

[ 2017-06-09T13:48:58+08:00 ] 127.0.0.1 /xh/index.php/Home/user/getUserInfo
INFO: [ app_init ] --START--
INFO: Run Behavior\BuildLiteBehavior [ RunTime:0.000015s ]
INFO: [ app_init ] --END-- [ RunTime:0.000357s ]
INFO: [ app_begin ] --START--
INFO: Run Behavior\ReadHtmlCacheBehavior [ RunTime:0.000866s ]
INFO: [ app_begin ] --END-- [ RunTime:0.000969s ]
NOTIC: [8192] mysql_connect(): The mysql extension is deprecated and will be removed in the future: use mysqli or PDO instead /Applications/MAMP/htdocs/xh/ThinkPHP/Library/Think/Db/Driver/Mysql.class.php 第 52 行.
SQL: SHOW COLUMNS FROM `star_userinfo` [ RunTime:0.009318s ]
SQL: SELECT COUNT(*) AS tp_count FROM `star_userinfo` LIMIT 1   [ RunTime:0.008151s ]
SQL: SELECT * FROM `star_userinfo` LIMIT 0,10   [ RunTime:0.008465s ]

[ 2017-06-09T14:00:07+08:00 ] 127.0.0.1 /xh/index.php/Home/DataSearch/fundList
INFO: [ app_init ] --START--
INFO: Run Behavior\BuildLiteBehavior [ RunTime:0.000032s ]
INFO: [ app_init ] --END-- [ RunTime:0.000858s ]
INFO: [ app_begin ] --START--
INFO: Run Behavior\ReadHtmlCacheBehavior [ RunTime:0.001235s ]
INFO: [ app_begin ] --END-- [ RunTime:0.001520s ]
INFO: [ view_parse ] --START--
INFO: [ template_filter ] --START--
INFO: Run Behavior\ContentReplaceBehavior [ RunTime:0.000085s ]
INFO: [ template_filter ] --END-- [ RunTime:0.000182s ]
NOTIC: [8] Undefined variable: user /Applications/MAMP/htdocs/xh/Application/Runtime/Cache/Home/b0db7525552e936779080593da8780a1.php 第 19 行.
NOTIC: [8] Undefined variable: main /Applications/MAMP/htdocs/xh/Application/Runtime/Cache/Home/b0db7525552e936779080593da8780a1.php 第 73 行.
NOTIC: [8] Undefined variable: actionUrl /Applications/MAMP/htdocs/xh/Application/Runtime/Cache/Home/b0db7525552e936779080593da8780a1.php 第 81 行.
INFO: Run Behavior\ParseTemplateBehavior [ RunTime:0.056631s ]
INFO: [ view_parse ] --END-- [ RunTime:0.056861s ]
INFO: [ view_filter ] --START--
INFO: Run Behavior\WriteHtmlCacheBehavior [ RunTime:0.000138s ]
INFO: [ view_filter ] --END-- [ RunTime:0.000185s ]
INFO: [ app_end ] --START--
INFO: Run Behavior\ShowPageTraceBehavior [ RunTime:0.000695s ]
INFO: [ app_end ] --END-- [ RunTime:0.000763s ]

[ 2017-06-09T14:00:08+08:00 ] 127.0.0.1 /xh/index.php/Home/user/getUserInfo
INFO: [ app_init ] --START--
INFO: Run Behavior\BuildLiteBehavior [ RunTime:0.000017s ]
INFO: [ app_init ] --END-- [ RunTime:0.000368s ]
INFO: [ app_begin ] --START--
INFO: Run Behavior\ReadHtmlCacheBehavior [ RunTime:0.000530s ]
INFO: [ app_begin ] --END-- [ RunTime:0.000600s ]
NOTIC: [8192] mysql_connect(): The mysql extension is deprecated and will be removed in the future: use mysqli or PDO instead /Applications/MAMP/htdocs/xh/ThinkPHP/Library/Think/Db/Driver/Mysql.class.php 第 52 行.
SQL: SHOW COLUMNS FROM `star_userinfo` [ RunTime:0.010042s ]
SQL: SELECT COUNT(*) AS tp_count FROM `star_userinfo` LIMIT 1   [ RunTime:0.009681s ]
SQL: SELECT * FROM `star_userinfo` LIMIT 0,10   [ RunTime:0.009180s ]

[ 2017-06-09T14:09:27+08:00 ] 127.0.0.1 /xh/index.php/Home/DataSearch/fundList
INFO: [ app_init ] --START--
INFO: Run Behavior\BuildLiteBehavior [ RunTime:0.000027s ]
INFO: [ app_init ] --END-- [ RunTime:0.000667s ]
INFO: [ app_begin ] --START--
INFO: Run Behavior\ReadHtmlCacheBehavior [ RunTime:0.000752s ]
INFO: [ app_begin ] --END-- [ RunTime:0.000888s ]
INFO: [ view_parse ] --START--
INFO: [ template_filter ] --START--
INFO: Run Behavior\ContentReplaceBehavior [ RunTime:0.000078s ]
INFO: [ template_filter ] --END-- [ RunTime:0.000158s ]
NOTIC: [8] Undefined variable: user /Applications/MAMP/htdocs/xh/Application/Runtime/Cache/Home/b0db7525552e936779080593da8780a1.php 第 19 行.
NOTIC: [8] Undefined variable: main /Applications/MAMP/htdocs/xh/Application/Runtime/Cache/Home/b0db7525552e936779080593da8780a1.php 第 73 行.
NOTIC: [8] Undefined variable: actionUrl /Applications/MAMP/htdocs/xh/Application/Runtime/Cache/Home/b0db7525552e936779080593da8780a1.php 第 81 行.
INFO: Run Behavior\ParseTemplateBehavior [ RunTime:0.015003s ]
INFO: [ view_parse ] --END-- [ RunTime:0.015087s ]
INFO: [ view_filter ] --START--
INFO: Run Behavior\WriteHtmlCacheBehavior [ RunTime:0.000170s ]
INFO: [ view_filter ] --END-- [ RunTime:0.000225s ]
INFO: [ app_end ] --START--
INFO: Run Behavior\ShowPageTraceBehavior [ RunTime:0.000811s ]
INFO: [ app_end ] --END-- [ RunTime:0.000912s ]

[ 2017-06-09T14:09:27+08:00 ] 127.0.0.1 /xh/index.php/Home/user/getUserInfo
INFO: [ app_init ] --START--
INFO: Run Behavior\BuildLiteBehavior [ RunTime:0.000017s ]
INFO: [ app_init ] --END-- [ RunTime:0.000415s ]
INFO: [ app_begin ] --START--
INFO: Run Behavior\ReadHtmlCacheBehavior [ RunTime:0.000879s ]
INFO: [ app_begin ] --END-- [ RunTime:0.001006s ]
NOTIC: [8192] mysql_connect(): The mysql extension is deprecated and will be removed in the future: use mysqli or PDO instead /Applications/MAMP/htdocs/xh/ThinkPHP/Library/Think/Db/Driver/Mysql.class.php 第 52 行.
SQL: SHOW COLUMNS FROM `tp_star_userinfo` [ RunTime:0.074106s ]
ERR: 1146:Table 'star.tp_star_userinfo' doesn't exist
 [ SQL语句 ] : SHOW COLUMNS FROM `tp_star_userinfo`
SQL: SELECT COUNT(*) AS tp_count FROM `tp_star_userinfo` LIMIT 1   [ RunTime:0.007961s ]
ERR: 1146:Table 'star.tp_star_userinfo' doesn't exist
 [ SQL语句 ] : SELECT COUNT(*) AS tp_count FROM `tp_star_userinfo` LIMIT 1  
SQL: SELECT * FROM `tp_star_userinfo` LIMIT 0,10   [ RunTime:0.008680s ]
ERR: 1146:Table 'star.tp_star_userinfo' doesn't exist
 [ SQL语句 ] : SELECT * FROM `tp_star_userinfo` LIMIT 0,10  
NOTIC: [2] Invalid argument supplied for foreach() /Applications/MAMP/htdocs/xh/Application/Home/Controller/UserController.class.php 第 30 行.
NOTIC: [8] Undefined variable: userIds /Applications/MAMP/htdocs/xh/Application/Home/Controller/UserController.class.php 第 34 行.

[ 2017-06-09T14:14:08+08:00 ] 127.0.0.1 /xh/index.php/Home/DataSearch/fundList
INFO: [ app_init ] --START--
INFO: Run Behavior\BuildLiteBehavior [ RunTime:0.000026s ]
INFO: [ app_init ] --END-- [ RunTime:0.000515s ]
INFO: [ app_begin ] --START--
INFO: Run Behavior\ReadHtmlCacheBehavior [ RunTime:0.000718s ]
INFO: [ app_begin ] --END-- [ RunTime:0.000840s ]
INFO: [ view_parse ] --START--
INFO: [ template_filter ] --START--
INFO: Run Behavior\ContentReplaceBehavior [ RunTime:0.000111s ]
INFO: [ template_filter ] --END-- [ RunTime:0.000238s ]
NOTIC: [8] Undefined variable: user /Applications/MAMP/htdocs/xh/Application/Runtime/Cache/Home/b0db7525552e936779080593da8780a1.php 第 19 行.
NOTIC: [8] Undefined variable: main /Applications/MAMP/htdocs/xh/Application/Runtime/Cache/Home/b0db7525552e936779080593da8780a1.php 第 73 行.
NOTIC: [8] Undefined variable: actionUrl /Applications/MAMP/htdocs/xh/Application/Runtime/Cache/Home/b0db7525552e936779080593da8780a1.php 第 81 行.
INFO: Run Behavior\ParseTemplateBehavior [ RunTime:0.025777s ]
INFO: [ view_parse ] --END-- [ RunTime:0.025999s ]
INFO: [ view_filter ] --START--
INFO: Run Behavior\WriteHtmlCacheBehavior [ RunTime:0.000240s ]
INFO: [ view_filter ] --END-- [ RunTime:0.000323s ]
INFO: [ app_end ] --START--
INFO: Run Behavior\ShowPageTraceBehavior [ RunTime:0.000896s ]
INFO: [ app_end ] --END-- [ RunTime:0.001015s ]

[ 2017-06-09T14:14:09+08:00 ] 127.0.0.1 /xh/index.php/Home/user/getUserInfo
INFO: [ app_init ] --START--
INFO: Run Behavior\BuildLiteBehavior [ RunTime:0.000049s ]
INFO: [ app_init ] --END-- [ RunTime:0.000781s ]
INFO: [ app_begin ] --START--
INFO: Run Behavior\ReadHtmlCacheBehavior [ RunTime:0.000588s ]
INFO: [ app_begin ] --END-- [ RunTime:0.000662s ]
NOTIC: [8192] mysql_connect(): The mysql extension is deprecated and will be removed in the future: use mysqli or PDO instead /Applications/MAMP/htdocs/xh/ThinkPHP/Library/Think/Db/Driver/Mysql.class.php 第 52 行.
SQL: SHOW COLUMNS FROM `tp_star_userinfo` [ RunTime:0.015469s ]
ERR: 1146:Table 'star.tp_star_userinfo' doesn't exist
 [ SQL语句 ] : SHOW COLUMNS FROM `tp_star_userinfo`
SQL: SELECT COUNT(*) AS tp_count FROM `tp_star_userinfo` LIMIT 1   [ RunTime:0.006925s ]
ERR: 1146:Table 'star.tp_star_userinfo' doesn't exist
 [ SQL语句 ] : SELECT COUNT(*) AS tp_count FROM `tp_star_userinfo` LIMIT 1  
SQL: SELECT * FROM `tp_star_userinfo` LIMIT 0,10   [ RunTime:0.007146s ]
ERR: 1146:Table 'star.tp_star_userinfo' doesn't exist
 [ SQL语句 ] : SELECT * FROM `tp_star_userinfo` LIMIT 0,10  
NOTIC: [2] Invalid argument supplied for foreach() /Applications/MAMP/htdocs/xh/Application/Home/Controller/UserController.class.php 第 30 行.
NOTIC: [8] Undefined variable: userIds /Applications/MAMP/htdocs/xh/Application/Home/Controller/UserController.class.php 第 34 行.

[ 2017-06-09T14:29:22+08:00 ] 127.0.0.1 /xh/index.php/Home/DataSearch/fundList
INFO: [ app_init ] --START--
INFO: Run Behavior\BuildLiteBehavior [ RunTime:0.000031s ]
INFO: [ app_init ] --END-- [ RunTime:0.000656s ]
INFO: [ app_begin ] --START--
INFO: Run Behavior\ReadHtmlCacheBehavior [ RunTime:0.000531s ]
INFO: [ app_begin ] --END-- [ RunTime:0.000607s ]
INFO: [ view_parse ] --START--
INFO: [ template_filter ] --START--
INFO: Run Behavior\ContentReplaceBehavior [ RunTime:0.000177s ]
INFO: [ template_filter ] --END-- [ RunTime:0.000408s ]
NOTIC: [8] Undefined variable: user /Applications/MAMP/htdocs/xh/Application/Runtime/Cache/Home/b0db7525552e936779080593da8780a1.php 第 19 行.
NOTIC: [8] Undefined variable: main /Applications/MAMP/htdocs/xh/Application/Runtime/Cache/Home/b0db7525552e936779080593da8780a1.php 第 73 行.
NOTIC: [8] Undefined variable: actionUrl /Applications/MAMP/htdocs/xh/Application/Runtime/Cache/Home/b0db7525552e936779080593da8780a1.php 第 81 行.
INFO: Run Behavior\ParseTemplateBehavior [ RunTime:0.020150s ]
INFO: [ view_parse ] --END-- [ RunTime:0.020213s ]
INFO: [ view_filter ] --START--
INFO: Run Behavior\WriteHtmlCacheBehavior [ RunTime:0.000172s ]
INFO: [ view_filter ] --END-- [ RunTime:0.000222s ]
INFO: [ app_end ] --START--
INFO: Run Behavior\ShowPageTraceBehavior [ RunTime:0.000676s ]
INFO: [ app_end ] --END-- [ RunTime:0.000742s ]

[ 2017-06-09T14:29:23+08:00 ] 127.0.0.1 /xh/index.php/Home/user/getUserInfo
INFO: [ app_init ] --START--
INFO: Run Behavior\BuildLiteBehavior [ RunTime:0.000018s ]
INFO: [ app_init ] --END-- [ RunTime:0.000389s ]
INFO: [ app_begin ] --START--
INFO: Run Behavior\ReadHtmlCacheBehavior [ RunTime:0.000565s ]
INFO: [ app_begin ] --END-- [ RunTime:0.000639s ]
NOTIC: [8192] mysql_connect(): The mysql extension is deprecated and will be removed in the future: use mysqli or PDO instead /Applications/MAMP/htdocs/xh/ThinkPHP/Library/Think/Db/Driver/Mysql.class.php 第 52 行.
SQL: SHOW COLUMNS FROM `star_userinfo` [ RunTime:0.070378s ]
SQL: SELECT COUNT(*) AS tp_count FROM `star_userinfo` LIMIT 1   [ RunTime:0.011108s ]
SQL: SELECT * FROM `star_userinfo` LIMIT 0,10   [ RunTime:0.007712s ]
SQL: SHOW COLUMNS FROM `star_orderlist` [ RunTime:0.007492s ]
ERR: 表达式错误:121

[ 2017-06-09T14:30:15+08:00 ] 127.0.0.1 /xh/index.php/Home/DataSearch/fundList
INFO: [ app_init ] --START--
INFO: Run Behavior\BuildLiteBehavior [ RunTime:0.000030s ]
INFO: [ app_init ] --END-- [ RunTime:0.000670s ]
INFO: [ app_begin ] --START--
INFO: Run Behavior\ReadHtmlCacheBehavior [ RunTime:0.000848s ]
INFO: [ app_begin ] --END-- [ RunTime:0.000969s ]
INFO: [ view_parse ] --START--
INFO: [ template_filter ] --START--
INFO: Run Behavior\ContentReplaceBehavior [ RunTime:0.000380s ]
INFO: [ template_filter ] --END-- [ RunTime:0.000506s ]
NOTIC: [8] Undefined variable: user /Applications/MAMP/htdocs/xh/Application/Runtime/Cache/Home/b0db7525552e936779080593da8780a1.php 第 19 行.
NOTIC: [8] Undefined variable: main /Applications/MAMP/htdocs/xh/Application/Runtime/Cache/Home/b0db7525552e936779080593da8780a1.php 第 73 行.
NOTIC: [8] Undefined variable: actionUrl /Applications/MAMP/htdocs/xh/Application/Runtime/Cache/Home/b0db7525552e936779080593da8780a1.php 第 81 行.
INFO: Run Behavior\ParseTemplateBehavior [ RunTime:0.019335s ]
INFO: [ view_parse ] --END-- [ RunTime:0.019426s ]
INFO: [ view_filter ] --START--
INFO: Run Behavior\WriteHtmlCacheBehavior [ RunTime:0.000222s ]
INFO: [ view_filter ] --END-- [ RunTime:0.000290s ]
INFO: [ app_end ] --START--
INFO: Run Behavior\ShowPageTraceBehavior [ RunTime:0.000782s ]
INFO: [ app_end ] --END-- [ RunTime:0.000862s ]

[ 2017-06-09T14:30:16+08:00 ] 127.0.0.1 /xh/index.php/Home/user/getUserInfo
INFO: [ app_init ] --START--
INFO: Run Behavior\BuildLiteBehavior [ RunTime:0.000016s ]
INFO: [ app_init ] --END-- [ RunTime:0.000323s ]
INFO: [ app_begin ] --START--
INFO: Run Behavior\ReadHtmlCacheBehavior [ RunTime:0.000415s ]
INFO: [ app_begin ] --END-- [ RunTime:0.000464s ]
NOTIC: [8192] mysql_connect(): The mysql extension is deprecated and will be removed in the future: use mysqli or PDO instead /Applications/MAMP/htdocs/xh/ThinkPHP/Library/Think/Db/Driver/Mysql.class.php 第 52 行.
SQL: SHOW COLUMNS FROM `star_userinfo` [ RunTime:0.008944s ]
SQL: SELECT COUNT(*) AS tp_count FROM `star_userinfo` LIMIT 1   [ RunTime:0.008747s ]
SQL: SELECT * FROM `star_userinfo` LIMIT 0,10   [ RunTime:0.009226s ]
SQL: SHOW COLUMNS FROM `star_orderlist` [ RunTime:0.007566s ]
SQL: SELECT * FROM `star_orderlist` WHERE `sell_uid` IN ('121','123','126','142','143','144','145','146','147','150')  [ RunTime:0.032214s ]

[ 2017-06-09T17:25:49+08:00 ] 127.0.0.1 /xh/index.php/Home/DataSearch/fundList
INFO: [ app_init ] --START--
INFO: Run Behavior\BuildLiteBehavior [ RunTime:0.000023s ]
INFO: [ app_init ] --END-- [ RunTime:0.000485s ]
INFO: [ app_begin ] --START--
INFO: Run Behavior\ReadHtmlCacheBehavior [ RunTime:0.000580s ]
INFO: [ app_begin ] --END-- [ RunTime:0.000696s ]
INFO: [ view_parse ] --START--
INFO: [ template_filter ] --START--
INFO: Run Behavior\ContentReplaceBehavior [ RunTime:0.000070s ]
INFO: [ template_filter ] --END-- [ RunTime:0.000141s ]
NOTIC: [8] Undefined variable: user /Applications/MAMP/htdocs/xh/Application/Runtime/Cache/Home/b0db7525552e936779080593da8780a1.php 第 19 行.
NOTIC: [8] Undefined variable: main /Applications/MAMP/htdocs/xh/Application/Runtime/Cache/Home/b0db7525552e936779080593da8780a1.php 第 73 行.
NOTIC: [8] Undefined variable: actionUrl /Applications/MAMP/htdocs/xh/Application/Runtime/Cache/Home/b0db7525552e936779080593da8780a1.php 第 81 行.
INFO: Run Behavior\ParseTemplateBehavior [ RunTime:0.041718s ]
INFO: [ view_parse ] --END-- [ RunTime:0.041791s ]
INFO: [ view_filter ] --START--
INFO: Run Behavior\WriteHtmlCacheBehavior [ RunTime:0.000177s ]
INFO: [ view_filter ] --END-- [ RunTime:0.000234s ]
INFO: [ app_end ] --START--
INFO: Run Behavior\ShowPageTraceBehavior [ RunTime:0.015897s ]
INFO: [ app_end ] --END-- [ RunTime:0.016013s ]

[ 2017-06-09T17:25:50+08:00 ] 127.0.0.1 /xh/index.php/Home/user/getUserInfo
INFO: [ app_init ] --START--
INFO: Run Behavior\BuildLiteBehavior [ RunTime:0.000017s ]
INFO: [ app_init ] --END-- [ RunTime:0.000362s ]
INFO: [ app_begin ] --START--
INFO: Run Behavior\ReadHtmlCacheBehavior [ RunTime:0.000863s ]
INFO: [ app_begin ] --END-- [ RunTime:0.000973s ]
NOTIC: [8192] mysql_connect(): The mysql extension is deprecated and will be removed in the future: use mysqli or PDO instead /Applications/MAMP/htdocs/xh/ThinkPHP/Library/Think/Db/Driver/Mysql.class.php 第 52 行.
SQL: SHOW COLUMNS FROM `star_userinfo` [ RunTime:0.012969s ]
SQL: SELECT COUNT(*) AS tp_count FROM `star_userinfo` LIMIT 1   [ RunTime:0.008454s ]
SQL: SELECT * FROM `star_userinfo` LIMIT 0,10   [ RunTime:0.008349s ]
SQL: SHOW COLUMNS FROM `star_orderlist` [ RunTime:0.008011s ]
SQL: SELECT * FROM `star_orderlist` WHERE `sell_uid` IN ('121','123','126','142','143','144','145','146','147','150') AND `sell_type` = 2 AND `buy_type` = 2  [ RunTime:0.007709s ]
SQL: SELECT * FROM `star_orderlist` WHERE `sell_type` = 2 AND `buy_uid` IN ('121','123','126','142','143','144','145','146','147','150')  [ RunTime:0.007760s ]
NOTIC: [2] Invalid argument supplied for foreach() /Applications/MAMP/htdocs/xh/Application/Home/Controller/UserController.class.php 第 44 行.

[ 2017-06-09T18:31:44+08:00 ] 127.0.0.1 /xh/index.php/Home/DataSearch/fundList
INFO: [ app_init ] --START--
INFO: Run Behavior\BuildLiteBehavior [ RunTime:0.000031s ]
INFO: [ app_init ] --END-- [ RunTime:0.000625s ]
INFO: [ app_begin ] --START--
INFO: Run Behavior\ReadHtmlCacheBehavior [ RunTime:0.000651s ]
INFO: [ app_begin ] --END-- [ RunTime:0.000756s ]
INFO: [ view_parse ] --START--
INFO: [ template_filter ] --START--
INFO: Run Behavior\ContentReplaceBehavior [ RunTime:0.000075s ]
INFO: [ template_filter ] --END-- [ RunTime:0.000154s ]
NOTIC: [8] Undefined variable: user /Applications/MAMP/htdocs/xh/Application/Runtime/Cache/Home/b0db7525552e936779080593da8780a1.php 第 19 行.
NOTIC: [8] Undefined variable: main /Applications/MAMP/htdocs/xh/Application/Runtime/Cache/Home/b0db7525552e936779080593da8780a1.php 第 73 行.
NOTIC: [8] Undefined variable: actionUrl /Applications/MAMP/htdocs/xh/Application/Runtime/Cache/Home/b0db7525552e936779080593da8780a1.php 第 81 行.
INFO: Run Behavior\ParseTemplateBehavior [ RunTime:0.066809s ]
INFO: [ view_parse ] --END-- [ RunTime:0.066985s ]
INFO: [ view_filter ] --START--
INFO: Run Behavior\WriteHtmlCacheBehavior [ RunTime:0.001129s ]
INFO: [ view_filter ] --END-- [ RunTime:0.001479s ]
INFO: [ app_end ] --START--
INFO: Run Behavior\ShowPageTraceBehavior [ RunTime:0.000885s ]
INFO: [ app_end ] --END-- [ RunTime:0.001029s ]

[ 2017-06-09T18:31:45+08:00 ] 127.0.0.1 /xh/index.php/Home/user/getUserInfo
INFO: [ app_init ] --START--
INFO: Run Behavior\BuildLiteBehavior [ RunTime:0.000030s ]
INFO: [ app_init ] --END-- [ RunTime:0.000486s ]
INFO: [ app_begin ] --START--
INFO: Run Behavior\ReadHtmlCacheBehavior [ RunTime:0.002905s ]
INFO: [ app_begin ] --END-- [ RunTime:0.003301s ]
NOTIC: [8192] mysql_connect(): The mysql extension is deprecated and will be removed in the future: use mysqli or PDO instead /Applications/MAMP/htdocs/xh/ThinkPHP/Library/Think/Db/Driver/Mysql.class.php 第 52 行.
SQL: SHOW COLUMNS FROM `star_userinfo` [ RunTime:0.019711s ]
SQL: SELECT COUNT(*) AS tp_count FROM `star_userinfo` LIMIT 1   [ RunTime:0.016066s ]
SQL: SELECT * FROM `star_userinfo` LIMIT 0,10   [ RunTime:0.012844s ]
SQL: SHOW COLUMNS FROM `star_orderlist` [ RunTime:0.008456s ]
SQL: SELECT * FROM `star_orderlist` WHERE `sell_uid` IN ('121','123','126','142','143','144','145','146','147','150') AND `sell_type` = 2 AND `buy_type` = 2  [ RunTime:0.007779s ]
SQL: SELECT * FROM `star_orderlist` WHERE `sell_type` = 2 AND `buy_uid` IN ('121','123','126','142','143','144','145','146','147','150')  [ RunTime:0.009093s ]
NOTIC: [2] Invalid argument supplied for foreach() /Applications/MAMP/htdocs/xh/Application/Home/Controller/UserController.class.php 第 44 行.
NOTIC: [2] Invalid argument supplied for foreach() /Applications/MAMP/htdocs/xh/Application/Home/Controller/UserController.class.php 第 50 行.
NOTIC: [8] Undefined variable: sellPriceSum /Applications/MAMP/htdocs/xh/Application/Home/Controller/UserController.class.php 第 58 行.
NOTIC: [8] Undefined variable: buyPriceSum /Applications/MAMP/htdocs/xh/Application/Home/Controller/UserController.class.php 第 59 行.
NOTIC: [8] Undefined variable: sellPriceSum /Applications/MAMP/htdocs/xh/Application/Home/Controller/UserController.class.php 第 58 行.
NOTIC: [8] Undefined variable: buyPriceSum /Applications/MAMP/htdocs/xh/Application/Home/Controller/UserController.class.php 第 59 行.
NOTIC: [8] Undefined variable: sellPriceSum /Applications/MAMP/htdocs/xh/Application/Home/Controller/UserController.class.php 第 58 行.
NOTIC: [8] Undefined variable: buyPriceSum /Applications/MAMP/htdocs/xh/Application/Home/Controller/UserController.class.php 第 59 行.
NOTIC: [8] Undefined variable: sellPriceSum /Applications/MAMP/htdocs/xh/Application/Home/Controller/UserController.class.php 第 58 行.
NOTIC: [8] Undefined variable: buyPriceSum /Applications/MAMP/htdocs/xh/Application/Home/Controller/UserController.class.php 第 59 行.
NOTIC: [8] Undefined variable: sellPriceSum /Applications/MAMP/htdocs/xh/Application/Home/Controller/UserController.class.php 第 58 行.
NOTIC: [8] Undefined variable: buyPriceSum /Applications/MAMP/htdocs/xh/Application/Home/Controller/UserController.class.php 第 59 行.
NOTIC: [8] Undefined variable: sellPriceSum /Applications/MAMP/htdocs/xh/Application/Home/Controller/UserController.class.php 第 58 行.
NOTIC: [8] Undefined variable: buyPriceSum /Applications/MAMP/htdocs/xh/Application/Home/Controller/UserController.class.php 第 59 行.
NOTIC: [8] Undefined variable: sellPriceSum /Applications/MAMP/htdocs/xh/Application/Home/Controller/UserController.class.php 第 58 行.
NOTIC: [8] Undefined variable: buyPriceSum /Applications/MAMP/htdocs/xh/Application/Home/Controller/UserController.class.php 第 59 行.
NOTIC: [8] Undefined variable: sellPriceSum /Applications/MAMP/htdocs/xh/Application/Home/Controller/UserController.class.php 第 58 行.
NOTIC: [8] Undefined variable: buyPriceSum /Applications/MAMP/htdocs/xh/Application/Home/Controller/UserController.class.php 第 59 行.
NOTIC: [8] Undefined variable: sellPriceSum /Applications/MAMP/htdocs/xh/Application/Home/Controller/UserController.class.php 第 58 行.
NOTIC: [8] Undefined variable: buyPriceSum /Applications/MAMP/htdocs/xh/Application/Home/Controller/UserController.class.php 第 59 行.
NOTIC: [8] Undefined variable: sellPriceSum /Applications/MAMP/htdocs/xh/Application/Home/Controller/UserController.class.php 第 58 行.
NOTIC: [8] Undefined variable: buyPriceSum /Applications/MAMP/htdocs/xh/Application/Home/Controller/UserController.class.php 第 59 行.

[ 2017-06-09T18:33:58+08:00 ] 127.0.0.1 /xh/index.php/Home/DataSearch/fundList
INFO: [ app_init ] --START--
INFO: Run Behavior\BuildLiteBehavior [ RunTime:0.000016s ]
INFO: [ app_init ] --END-- [ RunTime:0.000368s ]
INFO: [ app_begin ] --START--
INFO: Run Behavior\ReadHtmlCacheBehavior [ RunTime:0.000470s ]
INFO: [ app_begin ] --END-- [ RunTime:0.000527s ]
INFO: [ view_parse ] --START--
INFO: [ template_filter ] --START--
INFO: Run Behavior\ContentReplaceBehavior [ RunTime:0.000067s ]
INFO: [ template_filter ] --END-- [ RunTime:0.000140s ]
NOTIC: [8] Undefined variable: user /Applications/MAMP/htdocs/xh/Application/Runtime/Cache/Home/b0db7525552e936779080593da8780a1.php 第 19 行.
NOTIC: [8] Undefined variable: main /Applications/MAMP/htdocs/xh/Application/Runtime/Cache/Home/b0db7525552e936779080593da8780a1.php 第 73 行.
NOTIC: [8] Undefined variable: actionUrl /Applications/MAMP/htdocs/xh/Application/Runtime/Cache/Home/b0db7525552e936779080593da8780a1.php 第 81 行.
INFO: Run Behavior\ParseTemplateBehavior [ RunTime:0.009567s ]
INFO: [ view_parse ] --END-- [ RunTime:0.009617s ]
INFO: [ view_filter ] --START--
INFO: Run Behavior\WriteHtmlCacheBehavior [ RunTime:0.000128s ]
INFO: [ view_filter ] --END-- [ RunTime:0.000172s ]
INFO: [ app_end ] --START--
INFO: Run Behavior\ShowPageTraceBehavior [ RunTime:0.000726s ]
INFO: [ app_end ] --END-- [ RunTime:0.000829s ]

[ 2017-06-09T18:33:58+08:00 ] 127.0.0.1 /xh/index.php/Home/user/getUserInfo
INFO: [ app_init ] --START--
INFO: Run Behavior\BuildLiteBehavior [ RunTime:0.000014s ]
INFO: [ app_init ] --END-- [ RunTime:0.000310s ]
INFO: [ app_begin ] --START--
INFO: Run Behavior\ReadHtmlCacheBehavior [ RunTime:0.000502s ]
INFO: [ app_begin ] --END-- [ RunTime:0.000561s ]
NOTIC: [8192] mysql_connect(): The mysql extension is deprecated and will be removed in the future: use mysqli or PDO instead /Applications/MAMP/htdocs/xh/ThinkPHP/Library/Think/Db/Driver/Mysql.class.php 第 52 行.
SQL: SHOW COLUMNS FROM `star_userinfo` [ RunTime:0.008941s ]
SQL: SELECT COUNT(*) AS tp_count FROM `star_userinfo` LIMIT 1   [ RunTime:0.007737s ]
SQL: SELECT * FROM `star_userinfo` LIMIT 0,10   [ RunTime:0.009136s ]
SQL: SHOW COLUMNS FROM `star_orderlist` [ RunTime:0.008378s ]
SQL: SELECT * FROM `star_orderlist` WHERE `sell_uid` IN ('121','123','126','142','143','144','145','146','147','150') AND `sell_type` = 2 AND `buy_type` = 2  [ RunTime:0.008212s ]
SQL: SELECT * FROM `star_orderlist` WHERE `sell_type` = 2 AND `buy_uid` IN ('121','123','126','142','143','144','145','146','147','150')  [ RunTime:0.009770s ]
NOTIC: [2] Invalid argument supplied for foreach() /Applications/MAMP/htdocs/xh/Application/Home/Controller/UserController.class.php 第 44 行.
NOTIC: [2] Invalid argument supplied for foreach() /Applications/MAMP/htdocs/xh/Application/Home/Controller/UserController.class.php 第 50 行.
NOTIC: [8] Undefined variable: sellPriceSum /Applications/MAMP/htdocs/xh/Application/Home/Controller/UserController.class.php 第 58 行.
NOTIC: [8] Undefined variable: buyPriceSum /Applications/MAMP/htdocs/xh/Application/Home/Controller/UserController.class.php 第 59 行.
NOTIC: [8] Undefined variable: sellPriceSum /Applications/MAMP/htdocs/xh/Application/Home/Controller/UserController.class.php 第 58 行.
NOTIC: [8] Undefined variable: buyPriceSum /Applications/MAMP/htdocs/xh/Application/Home/Controller/UserController.class.php 第 59 行.
NOTIC: [8] Undefined variable: sellPriceSum /Applications/MAMP/htdocs/xh/Application/Home/Controller/UserController.class.php 第 58 行.
NOTIC: [8] Undefined variable: buyPriceSum /Applications/MAMP/htdocs/xh/Application/Home/Controller/UserController.class.php 第 59 行.
NOTIC: [8] Undefined variable: sellPriceSum /Applications/MAMP/htdocs/xh/Application/Home/Controller/UserController.class.php 第 58 行.
NOTIC: [8] Undefined variable: buyPriceSum /Applications/MAMP/htdocs/xh/Application/Home/Controller/UserController.class.php 第 59 行.
NOTIC: [8] Undefined variable: sellPriceSum /Applications/MAMP/htdocs/xh/Application/Home/Controller/UserController.class.php 第 58 行.
NOTIC: [8] Undefined variable: buyPriceSum /Applications/MAMP/htdocs/xh/Application/Home/Controller/UserController.class.php 第 59 行.
NOTIC: [8] Undefined variable: sellPriceSum /Applications/MAMP/htdocs/xh/Application/Home/Controller/UserController.class.php 第 58 行.
NOTIC: [8] Undefined variable: buyPriceSum /Applications/MAMP/htdocs/xh/Application/Home/Controller/UserController.class.php 第 59 行.
NOTIC: [8] Undefined variable: sellPriceSum /Applications/MAMP/htdocs/xh/Application/Home/Controller/UserController.class.php 第 58 行.
NOTIC: [8] Undefined variable: buyPriceSum /Applications/MAMP/htdocs/xh/Application/Home/Controller/UserController.class.php 第 59 行.
NOTIC: [8] Undefined variable: sellPriceSum /Applications/MAMP/htdocs/xh/Application/Home/Controller/UserController.class.php 第 58 行.
NOTIC: [8] Undefined variable: buyPriceSum /Applications/MAMP/htdocs/xh/Application/Home/Controller/UserController.class.php 第 59 行.
NOTIC: [8] Undefined variable: sellPriceSum /Applications/MAMP/htdocs/xh/Application/Home/Controller/UserController.class.php 第 58 行.
NOTIC: [8] Undefined variable: buyPriceSum /Applications/MAMP/htdocs/xh/Application/Home/Controller/UserController.class.php 第 59 行.
NOTIC: [8] Undefined variable: sellPriceSum /Applications/MAMP/htdocs/xh/Application/Home/Controller/UserController.class.php 第 58 行.
NOTIC: [8] Undefined variable: buyPriceSum /Applications/MAMP/htdocs/xh/Application/Home/Controller/UserController.class.php 第 59 行.

[ 2017-06-09T18:35:20+08:00 ] 127.0.0.1 /xh/index.php/Home/DataSearch/fundList
INFO: [ app_init ] --START--
INFO: Run Behavior\BuildLiteBehavior [ RunTime:0.000015s ]
INFO: [ app_init ] --END-- [ RunTime:0.000331s ]
INFO: [ app_begin ] --START--
INFO: Run Behavior\ReadHtmlCacheBehavior [ RunTime:0.000426s ]
INFO: [ app_begin ] --END-- [ RunTime:0.000479s ]
INFO: [ view_parse ] --START--
INFO: [ template_filter ] --START--
INFO: Run Behavior\ContentReplaceBehavior [ RunTime:0.000069s ]
INFO: [ template_filter ] --END-- [ RunTime:0.000141s ]
NOTIC: [8] Undefined variable: user /Applications/MAMP/htdocs/xh/Application/Runtime/Cache/Home/b0db7525552e936779080593da8780a1.php 第 19 行.
NOTIC: [8] Undefined variable: main /Applications/MAMP/htdocs/xh/Application/Runtime/Cache/Home/b0db7525552e936779080593da8780a1.php 第 73 行.
NOTIC: [8] Undefined variable: actionUrl /Applications/MAMP/htdocs/xh/Application/Runtime/Cache/Home/b0db7525552e936779080593da8780a1.php 第 81 行.
INFO: Run Behavior\ParseTemplateBehavior [ RunTime:0.010495s ]
INFO: [ view_parse ] --END-- [ RunTime:0.010547s ]
INFO: [ view_filter ] --START--
INFO: Run Behavior\WriteHtmlCacheBehavior [ RunTime:0.000141s ]
INFO: [ view_filter ] --END-- [ RunTime:0.000187s ]
INFO: [ app_end ] --START--
INFO: Run Behavior\ShowPageTraceBehavior [ RunTime:0.000763s ]
INFO: [ app_end ] --END-- [ RunTime:0.000863s ]

[ 2017-06-09T18:35:21+08:00 ] 127.0.0.1 /xh/index.php/Home/user/getUserInfo
INFO: [ app_init ] --START--
INFO: Run Behavior\BuildLiteBehavior [ RunTime:0.000016s ]
INFO: [ app_init ] --END-- [ RunTime:0.000345s ]
INFO: [ app_begin ] --START--
INFO: Run Behavior\ReadHtmlCacheBehavior [ RunTime:0.000538s ]
INFO: [ app_begin ] --END-- [ RunTime:0.000611s ]
NOTIC: [8192] mysql_connect(): The mysql extension is deprecated and will be removed in the future: use mysqli or PDO instead /Applications/MAMP/htdocs/xh/ThinkPHP/Library/Think/Db/Driver/Mysql.class.php 第 52 行.
SQL: SHOW COLUMNS FROM `star_userinfo` [ RunTime:0.010327s ]
SQL: SELECT COUNT(*) AS tp_count FROM `star_userinfo` LIMIT 1   [ RunTime:0.009479s ]
SQL: SELECT * FROM `star_userinfo` LIMIT 0,10   [ RunTime:0.009547s ]
SQL: SHOW COLUMNS FROM `star_orderlist` [ RunTime:0.009892s ]
SQL: SELECT * FROM `star_orderlist` WHERE `sell_uid` IN ('121','123','126','142','143','144','145','146','147','150') AND `sell_type` = 2 AND `buy_type` = 2  [ RunTime:0.009509s ]
SQL: SELECT * FROM `star_orderlist` WHERE `sell_type` = 2 AND `buy_uid` IN ('121','123','126','142','143','144','145','146','147','150')  [ RunTime:0.009026s ]
NOTIC: [2] Invalid argument supplied for foreach() /Applications/MAMP/htdocs/xh/Application/Home/Controller/UserController.class.php 第 44 行.
NOTIC: [2] Invalid argument supplied for foreach() /Applications/MAMP/htdocs/xh/Application/Home/Controller/UserController.class.php 第 50 行.
NOTIC: [8] Undefined variable: sellPriceSum /Applications/MAMP/htdocs/xh/Application/Home/Controller/UserController.class.php 第 58 行.
NOTIC: [8] Undefined variable: buyPriceSum /Applications/MAMP/htdocs/xh/Application/Home/Controller/UserController.class.php 第 59 行.
NOTIC: [8] Undefined variable: sellPriceSum /Applications/MAMP/htdocs/xh/Application/Home/Controller/UserController.class.php 第 58 行.
NOTIC: [8] Undefined variable: buyPriceSum /Applications/MAMP/htdocs/xh/Application/Home/Controller/UserController.class.php 第 59 行.
NOTIC: [8] Undefined variable: sellPriceSum /Applications/MAMP/htdocs/xh/Application/Home/Controller/UserController.class.php 第 58 行.
NOTIC: [8] Undefined variable: buyPriceSum /Applications/MAMP/htdocs/xh/Application/Home/Controller/UserController.class.php 第 59 行.
NOTIC: [8] Undefined variable: sellPriceSum /Applications/MAMP/htdocs/xh/Application/Home/Controller/UserController.class.php 第 58 行.
NOTIC: [8] Undefined variable: buyPriceSum /Applications/MAMP/htdocs/xh/Application/Home/Controller/UserController.class.php 第 59 行.
NOTIC: [8] Undefined variable: sellPriceSum /Applications/MAMP/htdocs/xh/Application/Home/Controller/UserController.class.php 第 58 行.
NOTIC: [8] Undefined variable: buyPriceSum /Applications/MAMP/htdocs/xh/Application/Home/Controller/UserController.class.php 第 59 行.
NOTIC: [8] Undefined variable: sellPriceSum /Applications/MAMP/htdocs/xh/Application/Home/Controller/UserController.class.php 第 58 行.
NOTIC: [8] Undefined variable: buyPriceSum /Applications/MAMP/htdocs/xh/Application/Home/Controller/UserController.class.php 第 59 行.
NOTIC: [8] Undefined variable: sellPriceSum /Applications/MAMP/htdocs/xh/Application/Home/Controller/UserController.class.php 第 58 行.
NOTIC: [8] Undefined variable: buyPriceSum /Applications/MAMP/htdocs/xh/Application/Home/Controller/UserController.class.php 第 59 行.
NOTIC: [8] Undefined variable: sellPriceSum /Applications/MAMP/htdocs/xh/Application/Home/Controller/UserController.class.php 第 58 行.
NOTIC: [8] Undefined variable: buyPriceSum /Applications/MAMP/htdocs/xh/Application/Home/Controller/UserController.class.php 第 59 行.
NOTIC: [8] Undefined variable: sellPriceSum /Applications/MAMP/htdocs/xh/Application/Home/Controller/UserController.class.php 第 58 行.
NOTIC: [8] Undefined variable: buyPriceSum /Applications/MAMP/htdocs/xh/Application/Home/Controller/UserController.class.php 第 59 行.
NOTIC: [8] Undefined variable: sellPriceSum /Applications/MAMP/htdocs/xh/Application/Home/Controller/UserController.class.php 第 58 行.
NOTIC: [8] Undefined variable: buyPriceSum /Applications/MAMP/htdocs/xh/Application/Home/Controller/UserController.class.php 第 59 行.

